 --------------------------------
 AVL - B O O S T
 Version:        v2019.2.0.0.0
 Build:          Sep 30 2019 22:44:23
 Git Build Hash: be28b9261d560946c8b3a40b85f0245f4d0c8e85
 System:         x86_64-unknown-winnt_i16v15
 --------------------------------

LICENSE
-------
 sys_1DCFD_solver 2019.0@ License will expire in 279 days

PROJECT
-------
 Preprocessor Version :  2019.2
 Calculation date     : 27.03.2020
 File     : ravna_primerjava.bst
 Case Set : "dolzina"
 Case     : "Case 21"
 
 Project ID: ""
 Run ID:     ""
 Model date: "5. Mar 2020 08:55:39"

ELEMENTS
--------
 Element Name        Number

 PIPE                   6
 SYSTEMBOUNDARY         2
 VARIABLE_PLENUM        1
 CYLINDER               1
 RESTRICTION            1
 ROTARYVALVE            1
 FUELINJECTOR           1
 MEASURINGPOINT         4
 ENGINE                 1
 PIPE_END              12
 ALL_PIPES              6
 ALL_PLENUMS            1
 ALL_BOUNDARIES         2
 RESTRICTIONS           3
 ALL_PIDS               1
 PIPE_VAR_WALL_TEMP     6

GLOBAL DATA
-----------
  Engine Speed :         3000.0  rpm
  Calculationmode:        BOOST  Single
  Cycle Duration:        360.00  degrees
  Max. calc. period:   36000.00  degrees
  Cycles calculated:        100  cycles
  Calc. time steps:     0.73888  degrees (max)
                        0.70668  degrees
                        0.03926  ms
                        0.65812  degrees (short pipe)
                        0.03656  ms (short pipe)
  Traces results step:  3.00000  degrees
  User concentrations:        0
  Ref. pressure:      100000.00  Pa
  Ref. temperature:     298.000  K
  Gas properties:      Variable
  Gasproperties File:     GASOLINE.BGP
     bgp_build_version:   v2013.0.0.0.0
     bgp_build_host:      boosthost
     bgp_build_user:      boost
     bgp_build_date:      2012.03.23
     bgp_build_time:      08:00:00
  Lower calorific:  0.43500E+08  J/kg
  Stoic. A/F-ratio:      14.500

  Warnings:                   0
  Convergence errors:         0

PIPES
-----

 Total number of pipe cells:     37

 Pipe   Cells   Cell size       W.Heat     Wall T    Fric. coeff.   Lam. Fric. Coeff.  Heat Factor       Volume
  nr.                [mm]         [kJ]        [K]             [-]                 [-]          [-]        [dm3]
    1       4        26.5        0.000     300.00        0.019000           64.000000     1.000000     0.033301
    2       1        30.0       -0.000     300.00        0.019000           64.000000     1.000000     0.005301
    3       1        30.0       -0.001     300.00        0.019000           64.000000     1.000000     0.005301
    4       4        25.0        0.000     300.00        0.019000           64.000000     1.000000     0.031416
    5       1        30.0        0.000     300.00        0.019000           64.000000     1.000000     0.009425
    6      26        24.8       -0.015     300.00        0.019000           64.000000     1.000000     0.982040


MEASURINGPOINTS: Average Values
-------------------------------
 Mp. Pipe Location   Diameter  Pressure  Temp. Ms.Temp.  Velo.   Massflow   Massflow To.Ent.f.  To.Ent.f.  Mach. Wtemp.  Converg.
 nr.  nr.     [mm]       [mm]     [bar]    [K]      [K]  [m/s]      [g/s]  [g/cycle]    [kJ/s]  [kJ/cyc.]    [-]    [K]       [-]
  1   2     0.0000    15.0000    0.9971  299.5    301.4   11.0     2.4804     0.0496     0.017     0.0003   0.03  300.0 0.147E-07
  2   6     0.0000    44.0000    1.0020  565.2    702.9    3.5     2.4792     0.0496     5.470     0.1094   0.01  300.0 0.170E-05
  3   6   100.0000    44.0000    1.0015  665.3    669.4    3.3     2.4812     0.0496     5.366     0.1073   0.01  300.0 0.121E-04
  4   6   632.6531    44.0000    1.0014  468.9    462.5    1.8     2.4779     0.0496     4.725     0.0945   0.00  300.0 0.112E-04

SYSTEMBOUNDARIES
Attachments
-----------
 Type                 Nr.   Pipe       Mass flow
                             Nr.       [g/cycle]
 SYSTEMBOUNDARY        1      1          0.0445
 SYSTEMBOUNDARY        2      6          0.0496

PLENUMS: Average Values
-----------------------
                   Pl. Pressure   Temp.      Mass Wallheat
                   nr.    [bar]     [K]       [g]     [kJ]
 VARIABLE_PLENUM    1    1.0024  299.70     0.634    0.000
                                          Attached pipe   2:      0.0496 g/cycle
                                          Attached pipe   5:      0.0496 g/cycle

PLENUMS
Attachments
-----------
 Type                 Nr.   Pipe       Mass flow
                             Nr.       [g/cycle]
 VARIABLE_PLENUM       1      2          0.0496
 VARIABLE_PLENUM       1      5          0.0496

VARIABLE PLENUMS: Average Values
--------------------------------
 Pl. Pressure   Temp.      Mass Wallheat  Vol.work  Volume
 nr.    [bar]     [K]       [g]     [kJ]      [kJ]     [l]
  1    1.0024  299.70     0.634    0.000    -0.001    0.51
                                                           Attached pipe   2:      0.0496 g/cycle
                                                           Attached pipe   5:      0.0496 g/cycle

CYLINDERS: Average Values
-------------------------
                               Total
                              Engine         Cyl.   1
Firing TDC [deg]                                  0.00
Bore [mm]                                        37.80
Stroke [mm]                                      43.00
Conrodl. [mm]                                    90.00
Piston pin offset [mm]                            0.00
Swept Vol. [l]                   0.0483         0.0483
Dyn. Comp. ratio [-]                              7.85

Combustion Data:
----------------
Combustion Char.                                  Vibe     
Comb.start [deg]                                 -9.00
Vibe Parameter a [-]                             6.900
Vibe Param. m 1 [-]                              1.860
Peak Fir.Pres. [bar]              42.45          42.45
at Crankangle [deg]               16.26          16.26
Peak Pres.Rise[bar/deg]            1.86           1.86
at Crankangle [deg]                5.91           5.91
Peak Fir. Temp. [K]             2012.14        2012.14
at Crankangle [deg]               20.69          20.69

Performance:
------------
Rel. to Ave. [-]                                1.0000
BMEP [bar]                       5.3170         5.3170
AMEP;SMEP [bar]                  0.1127         0.1127
ISFC [g/kWh]                   571.0524       571.0524
Rel. to Ave. [-]                                1.0000
ISFC (tr.f.) [g/kWh]           444.6414       444.6414
BSFC [g/kWh]                   706.6699       706.6699
Indicated Eff. [-]               0.1861         0.1861
Iso vol. comb. Eff [-]           0.9664         0.9664
Polytropic Coeff. [-]                           1.2947

Fuel Mass Balance:
------------------
Inj. Fuelmass [g]              0.000000       0.000000
Asp.Trap. Fuelmass [g]         0.003922       0.003922
Fuelmassfl.(A+I) [g/s]         0.251821       0.251821
Fuelmass tot.trap. [g]         0.003922       0.003922
Trapped Fuelm.fl.[g/s]         0.196076       0.196076
Trapp. Eff. Fuel [-]             0.7786         0.7786

Energy Balance Cylinder:
------------------------
Fuel Energy [kJ]                0.17064        0.17064
Released Energy [kJ]            0.17040        0.17040
-> Brake Power     [%]           15.057         15.057
-> Loss: Friction  [%]            3.257          3.257
-> Loss: Piston    [%]            6.270          6.270
-> Loss: Head      [%]            8.281          8.281
-> Loss: Liner     [%]            2.311          2.311
-> Loss: Int. Port [%]            0.000          0.000
-> Loss: Exh. Port [%]            0.000          0.000
-> Loss: Exh. Gas  [%]           64.446         64.446
Eff. Rel. Energy [kJ]           0.08547        0.08547
Gross Rel. Energy [kJ]          0.17040        0.17040
Eff.Gross Rel.Ener.[kJ]         0.08547        0.08547
Energy Balance [-]               0.9986         0.9986
Eff. Energy Balance [-]          0.5009         0.5009

Blowby:
-------
Blowbymass [g]                 0.000000       0.000000
Blowbymassfl. [g/s]            0.000000       0.000000
Blowby Heat Flow [kJ]          0.000000       0.000000

Reference Values at Start of High Pressure:
-------------------------------------------
Pressure at SHP[bar]             1.2015         1.2015
Temperature [K]                  405.58         405.58
Air Massfl.  [g/s]             2.227192       2.227192
Fuel Massfl. [g/s]             0.251821       0.251821
Trapp. Eff. Air [-]              0.7786         0.7786
Trapp. Eff.Fuel [-]              0.7786         0.7786
A/F-Ratio (Cmb.) [-]               8.84           8.84
Excess Air Ratio [-]             0.6100         0.6100

Reference Values at Start Of Combustion:
----------------------------------------
Pressure [bar]                  15.7712        15.7712
Temperature [K]                  724.96         724.96

Residual Gas:
-------------
Res.gas content [-]              0.1551         0.1551
External EGR [-]                 0.0000         0.0000
Internal EGR [-]                 0.1551         0.1551
Com.Prod.Mass. at EO [g]       0.045651       0.045651
Res.gas mass at SHP [g]        0.007088       0.007088
Res.gas aspirated IN [g]       0.000000       0.000000
Res.gas from intake [g]        0.000032       0.000032
Rel. to Total [-]                0.0045         0.0045
Res.gas flow EX [g]            0.038565       0.038565
Res.gas from exhaust [g]       0.000235       0.000235
Rel. to Total [-]                0.0332         0.0332

Gas Exchange:
-------------
Volumetric Eff. [-]              0.6149         0.6149
Rel. to Ave. [-]                                1.0000
Total Mass at SHP[g]             0.0457         0.0457
Mass Delivered [g]              0.04958        0.04958
Mass Delivered [g/s]            2.47901        2.47901
Delivery Ratio [-]               0.8791         0.8791
Rel. to Ave. [-]                                1.0000
Av.Airmass at SHP[g]             0.0347         0.0347
Air Delivered [g]               0.04454        0.04454
Air Delivered [g/s]             2.22719        2.22719
Airdeliveryratio [-]             0.7898         0.7898
Rel. to Ave. [-]                                1.0000
Airmass Trapped [g]             0.03468        0.03468
Airmass Trapped [g/s]           1.73418        1.73418
Trapp. Eff. Air [-]              0.7786         0.7786
Rel. to Ave. [-]                                1.0000
Airpurity [-]                    0.7591         0.7591
Dyn. Swirl [-]                   0.0000         0.0000
Dyn. Tumble [-]                  0.0000         0.0000

Wall Heatlosses:
----------------
Piston [kJ]                     -0.0107        -0.0107
Piston Temperature [K]                          570.00
Cylinderhead [kJ]              -0.01411       -0.01411
Head Temperature [K]                            500.00
Cylinderliner [kJ]             -0.00394       -0.00394
LinerTDC Temperature [K]                        470.00
LinerBDC Temperature [K]                        390.00
Sum of Wallheat [kJ]           -0.02873       -0.02873
Wall Heatlosses in High Pressure Phase:
Piston HP [kJ]                 -0.01065       -0.01065
Cylinderhead HP [kJ]           -0.01387       -0.01387
Cylinderliner HP [kJ]          -0.00324       -0.00324
Sum of Wallheat HP [kJ]        -0.02776       -0.02776
Wall Heatlosses Related to Heatinput:
Piston [-]                      -0.0626        -0.0626
Cylinderhead [-]                -0.0827        -0.0827
Cylinderliner [-]               -0.0231        -0.0231
Sum of Wallheat [-]             -0.1684        -0.1684
M. Eff. HTC [W/m2/K]             332.63         332.63
M. Eff. Temp. [K]               1268.12        1268.12

Reference Values at EO:
-----------------------
Pressure [bar]                     3.59           3.59
Temperature [K]                 1040.14        1040.14
A/F-Ratio [-]                      8.85           8.85
Com.Prod.Conc. [-]              0.99916        0.99916
Fuel Concentr. [-]             0.000085       0.000085

Average Values of Pipeattachements:
-----------------------------------
 Attached Pipe                                       2
Vlv/Prt.Op.Eff.0mm[deg]                         138.76
Vlv/Prt.Cl.Eff.0mm[deg]                         221.38
Massflow [g/cycle]                            0.049580
Wallheat [kJ/cycle]                           0.000000
 Attached Pipe                                       3
Vlv/Prt.Op.Eff.0mm[deg]                         114.53
Vlv/Prt.Cl.Eff.0mm[deg]                         245.02
Massflow [g/cycle]                            0.049579
Wallheat [kJ/cycle]                           0.000000

FLOWRESTRICTIONS: Average Values
--------------------------------
 Flr. Att.Pi.  Massflow  Att.Pi.  Massflow
  nr.  number [g/cycle]   number [g/cycle]
    1       3    0.0496        6    0.0496

ROTARYVALVES: Average Values
----------------------------
 RVl. Att.Pi.  Massflow  Att.Pi.  Massflow
  nr.  number [g/cycle]   number [g/cycle]
    1       4    0.0496        5    0.0496

FUELINJECTORS: Average Values
-----------------------------
 Inj. Att.Pi.  Massflow  Att.Pi.  Massflow Added Fuel
  nr.  number [g/cycle]   number [g/cycle]  [g/cycle]
    1       1    0.0445        4    0.0496     0.0051

OVERALL ENGINE PERFORMANCE:
===========================

Indicated Torque          :      5.05 Nm                    Indicated Specific Torque :    104.72 Nm/l
Indicated Power           :      1.59 kW,         2.16 PS   Indicated Specific Power  :     32.90 kW/l,      44.73 PS/l
Auxiliary Drives Torque   :      0.09 Nm                    Auxiliary Drives Power    :      0.03 kW
Friction Torque           :      0.88 Nm                    Friction Power            :      0.28 kW
Effective Torque          :      4.08 Nm                    Effective Specific Torque :     84.62 Nm/l
Effective Power           :      1.28 kW,         1.74 PS   Effective Specific Power  :     26.58 kW/l,      36.15 PS/l

Required time for reading the inputfile and initialisation:       0.05 min
Required time for the calculation: .........................      0.17 min
Required time for writing the outputfile: ..................      0.00 min
Required total time: .......................................      0.22 min
Required total CPU-time: ...................................     10.34 sec
