BOOST Python job started.
Fri, 27 Mar 2020 21:54:06
    AAA    VV   VV  LL        BBBBBB    OOOOO    OOOOO    SSSSS  TTTTTTTT
   AAAAA   VV   VV  LL        BBBBBBB  OOOOOOO  OOOOOOO  SSSSSS  TTTTTTTT
  AA   AA  VV   VV  LL        BB   BB  OO   OO  OO   OO  SS         TT
  AAAAAAA  VV   VV  LL        BBBBBB   OO   OO  OO   OO  SSSSSS     TT
  AAAAAAA  VVV VVV  LL        BB   BB  OO   OO  OO   OO      SS     TT
  AA   AA   VVVVV   LLLLL     BBBBBBB  OOOOOOO  OOOOOOO  SSSSSS     TT
  AA   AA    VVV    LLLLL     BBBBBB    OOOOO    OOOOO   SSSSS      TT

  V E R S I O N   v2019.2.0.0.0
  AVL - Advanced Simulation Technologies
  Platform: x86_64-unknown-winnt_i16v15
  Build date: Sep 30 2019 22:44:23
  Git build hash: be28b9261d560946c8b3a40b85f0245f4d0c8e85

  System date: 27.03.2020


  input file name:     ravna_primerjava.bst
  sys_1DCFD_solver License will expire in 279 days

  Starting calculation
  -------------------------------
   Cycle   IMEP [bar] of cylinder
  compl.       1
  -------------------------------
       2    2.19
       3    1.87
       4    2.59
       5    3.61
       6    4.09
       7    4.66
       8    5.13
       9    5.51
      10    5.89
      11    6.16
      12    6.44
      13    6.52
      14    6.48
      15    6.65
      16    6.47
      17    6.59
      18    6.68
      19    6.49
      20    6.75
      21    6.67
      22    6.53
      23    6.68
      24    6.66
      25    6.67
      26    6.73
      27    6.75
      28    6.72
      29    6.83
      30    6.39
      31    6.59
      32    6.77
      33    6.76
      34    6.76
      35    6.78
      36    6.80
      37    6.77
      38    6.74
      39    6.68
      40    6.59
      41    6.42
      42    6.16
      43    5.88
      44    5.53
      45    5.08
      46    4.54
      47    3.98
      48    3.54
      49    3.31
      50    3.21
      51    3.31
      52    3.57
      53    3.98
      54    4.38
      55    4.60
      56    4.68
      57    4.59
      58    4.44
      59    4.29
      60    4.19
      61    4.10
      62    4.08
      63    4.07
      64    4.09
      65    4.11
      66    4.13
      67    4.14
      68    4.14
      69    4.13
      70    4.13
      71    4.12
      72    4.12
      73    4.12
      74    4.11
      75    4.10
      76    4.09
      77    4.07
      78    4.04
      79    4.03
      80    4.02
      81    4.02
      82    4.02
      83    4.03
      84    4.04
      85    4.04
      86    4.04
      87    4.04
      88    4.03
      89    4.02
      90    4.00
      91    3.97
      92    3.95
      93    3.94
      94    3.92
      95    3.91
      96    3.91
      97    3.92
      98    3.93
      99    3.93
     100    3.96
  53 warning(s) issued. Please check messages.
  Successful finish for ravna_primerjava.bst

Results tree writer (Boost PPD writer) 2019 R2
Impress chart results tree generation completed.
Result unpacker (boost_unpack) v2019 R2
Results unpacking completed. 
Fri, 27 Mar 2020 21:54:25
BOOST Python job completed.
