 --------------------------------
 AVL - B O O S T
 Version:        v2019.2.0.0.0
 Build:          Sep 30 2019 22:44:23
 Git Build Hash: be28b9261d560946c8b3a40b85f0245f4d0c8e85
 System:         x86_64-unknown-winnt_i16v15
 --------------------------------

LICENSE
-------
 sys_1DCFD_solver 2019.0@ License will expire in 279 days

PROJECT
-------
 Preprocessor Version :  2019.2
 Calculation date     : 27.03.2020
 File     : ravna_primerjava.bst
 Case Set : "dolzina"
 Case     : "Case 20"
 
 Project ID: ""
 Run ID:     ""
 Model date: "5. Mar 2020 08:55:39"

ELEMENTS
--------
 Element Name        Number

 PIPE                   6
 SYSTEMBOUNDARY         2
 VARIABLE_PLENUM        1
 CYLINDER               1
 RESTRICTION            1
 ROTARYVALVE            1
 FUELINJECTOR           1
 MEASURINGPOINT         4
 ENGINE                 1
 PIPE_END              12
 ALL_PIPES              6
 ALL_PLENUMS            1
 ALL_BOUNDARIES         2
 RESTRICTIONS           3
 ALL_PIDS               1
 PIPE_VAR_WALL_TEMP     6

GLOBAL DATA
-----------
  Engine Speed :         3000.0  rpm
  Calculationmode:        BOOST  Single
  Cycle Duration:        360.00  degrees
  Max. calc. period:   36000.00  degrees
  Cycles calculated:        100  cycles
  Calc. time steps:     0.73888  degrees (max)
                        0.70436  degrees
                        0.03913  ms
                        0.65999  degrees (short pipe)
                        0.03667  ms (short pipe)
  Traces results step:  3.00000  degrees
  User concentrations:        0
  Ref. pressure:      100000.00  Pa
  Ref. temperature:     298.000  K
  Gas properties:      Variable
  Gasproperties File:     GASOLINE.BGP
     bgp_build_version:   v2013.0.0.0.0
     bgp_build_host:      boosthost
     bgp_build_user:      boost
     bgp_build_date:      2012.03.23
     bgp_build_time:      08:00:00
  Lower calorific:  0.43500E+08  J/kg
  Stoic. A/F-ratio:      14.500

  Warnings:                   0
  Convergence errors:         0

PIPES
-----

 Total number of pipe cells:     46

 Pipe   Cells   Cell size       W.Heat     Wall T    Fric. coeff.   Lam. Fric. Coeff.  Heat Factor       Volume
  nr.                [mm]         [kJ]        [K]             [-]                 [-]          [-]        [dm3]
    1       4        26.5        0.000     300.00        0.019000           64.000000     1.000000     0.033301
    2       1        30.0       -0.000     300.00        0.019000           64.000000     1.000000     0.005301
    3       1        30.0       -0.001     300.00        0.019000           64.000000     1.000000     0.005301
    4       4        25.0        0.000     300.00        0.019000           64.000000     1.000000     0.031416
    5       1        30.0        0.000     300.00        0.019000           64.000000     1.000000     0.009425
    6      35        25.1       -0.017     300.00        0.019000           64.000000     1.000000     1.161358


MEASURINGPOINTS: Average Values
-------------------------------
 Mp. Pipe Location   Diameter  Pressure  Temp. Ms.Temp.  Velo.   Massflow   Massflow To.Ent.f.  To.Ent.f.  Mach. Wtemp.  Converg.
 nr.  nr.     [mm]       [mm]     [bar]    [K]      [K]  [m/s]      [g/s]  [g/cycle]    [kJ/s]  [kJ/cyc.]    [-]    [K]       [-]
  1   2     0.0000    15.0000    0.9985  299.4    302.3   11.1     2.5273     0.0505     0.017     0.0003   0.03  300.0 0.564E-08
  2   6     0.0000    41.0000    1.0018  546.9    693.4    4.0     2.5278     0.0506     5.002     0.1000   0.01  300.0 0.221E-06
  3   6   100.0000    41.0000    1.0015  660.0    663.3    4.0     2.5289     0.0506     4.907     0.0981   0.01  300.0 0.980E-06
  4   6   867.3469    41.0000    1.0012  453.2    418.6    1.9     2.5261     0.0505     4.128     0.0826   0.00  300.0 0.721E-05

SYSTEMBOUNDARIES
Attachments
-----------
 Type                 Nr.   Pipe       Mass flow
                             Nr.       [g/cycle]
 SYSTEMBOUNDARY        1      1          0.0455
 SYSTEMBOUNDARY        2      6          0.0506

PLENUMS: Average Values
-----------------------
                   Pl. Pressure   Temp.      Mass Wallheat
                   nr.    [bar]     [K]       [g]     [kJ]
 VARIABLE_PLENUM    1    1.0030  299.73     0.633    0.000
                                          Attached pipe   2:      0.0506 g/cycle
                                          Attached pipe   5:      0.0506 g/cycle

PLENUMS
Attachments
-----------
 Type                 Nr.   Pipe       Mass flow
                             Nr.       [g/cycle]
 VARIABLE_PLENUM       1      2          0.0506
 VARIABLE_PLENUM       1      5          0.0506

VARIABLE PLENUMS: Average Values
--------------------------------
 Pl. Pressure   Temp.      Mass Wallheat  Vol.work  Volume
 nr.    [bar]     [K]       [g]     [kJ]      [kJ]     [l]
  1    1.0030  299.73     0.633    0.000    -0.001    0.51
                                                           Attached pipe   2:      0.0506 g/cycle
                                                           Attached pipe   5:      0.0506 g/cycle

CYLINDERS: Average Values
-------------------------
                               Total
                              Engine         Cyl.   1
Firing TDC [deg]                                  0.00
Bore [mm]                                        37.80
Stroke [mm]                                      43.00
Conrodl. [mm]                                    90.00
Piston pin offset [mm]                            0.00
Swept Vol. [l]                   0.0483         0.0483
Dyn. Comp. ratio [-]                              7.85

Combustion Data:
----------------
Combustion Char.                                  Vibe     
Comb.start [deg]                                 -9.00
Vibe Parameter a [-]                             6.900
Vibe Param. m 1 [-]                              1.860
Peak Fir.Pres. [bar]              40.39          40.39
at Crankangle [deg]               16.26          16.26
Peak Pres.Rise[bar/deg]            1.81           1.81
at Crankangle [deg]                5.91           5.91
Peak Fir. Temp. [K]             2046.98        2046.98
at Crankangle [deg]               20.69          20.69

Performance:
------------
Rel. to Ave. [-]                                1.0000
BMEP [bar]                       5.1248         5.1248
AMEP;SMEP [bar]                  0.1125         0.1125
ISFC [g/kWh]                   583.9894       583.9894
Rel. to Ave. [-]                                1.0000
ISFC (tr.f.) [g/kWh]           429.1003       429.1003
BSFC [g/kWh]                   727.8618       727.8618
Indicated Eff. [-]               0.1929         0.1929
Iso vol. comb. Eff [-]           0.9663         0.9663
Polytropic Coeff. [-]                           1.3010

Fuel Mass Balance:
------------------
Inj. Fuelmass [g]              0.000000       0.000000
Asp.Trap. Fuelmass [g]         0.003674       0.003674
Fuelmassfl.(A+I) [g/s]         0.249996       0.249996
Fuelmass tot.trap. [g]         0.003674       0.003674
Trapped Fuelm.fl.[g/s]         0.183690       0.183690
Trapp. Eff. Fuel [-]             0.7348         0.7348

Energy Balance Cylinder:
------------------------
Fuel Energy [kJ]                0.15987        0.15987
Released Energy [kJ]            0.15964        0.15964
-> Brake Power     [%]           15.491         15.491
-> Loss: Friction  [%]            3.476          3.476
-> Loss: Piston    [%]            6.600          6.600
-> Loss: Head      [%]            8.699          8.699
-> Loss: Liner     [%]            2.434          2.434
-> Loss: Int. Port [%]            0.000          0.000
-> Loss: Exh. Port [%]            0.000          0.000
-> Loss: Exh. Gas  [%]           62.916         62.916
Eff. Rel. Energy [kJ]           0.08375        0.08375
Gross Rel. Energy [kJ]          0.15964        0.15964
Eff.Gross Rel.Ener.[kJ]         0.08375        0.08375
Energy Balance [-]               0.9986         0.9986
Eff. Energy Balance [-]          0.5239         0.5239

Blowby:
-------
Blowbymass [g]                 0.000000       0.000000
Blowbymassfl. [g/s]            0.000000       0.000000
Blowby Heat Flow [kJ]          0.000000       0.000000

Reference Values at Start of High Pressure:
-------------------------------------------
Pressure at SHP[bar]             1.0821         1.0821
Temperature [K]                  388.84         388.84
Air Massfl.  [g/s]             2.277513       2.277513
Fuel Massfl. [g/s]             0.249996       0.249996
Trapp. Eff. Air [-]              0.7348         0.7348
Trapp. Eff.Fuel [-]              0.7348         0.7348
A/F-Ratio (Cmb.) [-]               9.11           9.11
Excess Air Ratio [-]             0.6283         0.6283

Reference Values at Start Of Combustion:
----------------------------------------
Pressure [bar]                  14.3819        14.3819
Temperature [K]                  703.54         703.54

Residual Gas:
-------------
Res.gas content [-]              0.1374         0.1374
External EGR [-]                 0.0000         0.0000
Internal EGR [-]                 0.1374         0.1374
Com.Prod.Mass. at EO [g]       0.043019       0.043019
Res.gas mass at SHP [g]        0.005915       0.005915
Res.gas aspirated IN [g]       0.000000       0.000000
Res.gas from intake [g]        0.000010       0.000010
Rel. to Total [-]                0.0017         0.0017
Res.gas flow EX [g]            0.037105       0.037105
Res.gas from exhaust [g]       0.000000       0.000000
Rel. to Total [-]                0.0000         0.0000

Gas Exchange:
-------------
Volumetric Eff. [-]              0.5934         0.5934
Rel. to Ave. [-]                                1.0000
Total Mass at SHP[g]             0.0431         0.0431
Mass Delivered [g]              0.05055        0.05055
Mass Delivered [g/s]            2.52751        2.52751
Delivery Ratio [-]               0.8962         0.8962
Rel. to Ave. [-]                                1.0000
Av.Airmass at SHP[g]             0.0335         0.0335
Air Delivered [g]               0.04555        0.04555
Air Delivered [g/s]             2.27751        2.27751
Airdeliveryratio [-]             0.8076         0.8076
Rel. to Ave. [-]                                1.0000
Airmass Trapped [g]             0.03347        0.03347
Airmass Trapped [g/s]           1.67347        1.67347
Trapp. Eff. Air [-]              0.7348         0.7348
Rel. to Ave. [-]                                1.0000
Airpurity [-]                    0.7773         0.7773
Dyn. Swirl [-]                   0.0000         0.0000
Dyn. Tumble [-]                  0.0000         0.0000

Wall Heatlosses:
----------------
Piston [kJ]                     -0.0105        -0.0105
Piston Temperature [K]                          570.00
Cylinderhead [kJ]              -0.01389       -0.01389
Head Temperature [K]                            500.00
Cylinderliner [kJ]             -0.00388       -0.00388
LinerTDC Temperature [K]                        470.00
LinerBDC Temperature [K]                        390.00
Sum of Wallheat [kJ]           -0.02831       -0.02831
Wall Heatlosses in High Pressure Phase:
Piston HP [kJ]                 -0.01049       -0.01049
Cylinderhead HP [kJ]           -0.01364       -0.01364
Cylinderliner HP [kJ]          -0.00317       -0.00317
Sum of Wallheat HP [kJ]        -0.02730       -0.02730
Wall Heatlosses Related to Heatinput:
Piston [-]                      -0.0659        -0.0659
Cylinderhead [-]                -0.0869        -0.0869
Cylinderliner [-]               -0.0243        -0.0243
Sum of Wallheat [-]             -0.1771        -0.1771
M. Eff. HTC [W/m2/K]             320.60         320.60
M. Eff. Temp. [K]               1284.18        1284.18

Reference Values at EO:
-----------------------
Pressure [bar]                     3.41           3.41
Temperature [K]                 1056.57        1056.57
A/F-Ratio [-]                      9.11           9.11
Com.Prod.Conc. [-]              0.99914        0.99914
Fuel Concentr. [-]             0.000085       0.000085

Average Values of Pipeattachements:
-----------------------------------
 Attached Pipe                                       2
Vlv/Prt.Op.Eff.0mm[deg]                         138.93
Vlv/Prt.Cl.Eff.0mm[deg]                         221.38
Massflow [g/cycle]                            0.050550
Wallheat [kJ/cycle]                           0.000000
 Attached Pipe                                       3
Vlv/Prt.Op.Eff.0mm[deg]                         114.53
Vlv/Prt.Cl.Eff.0mm[deg]                         245.02
Massflow [g/cycle]                            0.050550
Wallheat [kJ/cycle]                           0.000000

FLOWRESTRICTIONS: Average Values
--------------------------------
 Flr. Att.Pi.  Massflow  Att.Pi.  Massflow
  nr.  number [g/cycle]   number [g/cycle]
    1       3    0.0505        6    0.0506

ROTARYVALVES: Average Values
----------------------------
 RVl. Att.Pi.  Massflow  Att.Pi.  Massflow
  nr.  number [g/cycle]   number [g/cycle]
    1       4    0.0506        5    0.0506

FUELINJECTORS: Average Values
-----------------------------
 Inj. Att.Pi.  Massflow  Att.Pi.  Massflow Added Fuel
  nr.  number [g/cycle]   number [g/cycle]  [g/cycle]
    1       1    0.0455        4    0.0506     0.0051

OVERALL ENGINE PERFORMANCE:
===========================

Indicated Torque          :      4.91 Nm                    Indicated Specific Torque :    101.66 Nm/l
Indicated Power           :      1.54 kW,         2.10 PS   Indicated Specific Power  :     31.94 kW/l,      43.42 PS/l
Auxiliary Drives Torque   :      0.09 Nm                    Auxiliary Drives Power    :      0.03 kW
Friction Torque           :      0.88 Nm                    Friction Power            :      0.28 kW
Effective Torque          :      3.94 Nm                    Effective Specific Torque :     81.56 Nm/l
Effective Power           :      1.24 kW,         1.68 PS   Effective Specific Power  :     25.62 kW/l,      34.84 PS/l

Required time for reading the inputfile and initialisation:       0.05 min
Required time for the calculation: .........................      0.18 min
Required time for writing the outputfile: ..................      0.00 min
Required total time: .......................................      0.24 min
Required total CPU-time: ...................................     11.19 sec
