MESSAGE
RUNINFO      1 CONTROL      1 BOOST       0.00 DEGCRA
 System date and time : 27.03.2020 21:53:42
ENDOFMESSAGE
MESSAGE
RUNINFO      2 CONTROL      2 BOOST       0.00 DEGCRA
 Executable information:
  Version  : v2019.2.0.0.0
  Build    : Sep 30 2019 22:44:23
  Platform : x86_64-unknown-winnt_i16v15
ENDOFMESSAGE
MESSAGE
RUNINFO      3 CONTROL      3 BOOST       0.00 DEGCRA
 Opened file :  ravna_primerjava.bst
ENDOFMESSAGE
MESSAGE
RUNINFO 70011 INPUT     0 BST_READ_GLOBAL 0.00DEGCRA
  The following User Defined Parameters were identified:
ENDOFMESSAGE
ENDOFMESSAGE
MESSAGE
RUNINFO 571129 INPUT      0 BST_READ_GLOBAL       0.00 DEGCRA
 Using C gas property library
ENDOFMESSAGE
MESSAGE
RUNINFO  12377 INPUT      0 BST_READ_GLOBAL       0.00 DEGCRA
 No reference element set for volumetric efficiency.
 No gas exchange data related to intake manifold conditions will be calculated.
ENDOFMESSAGE
MESSAGE
RUNINFO 270000 REACTION_LIBRARY      1 CL_BOOST_MessageSystem       0.00 DEGCRA
>>> Catalyst Library <<<
  Version: 2.600
  Platform: x86_64-unknown-winnt_i16v15
  Build date: Sep 28 2019 21:19:44
ENDOFMESSAGE
MESSAGE
RUNINFO 270000 REACTION_LIBRARY      1 CL_BOOST_MessageSystem       0.00 DEGCRA
>>> Transfer Model Library Version 1.400 <<<
ENDOFMESSAGE
MESSAGE
RUNINFO 100001 BOOST      1 BOOST_GPR_printf       0.00 DEGCRA
    Classic gas property data are read from:
      C:/Program Files (x86)/AVL/R2019.2/BOOST/files/GASOLINE.BGP

ENDOFMESSAGE
MESSAGE
RUNINFO 121776 RESTRICTION      1 INPUT       0.00 DEGCRA
 Restriction end correction [mm]:       4.00
ENDOFMESSAGE
MESSAGE
RUNINFO 121773 RESTRICTION      1 INPUT       0.00 DEGCRA
 Flow coefficients from a restriction with extension not used.
ENDOFMESSAGE
MESSAGE
RUNINFO  10660 GLOBAL      1 LICENSING       0.00 DEGCRA
  >>>
  >>>   The Licence for application "sys_1DCFD_solver"
  >>>   has been checked out!
  >>>
ENDOFMESSAGE
MESSAGE
RUNINFO      0 POSTLINKS      0 BOOST       0.00 DEGCRA
 Opened file : ravna_primerjava.glb
 Unit Number :    13
ENDOFMESSAGE
MESSAGE
RUNINFO 150002 RESTRICTION      1 BOOST       0.00 DEGCRA
 Extension length smaller than pipe cell size. Extension ignored.
 Try reducing model cell size.
ENDOFMESSAGE
MESSAGE
RUNINFO 150006 SYSTEMBOUNDARY      1 BOOST       0.00 DEGCRA
 Open end correction for PIPE :     1
 End correction   [mm] :      6.000
 Original Length  [mm] :    100.000
 Corrected Length [mm] :    106.000
ENDOFMESSAGE
MESSAGE
RUNINFO 150006 SYSTEMBOUNDARY      2 BOOST       0.00 DEGCRA
 Open end correction for PIPE :     6
 End correction   [mm] :     15.000
 Original Length  [mm] :    785.714
 Corrected Length [mm] :    800.714
ENDOFMESSAGE
MESSAGE
RUNINFO 63950 CYLINDER     1 CALC_SCAVENGE_QUALITY 0.00 DEGCRA
 The following scavenging quality was obtained by
 converting the specified scavenging curve:
    scavenging    scavenging      trapping    scavenging
         ratio    efficiency    efficiency       quality
           [-]           [-]           [-]           [-]
--------------------------------------------------------
        0.0000        0.0000        1.0000        0.0000
        0.2000        0.2000        1.0000        1.0000
        0.4000        0.3800        0.9499        0.1498
        0.9000        0.7000        0.7777        0.3123
        1.5000        0.9000        0.5999        0.2153
        2.5000        0.9900        0.3959        0.0889
ENDOFMESSAGE
MESSAGE
WARNING 201019 CYLINDER      1 CYLINDERMODULE   22671.42 DEGCRA
  At Start of Combustion the Target Excess-Air Ratio is below      0.60000
  The following value is modified:
  Massfraction of Fuel Vapour from   0.08810 [kg/kg] to    0.08809 [kg/kg]
ENDOFMESSAGE
MESSAGE
WARNING 201019 CYLINDER      1 CYLINDERMODULE   23031.42 DEGCRA
  At Start of Combustion the Target Excess-Air Ratio is below      0.60000
  The following value is modified:
  Massfraction of Fuel Vapour from   0.08815 [kg/kg] to    0.08808 [kg/kg]
ENDOFMESSAGE
MESSAGE
WARNING 201019 CYLINDER      1 CYLINDERMODULE   23391.42 DEGCRA
  At Start of Combustion the Target Excess-Air Ratio is below      0.60000
  The following value is modified:
  Massfraction of Fuel Vapour from   0.08820 [kg/kg] to    0.08808 [kg/kg]
ENDOFMESSAGE
MESSAGE
WARNING 201019 CYLINDER      1 CYLINDERMODULE   23751.42 DEGCRA
  At Start of Combustion the Target Excess-Air Ratio is below      0.60000
  The following value is modified:
  Massfraction of Fuel Vapour from   0.08825 [kg/kg] to    0.08808 [kg/kg]
ENDOFMESSAGE
MESSAGE
WARNING 201019 CYLINDER      1 CYLINDERMODULE   24111.42 DEGCRA
  At Start of Combustion the Target Excess-Air Ratio is below      0.60000
  The following value is modified:
  Massfraction of Fuel Vapour from   0.08830 [kg/kg] to    0.08808 [kg/kg]
ENDOFMESSAGE
MESSAGE
WARNING 201019 CYLINDER      1 CYLINDERMODULE   24471.42 DEGCRA
  At Start of Combustion the Target Excess-Air Ratio is below      0.60000
  The following value is modified:
  Massfraction of Fuel Vapour from   0.08834 [kg/kg] to    0.08808 [kg/kg]
ENDOFMESSAGE
MESSAGE
WARNING 201019 CYLINDER      1 CYLINDERMODULE   24831.42 DEGCRA
  At Start of Combustion the Target Excess-Air Ratio is below      0.60000
  The following value is modified:
  Massfraction of Fuel Vapour from   0.08837 [kg/kg] to    0.08808 [kg/kg]
ENDOFMESSAGE
MESSAGE
WARNING 201019 CYLINDER      1 CYLINDERMODULE   25191.42 DEGCRA
  At Start of Combustion the Target Excess-Air Ratio is below      0.60000
  The following value is modified:
  Massfraction of Fuel Vapour from   0.08841 [kg/kg] to    0.08808 [kg/kg]
ENDOFMESSAGE
MESSAGE
WARNING 201019 CYLINDER      1 CYLINDERMODULE   25551.42 DEGCRA
  At Start of Combustion the Target Excess-Air Ratio is below      0.60000
  The following value is modified:
  Massfraction of Fuel Vapour from   0.08844 [kg/kg] to    0.08808 [kg/kg]
ENDOFMESSAGE
MESSAGE
WARNING 201019 CYLINDER      1 CYLINDERMODULE   25911.42 DEGCRA
  At Start of Combustion the Target Excess-Air Ratio is below      0.60000
  The following value is modified:
  Massfraction of Fuel Vapour from   0.08847 [kg/kg] to    0.08808 [kg/kg]
ENDOFMESSAGE
MESSAGE
WARNING 201019 CYLINDER      1 CYLINDERMODULE   26271.42 DEGCRA
  At Start of Combustion the Target Excess-Air Ratio is below      0.60000
  The following value is modified:
  Massfraction of Fuel Vapour from   0.08850 [kg/kg] to    0.08808 [kg/kg]
ENDOFMESSAGE
MESSAGE
WARNING 201019 CYLINDER      1 CYLINDERMODULE   26631.42 DEGCRA
  At Start of Combustion the Target Excess-Air Ratio is below      0.60000
  The following value is modified:
  Massfraction of Fuel Vapour from   0.08853 [kg/kg] to    0.08808 [kg/kg]
ENDOFMESSAGE
MESSAGE
WARNING 201019 CYLINDER      1 CYLINDERMODULE   26991.42 DEGCRA
  At Start of Combustion the Target Excess-Air Ratio is below      0.60000
  The following value is modified:
  Massfraction of Fuel Vapour from   0.08855 [kg/kg] to    0.08808 [kg/kg]
ENDOFMESSAGE
MESSAGE
WARNING 201019 CYLINDER      1 CYLINDERMODULE   27351.42 DEGCRA
  At Start of Combustion the Target Excess-Air Ratio is below      0.60000
  The following value is modified:
  Massfraction of Fuel Vapour from   0.08858 [kg/kg] to    0.08808 [kg/kg]
ENDOFMESSAGE
MESSAGE
WARNING 201019 CYLINDER      1 CYLINDERMODULE   27711.42 DEGCRA
  At Start of Combustion the Target Excess-Air Ratio is below      0.60000
  The following value is modified:
  Massfraction of Fuel Vapour from   0.08860 [kg/kg] to    0.08808 [kg/kg]
ENDOFMESSAGE
MESSAGE
WARNING 201019 CYLINDER      1 CYLINDERMODULE   28071.42 DEGCRA
  At Start of Combustion the Target Excess-Air Ratio is below      0.60000
  The following value is modified:
  Massfraction of Fuel Vapour from   0.08862 [kg/kg] to    0.08808 [kg/kg]
ENDOFMESSAGE
MESSAGE
WARNING 201019 CYLINDER      1 CYLINDERMODULE   28431.42 DEGCRA
  At Start of Combustion the Target Excess-Air Ratio is below      0.60000
  The following value is modified:
  Massfraction of Fuel Vapour from   0.08864 [kg/kg] to    0.08808 [kg/kg]
ENDOFMESSAGE
MESSAGE
WARNING 201019 CYLINDER      1 CYLINDERMODULE   28791.42 DEGCRA
  At Start of Combustion the Target Excess-Air Ratio is below      0.60000
  The following value is modified:
  Massfraction of Fuel Vapour from   0.08865 [kg/kg] to    0.08808 [kg/kg]
ENDOFMESSAGE
MESSAGE
WARNING 201019 CYLINDER      1 CYLINDERMODULE   29151.42 DEGCRA
  At Start of Combustion the Target Excess-Air Ratio is below      0.60000
  The following value is modified:
  Massfraction of Fuel Vapour from   0.08867 [kg/kg] to    0.08808 [kg/kg]
ENDOFMESSAGE
MESSAGE
WARNING 201019 CYLINDER      1 CYLINDERMODULE   29511.42 DEGCRA
  At Start of Combustion the Target Excess-Air Ratio is below      0.60000
  The following value is modified:
  Massfraction of Fuel Vapour from   0.08868 [kg/kg] to    0.08808 [kg/kg]
ENDOFMESSAGE
MESSAGE
WARNING 201019 CYLINDER      1 CYLINDERMODULE   29871.42 DEGCRA
  At Start of Combustion the Target Excess-Air Ratio is below      0.60000
  The following value is modified:
  Massfraction of Fuel Vapour from   0.08870 [kg/kg] to    0.08808 [kg/kg]
ENDOFMESSAGE
MESSAGE
WARNING 201019 CYLINDER      1 CYLINDERMODULE   30231.42 DEGCRA
  At Start of Combustion the Target Excess-Air Ratio is below      0.60000
  The following value is modified:
  Massfraction of Fuel Vapour from   0.08871 [kg/kg] to    0.08808 [kg/kg]
ENDOFMESSAGE
MESSAGE
WARNING 201019 CYLINDER      1 CYLINDERMODULE   30591.42 DEGCRA
  At Start of Combustion the Target Excess-Air Ratio is below      0.60000
  The following value is modified:
  Massfraction of Fuel Vapour from   0.08872 [kg/kg] to    0.08808 [kg/kg]
ENDOFMESSAGE
MESSAGE
WARNING 201019 CYLINDER      1 CYLINDERMODULE   30951.42 DEGCRA
  At Start of Combustion the Target Excess-Air Ratio is below      0.60000
  The following value is modified:
  Massfraction of Fuel Vapour from   0.08873 [kg/kg] to    0.08807 [kg/kg]
ENDOFMESSAGE
MESSAGE
WARNING 201019 CYLINDER      1 CYLINDERMODULE   31311.42 DEGCRA
  At Start of Combustion the Target Excess-Air Ratio is below      0.60000
  The following value is modified:
  Massfraction of Fuel Vapour from   0.08874 [kg/kg] to    0.08807 [kg/kg]
ENDOFMESSAGE
MESSAGE
WARNING 201019 CYLINDER      1 CYLINDERMODULE   31671.42 DEGCRA
  At Start of Combustion the Target Excess-Air Ratio is below      0.60000
  The following value is modified:
  Massfraction of Fuel Vapour from   0.08875 [kg/kg] to    0.08807 [kg/kg]
ENDOFMESSAGE
MESSAGE
WARNING 201019 CYLINDER      1 CYLINDERMODULE   32031.42 DEGCRA
  At Start of Combustion the Target Excess-Air Ratio is below      0.60000
  The following value is modified:
  Massfraction of Fuel Vapour from   0.08876 [kg/kg] to    0.08808 [kg/kg]
ENDOFMESSAGE
MESSAGE
WARNING 201019 CYLINDER      1 CYLINDERMODULE   32391.42 DEGCRA
  At Start of Combustion the Target Excess-Air Ratio is below      0.60000
  The following value is modified:
  Massfraction of Fuel Vapour from   0.08877 [kg/kg] to    0.08807 [kg/kg]
ENDOFMESSAGE
MESSAGE
WARNING 201019 CYLINDER      1 CYLINDERMODULE   32751.42 DEGCRA
  At Start of Combustion the Target Excess-Air Ratio is below      0.60000
  The following value is modified:
  Massfraction of Fuel Vapour from   0.08877 [kg/kg] to    0.08807 [kg/kg]
ENDOFMESSAGE
MESSAGE
WARNING 201019 CYLINDER      1 CYLINDERMODULE   33111.42 DEGCRA
  At Start of Combustion the Target Excess-Air Ratio is below      0.60000
  The following value is modified:
  Massfraction of Fuel Vapour from   0.08878 [kg/kg] to    0.08807 [kg/kg]
ENDOFMESSAGE
MESSAGE
WARNING 201019 CYLINDER      1 CYLINDERMODULE   33471.42 DEGCRA
  At Start of Combustion the Target Excess-Air Ratio is below      0.60000
  The following value is modified:
  Massfraction of Fuel Vapour from   0.08879 [kg/kg] to    0.08807 [kg/kg]
ENDOFMESSAGE
MESSAGE
WARNING 201019 CYLINDER      1 CYLINDERMODULE   33831.42 DEGCRA
  At Start of Combustion the Target Excess-Air Ratio is below      0.60000
  The following value is modified:
  Massfraction of Fuel Vapour from   0.08880 [kg/kg] to    0.08808 [kg/kg]
ENDOFMESSAGE
MESSAGE
WARNING 201019 CYLINDER      1 CYLINDERMODULE   34191.42 DEGCRA
  At Start of Combustion the Target Excess-Air Ratio is below      0.60000
  The following value is modified:
  Massfraction of Fuel Vapour from   0.08880 [kg/kg] to    0.08807 [kg/kg]
ENDOFMESSAGE
MESSAGE
WARNING 201019 CYLINDER      1 CYLINDERMODULE   34551.42 DEGCRA
  At Start of Combustion the Target Excess-Air Ratio is below      0.60000
  The following value is modified:
  Massfraction of Fuel Vapour from   0.08881 [kg/kg] to    0.08807 [kg/kg]
ENDOFMESSAGE
MESSAGE
WARNING 201019 CYLINDER      1 CYLINDERMODULE   34911.42 DEGCRA
  At Start of Combustion the Target Excess-Air Ratio is below      0.60000
  The following value is modified:
  Massfraction of Fuel Vapour from   0.08881 [kg/kg] to    0.08807 [kg/kg]
ENDOFMESSAGE
MESSAGE
WARNING 201019 CYLINDER      1 CYLINDERMODULE   35271.42 DEGCRA
  At Start of Combustion the Target Excess-Air Ratio is below      0.60000
  The following value is modified:
  Massfraction of Fuel Vapour from   0.08882 [kg/kg] to    0.08807 [kg/kg]
ENDOFMESSAGE
MESSAGE
WARNING 201019 CYLINDER      1 CYLINDERMODULE   35631.42 DEGCRA
  At Start of Combustion the Target Excess-Air Ratio is below      0.60000
  The following value is modified:
  Massfraction of Fuel Vapour from   0.08882 [kg/kg] to    0.08807 [kg/kg]
ENDOFMESSAGE
MESSAGE
WARNING 201019 CYLINDER      1 CYLINDERMODULE   35991.42 DEGCRA
  At Start of Combustion the Target Excess-Air Ratio is below      0.60000
  The following value is modified:
  Massfraction of Fuel Vapour from   0.08883 [kg/kg] to    0.08807 [kg/kg]
ENDOFMESSAGE
