 --------------------------------
 AVL - B O O S T
 Version:        v2019.2.0.0.0
 Build:          Sep 30 2019 22:44:23
 Git Build Hash: be28b9261d560946c8b3a40b85f0245f4d0c8e85
 System:         x86_64-unknown-winnt_i16v15
 --------------------------------

LICENSE
-------
 sys_1DCFD_solver 2019.0@ License will expire in 279 days

PROJECT
-------
 Preprocessor Version :  2019.2
 Calculation date     : 27.03.2020
 File     : ravna_primerjava.bst
 Case Set : "dolzina"
 Case     : "Case 24"
 
 Project ID: ""
 Run ID:     ""
 Model date: "5. Mar 2020 08:55:39"

ELEMENTS
--------
 Element Name        Number

 PIPE                   6
 SYSTEMBOUNDARY         2
 VARIABLE_PLENUM        1
 CYLINDER               1
 RESTRICTION            1
 ROTARYVALVE            1
 FUELINJECTOR           1
 MEASURINGPOINT         4
 ENGINE                 1
 PIPE_END              12
 ALL_PIPES              6
 ALL_PLENUMS            1
 ALL_BOUNDARIES         2
 RESTRICTIONS           3
 ALL_PIDS               1
 PIPE_VAR_WALL_TEMP     6

GLOBAL DATA
-----------
  Engine Speed :         3000.0  rpm
  Calculationmode:        BOOST  Single
  Cycle Duration:        360.00  degrees
  Max. calc. period:   36000.00  degrees
  Cycles calculated:        100  cycles
  Calc. time steps:     0.73888  degrees (max)
                        0.69642  degrees
                        0.03869  ms
                        0.65463  degrees (short pipe)
                        0.03637  ms (short pipe)
  Traces results step:  3.00000  degrees
  User concentrations:        0
  Ref. pressure:      100000.00  Pa
  Ref. temperature:     298.000  K
  Gas properties:      Variable
  Gasproperties File:     GASOLINE.BGP
     bgp_build_version:   v2013.0.0.0.0
     bgp_build_host:      boosthost
     bgp_build_user:      boost
     bgp_build_date:      2012.03.23
     bgp_build_time:      08:00:00
  Lower calorific:  0.43500E+08  J/kg
  Stoic. A/F-ratio:      14.500

  Warnings:                  38
  Convergence errors:         0

PIPES
-----

 Total number of pipe cells:     43

 Pipe   Cells   Cell size       W.Heat     Wall T    Fric. coeff.   Lam. Fric. Coeff.  Heat Factor       Volume
  nr.                [mm]         [kJ]        [K]             [-]                 [-]          [-]        [dm3]
    1       4        26.5        0.000     300.00        0.019000           64.000000     1.000000     0.033301
    2       1        30.0       -0.000     300.00        0.019000           64.000000     1.000000     0.005301
    3       1        30.0       -0.001     300.00        0.019000           64.000000     1.000000     0.005301
    4       4        25.0        0.000     300.00        0.019000           64.000000     1.000000     0.031416
    5       1        30.0        0.000     300.00        0.019000           64.000000     1.000000     0.009425
    6      32        25.0       -0.014     300.00        0.019000           64.000000     1.000000     1.572199


MEASURINGPOINTS: Average Values
-------------------------------
 Mp. Pipe Location   Diameter  Pressure  Temp. Ms.Temp.  Velo.   Massflow   Massflow To.Ent.f.  To.Ent.f.  Mach. Wtemp.  Converg.
 nr.  nr.     [mm]       [mm]     [bar]    [K]      [K]  [m/s]      [g/s]  [g/cycle]    [kJ/s]  [kJ/cyc.]    [-]    [K]       [-]
  1   2     0.0000    15.0000    0.9998  299.5    302.9   10.6     2.4365     0.0487     0.017     0.0003   0.03  300.0 0.370E-08
  2   6     0.0000    50.0000    1.0009  559.1    674.6    2.6     2.4350     0.0487     5.185     0.1037   0.00  300.0 0.117E-04
  3   6   100.0000    50.0000    1.0008  649.6    651.5    2.4     2.4352     0.0487     5.111     0.1022   0.00  300.0 0.210E-05
  4   6   785.7143    50.0000    1.0021  460.1    445.3    0.9     2.4354     0.0487     4.483     0.0897   0.00  300.0 0.300E-04

SYSTEMBOUNDARIES
Attachments
-----------
 Type                 Nr.   Pipe       Mass flow
                             Nr.       [g/cycle]
 SYSTEMBOUNDARY        1      1          0.0436
 SYSTEMBOUNDARY        2      6          0.0487

PLENUMS: Average Values
-----------------------
                   Pl. Pressure   Temp.      Mass Wallheat
                   nr.    [bar]     [K]       [g]     [kJ]
 VARIABLE_PLENUM    1    1.0037  299.75     0.636    0.000
                                          Attached pipe   2:      0.0487 g/cycle
                                          Attached pipe   5:      0.0487 g/cycle

PLENUMS
Attachments
-----------
 Type                 Nr.   Pipe       Mass flow
                             Nr.       [g/cycle]
 VARIABLE_PLENUM       1      2          0.0487
 VARIABLE_PLENUM       1      5          0.0487

VARIABLE PLENUMS: Average Values
--------------------------------
 Pl. Pressure   Temp.      Mass Wallheat  Vol.work  Volume
 nr.    [bar]     [K]       [g]     [kJ]      [kJ]     [l]
  1    1.0037  299.75     0.636    0.000    -0.001    0.51
                                                           Attached pipe   2:      0.0487 g/cycle
                                                           Attached pipe   5:      0.0487 g/cycle

CYLINDERS: Average Values
-------------------------
                               Total
                              Engine         Cyl.   1
Firing TDC [deg]                                  0.00
Bore [mm]                                        37.80
Stroke [mm]                                      43.00
Conrodl. [mm]                                    90.00
Piston pin offset [mm]                            0.00
Swept Vol. [l]                   0.0483         0.0483
Dyn. Comp. ratio [-]                              7.85

Combustion Data:
----------------
Combustion Char.                                  Vibe     
Comb.start [deg]                                 -9.00
Vibe Parameter a [-]                             6.900
Vibe Param. m 1 [-]                              1.860
Peak Fir.Pres. [bar]              38.36          38.36
at Crankangle [deg]               16.26          16.26
Peak Pres.Rise[bar/deg]            1.71           1.71
at Crankangle [deg]                6.65           6.65
Peak Fir. Temp. [K]             1988.25        1988.25
at Crankangle [deg]               20.69          20.69

Performance:
------------
Rel. to Ave. [-]                                1.0000
BMEP [bar]                       4.7836         4.7836
AMEP;SMEP [bar]                  0.1117         0.1117
ISFC [g/kWh]                   625.1379       625.1379
Rel. to Ave. [-]                                1.0000
ISFC (tr.f.) [g/kWh]           456.6096       456.6096
BSFC [g/kWh]                   790.0259       790.0259
Indicated Eff. [-]               0.1812         0.1812
Iso vol. comb. Eff [-]           0.9664         0.9664
Polytropic Coeff. [-]                           1.3001

Fuel Mass Balance:
------------------
Inj. Fuelmass [g]              0.000000       0.000000
Asp.Trap. Fuelmass [g]         0.003700       0.003700
Fuelmassfl.(A+I) [g/s]         0.253284       0.253284
Fuelmass tot.trap. [g]         0.003700       0.003700
Trapped Fuelm.fl.[g/s]         0.185002       0.185002
Trapp. Eff. Fuel [-]             0.7304         0.7304

Energy Balance Cylinder:
------------------------
Fuel Energy [kJ]                0.15966        0.15966
Released Energy [kJ]            0.15943        0.15943
-> Brake Power     [%]           14.479         14.479
-> Loss: Friction  [%]            3.481          3.481
-> Loss: Piston    [%]            6.069          6.069
-> Loss: Head      [%]            8.038          8.038
-> Loss: Liner     [%]            2.262          2.262
-> Loss: Int. Port [%]            0.000          0.000
-> Loss: Exh. Port [%]            0.000          0.000
-> Loss: Exh. Gas  [%]           65.288         65.288
Eff. Rel. Energy [kJ]           0.07798        0.07798
Gross Rel. Energy [kJ]          0.15943        0.15943
Eff.Gross Rel.Ener.[kJ]         0.07798        0.07798
Energy Balance [-]               0.9986         0.9986
Eff. Energy Balance [-]          0.4884         0.4884

Blowby:
-------
Blowbymass [g]                 0.000000       0.000000
Blowbymassfl. [g/s]            0.000000       0.000000
Blowby Heat Flow [kJ]          0.000000       0.000000

Reference Values at Start of High Pressure:
-------------------------------------------
Pressure at SHP[bar]             1.0356         1.0356
Temperature [K]                  384.28         384.28
Air Massfl.  [g/s]             2.182743       2.182743
Fuel Massfl. [g/s]             0.253284       0.253284
Trapp. Eff. Air [-]              0.7304         0.7304
Trapp. Eff.Fuel [-]              0.7304         0.7304
A/F-Ratio (Cmb.) [-]               8.70           8.70
Excess Air Ratio [-]             0.6000         0.6000

Reference Values at Start Of Combustion:
----------------------------------------
Pressure [bar]                  13.7413        13.7413
Temperature [K]                  694.71         694.71

Residual Gas:
-------------
Res.gas content [-]              0.1457         0.1457
External EGR [-]                 0.0000         0.0000
Internal EGR [-]                 0.1457         0.1457
Com.Prod.Mass. at EO [g]       0.041618       0.041618
Res.gas mass at SHP [g]        0.006068       0.006068
Res.gas aspirated IN [g]       0.000000       0.000000
Res.gas from intake [g]        0.000003       0.000003
Rel. to Total [-]                0.0005         0.0005
Res.gas flow EX [g]            0.035551       0.035551
Res.gas from exhaust [g]       0.000000       0.000000
Rel. to Total [-]                0.0000         0.0000

Gas Exchange:
-------------
Volumetric Eff. [-]              0.5653         0.5653
Rel. to Ave. [-]                                1.0000
Total Mass at SHP[g]             0.0417         0.0417
Mass Delivered [g]              0.04872        0.04872
Mass Delivered [g/s]            2.43603        2.43603
Delivery Ratio [-]               0.8638         0.8638
Rel. to Ave. [-]                                1.0000
Av.Airmass at SHP[g]             0.0319         0.0319
Air Delivered [g]               0.04365        0.04365
Air Delivered [g/s]             2.18274        2.18274
Airdeliveryratio [-]             0.7740         0.7740
Rel. to Ave. [-]                                1.0000
Airmass Trapped [g]             0.03189        0.03189
Airmass Trapped [g/s]           1.59432        1.59432
Trapp. Eff. Air [-]              0.7304         0.7304
Rel. to Ave. [-]                                1.0000
Airpurity [-]                    0.7655         0.7655
Dyn. Swirl [-]                   0.0000         0.0000
Dyn. Tumble [-]                  0.0000         0.0000

Wall Heatlosses:
----------------
Piston [kJ]                     -0.0097        -0.0097
Piston Temperature [K]                          570.00
Cylinderhead [kJ]              -0.01282       -0.01282
Head Temperature [K]                            500.00
Cylinderliner [kJ]             -0.00361       -0.00361
LinerTDC Temperature [K]                        470.00
LinerBDC Temperature [K]                        390.00
Sum of Wallheat [kJ]           -0.02610       -0.02610
Wall Heatlosses in High Pressure Phase:
Piston HP [kJ]                 -0.00964       -0.00964
Cylinderhead HP [kJ]           -0.01258       -0.01258
Cylinderliner HP [kJ]          -0.00292       -0.00292
Sum of Wallheat HP [kJ]        -0.02515       -0.02515
Wall Heatlosses Related to Heatinput:
Piston [-]                      -0.0601        -0.0601
Cylinderhead [-]                -0.0796        -0.0796
Cylinderliner [-]               -0.0224        -0.0224
Sum of Wallheat [-]             -0.1621        -0.1621
M. Eff. HTC [W/m2/K]             310.69         310.69
M. Eff. Temp. [K]               1246.78        1246.78

Reference Values at EO:
-----------------------
Pressure [bar]                     3.23           3.23
Temperature [K]                 1021.90        1021.90
A/F-Ratio [-]                      8.70           8.70
Com.Prod.Conc. [-]              0.99915        0.99915
Fuel Concentr. [-]             0.000087       0.000087

Average Values of Pipeattachements:
-----------------------------------
 Attached Pipe                                       2
Vlv/Prt.Op.Eff.0mm[deg]                         138.68
Vlv/Prt.Cl.Eff.0mm[deg]                         221.38
Massflow [g/cycle]                            0.048721
Wallheat [kJ/cycle]                           0.000000
 Attached Pipe                                       3
Vlv/Prt.Op.Eff.0mm[deg]                         114.53
Vlv/Prt.Cl.Eff.0mm[deg]                         245.02
Massflow [g/cycle]                            0.048721
Wallheat [kJ/cycle]                           0.000000

FLOWRESTRICTIONS: Average Values
--------------------------------
 Flr. Att.Pi.  Massflow  Att.Pi.  Massflow
  nr.  number [g/cycle]   number [g/cycle]
    1       3    0.0487        6    0.0487

ROTARYVALVES: Average Values
----------------------------
 RVl. Att.Pi.  Massflow  Att.Pi.  Massflow
  nr.  number [g/cycle]   number [g/cycle]
    1       4    0.0487        5    0.0487

FUELINJECTORS: Average Values
-----------------------------
 Inj. Att.Pi.  Massflow  Att.Pi.  Massflow Added Fuel
  nr.  number [g/cycle]   number [g/cycle]  [g/cycle]
    1       1    0.0436        4    0.0487     0.0051

OVERALL ENGINE PERFORMANCE:
===========================

Indicated Torque          :      4.64 Nm                    Indicated Specific Torque :     96.21 Nm/l
Indicated Power           :      1.46 kW,         1.98 PS   Indicated Specific Power  :     30.23 kW/l,      41.10 PS/l
Auxiliary Drives Torque   :      0.09 Nm                    Auxiliary Drives Power    :      0.03 kW
Friction Torque           :      0.88 Nm                    Friction Power            :      0.28 kW
Effective Torque          :      3.67 Nm                    Effective Specific Torque :     76.13 Nm/l
Effective Power           :      1.15 kW,         1.57 PS   Effective Specific Power  :     23.92 kW/l,      32.52 PS/l

Required time for reading the inputfile and initialisation:       0.06 min
Required time for the calculation: .........................      0.18 min
Required time for writing the outputfile: ..................      0.00 min
Required total time: .......................................      0.24 min
Required total CPU-time: ...................................     10.95 sec
