MESSAGE
RUNINFO      1 CONTROL      1 BOOST       0.00 DEGCRA
 System date and time : 19.03.2020 15:29:18
ENDOFMESSAGE
MESSAGE
RUNINFO      2 CONTROL      2 BOOST       0.00 DEGCRA
 Executable information:
  Version  : v2019.2.0.0.0
  Build    : Sep 30 2019 22:44:23
  Platform : x86_64-unknown-winnt_i16v15
ENDOFMESSAGE
MESSAGE
RUNINFO      3 CONTROL      3 BOOST       0.00 DEGCRA
 Opened file :  ravna_primerjava.bst
ENDOFMESSAGE
MESSAGE
RUNINFO 70011 INPUT     0 BST_READ_GLOBAL 0.00DEGCRA
  The following User Defined Parameters were identified:
ENDOFMESSAGE
ENDOFMESSAGE
MESSAGE
RUNINFO 571129 INPUT      0 BST_READ_GLOBAL       0.00 DEGCRA
 Using C gas property library
ENDOFMESSAGE
MESSAGE
RUNINFO  12377 INPUT      0 BST_READ_GLOBAL       0.00 DEGCRA
 No reference element set for volumetric efficiency.
 No gas exchange data related to intake manifold conditions will be calculated.
ENDOFMESSAGE
MESSAGE
RUNINFO 270000 REACTION_LIBRARY      1 CL_BOOST_MessageSystem       0.00 DEGCRA
>>> Catalyst Library <<<
  Version: 2.600
  Platform: x86_64-unknown-winnt_i16v15
  Build date: Sep 28 2019 21:19:44
ENDOFMESSAGE
MESSAGE
RUNINFO 270000 REACTION_LIBRARY      1 CL_BOOST_MessageSystem       0.00 DEGCRA
>>> Transfer Model Library Version 1.400 <<<
ENDOFMESSAGE
MESSAGE
RUNINFO 100001 BOOST      1 BOOST_GPR_printf       0.00 DEGCRA
    Classic gas property data are read from:
      C:/Program Files (x86)/AVL/R2019.2/BOOST/files/GASOLINE.BGP

ENDOFMESSAGE
MESSAGE
RUNINFO 121776 RESTRICTION      1 INPUT       0.00 DEGCRA
 Restriction end correction [mm]:       2.43
ENDOFMESSAGE
MESSAGE
RUNINFO 121773 RESTRICTION      1 INPUT       0.00 DEGCRA
 Flow coefficients from a restriction with extension not used.
ENDOFMESSAGE
MESSAGE
RUNINFO  10660 GLOBAL      1 LICENSING       0.00 DEGCRA
  >>>
  >>>   The Licence for application "sys_1DCFD_solver"
  >>>   has been checked out!
  >>>
ENDOFMESSAGE
MESSAGE
RUNINFO      0 POSTLINKS      0 BOOST       0.00 DEGCRA
 Opened file : ravna_primerjava.glb
 Unit Number :    13
ENDOFMESSAGE
MESSAGE
RUNINFO 150002 RESTRICTION      1 BOOST       0.00 DEGCRA
 Extension length smaller than pipe cell size. Extension ignored.
 Try reducing model cell size.
ENDOFMESSAGE
MESSAGE
RUNINFO 150006 SYSTEMBOUNDARY      1 BOOST       0.00 DEGCRA
 Open end correction for PIPE :     1
 End correction   [mm] :      6.000
 Original Length  [mm] :    100.000
 Corrected Length [mm] :    106.000
ENDOFMESSAGE
MESSAGE
RUNINFO 150006 SYSTEMBOUNDARY      2 BOOST       0.00 DEGCRA
 Open end correction for PIPE :     6
 End correction   [mm] :      9.000
 Original Length  [mm] :    400.000
 Corrected Length [mm] :    409.000
ENDOFMESSAGE
MESSAGE
RUNINFO 63950 CYLINDER     1 CALC_SCAVENGE_QUALITY 0.00 DEGCRA
 The following scavenging quality was obtained by
 converting the specified scavenging curve:
    scavenging    scavenging      trapping    scavenging
         ratio    efficiency    efficiency       quality
           [-]           [-]           [-]           [-]
--------------------------------------------------------
        0.0000        0.0000        1.0000        0.0000
        0.2000        0.2000        1.0000        1.0000
        0.4000        0.3800        0.9499        0.1498
        0.9000        0.7000        0.7777        0.3123
        1.5000        0.9000        0.5999        0.2153
        2.5000        0.9900        0.3959        0.0889
ENDOFMESSAGE
MESSAGE
CONVERGENCEFAIL 143952 CYLINDER      1 cylindermodule     205.18 DEGCRA
 The iteration calculating the pressure within the element
 failed to converge after iteration number: 25
                    24 iteration   25 iteration
 Pressure    [Pa]:    104572.38      104549.16
 Temperature [K] :       609.06         605.02
 Difference in percent of meanvalue:
 Pressure:   -0.02 Temperature:   -0.67
ENDOFMESSAGE
MESSAGE
WARNING 201019 CYLINDER      1 CYLINDERMODULE    7911.42 DEGCRA
  At Start of Combustion the Target Excess-Air Ratio is below      0.60000
  The following value is modified:
  Massfraction of Fuel Vapour from   0.08011 [kg/kg] to    0.07979 [kg/kg]
ENDOFMESSAGE
MESSAGE
WARNING 201019 CYLINDER      1 CYLINDERMODULE    8271.42 DEGCRA
  At Start of Combustion the Target Excess-Air Ratio is below      0.60000
  The following value is modified:
  Massfraction of Fuel Vapour from   0.08164 [kg/kg] to    0.07977 [kg/kg]
ENDOFMESSAGE
MESSAGE
WARNING 201019 CYLINDER      1 CYLINDERMODULE    8631.42 DEGCRA
  At Start of Combustion the Target Excess-Air Ratio is below      0.60000
  The following value is modified:
  Massfraction of Fuel Vapour from   0.08295 [kg/kg] to    0.07964 [kg/kg]
ENDOFMESSAGE
MESSAGE
WARNING 201019 CYLINDER      1 CYLINDERMODULE    8991.42 DEGCRA
  At Start of Combustion the Target Excess-Air Ratio is below      0.60000
  The following value is modified:
  Massfraction of Fuel Vapour from   0.08431 [kg/kg] to    0.07966 [kg/kg]
ENDOFMESSAGE
MESSAGE
WARNING 201019 CYLINDER      1 CYLINDERMODULE    9351.42 DEGCRA
  At Start of Combustion the Target Excess-Air Ratio is below      0.60000
  The following value is modified:
  Massfraction of Fuel Vapour from   0.08556 [kg/kg] to    0.07965 [kg/kg]
ENDOFMESSAGE
MESSAGE
WARNING 201019 CYLINDER      1 CYLINDERMODULE    9711.42 DEGCRA
  At Start of Combustion the Target Excess-Air Ratio is below      0.60000
  The following value is modified:
  Massfraction of Fuel Vapour from   0.08674 [kg/kg] to    0.07963 [kg/kg]
ENDOFMESSAGE
MESSAGE
WARNING 201019 CYLINDER      1 CYLINDERMODULE   10071.42 DEGCRA
  At Start of Combustion the Target Excess-Air Ratio is below      0.60000
  The following value is modified:
  Massfraction of Fuel Vapour from   0.08785 [kg/kg] to    0.07962 [kg/kg]
ENDOFMESSAGE
MESSAGE
WARNING 201019 CYLINDER      1 CYLINDERMODULE   10431.42 DEGCRA
  At Start of Combustion the Target Excess-Air Ratio is below      0.60000
  The following value is modified:
  Massfraction of Fuel Vapour from   0.08888 [kg/kg] to    0.07959 [kg/kg]
ENDOFMESSAGE
MESSAGE
WARNING 201019 CYLINDER      1 CYLINDERMODULE   10791.42 DEGCRA
  At Start of Combustion the Target Excess-Air Ratio is below      0.60000
  The following value is modified:
  Massfraction of Fuel Vapour from   0.08984 [kg/kg] to    0.07956 [kg/kg]
ENDOFMESSAGE
MESSAGE
WARNING 201019 CYLINDER      1 CYLINDERMODULE   11151.42 DEGCRA
  At Start of Combustion the Target Excess-Air Ratio is below      0.60000
  The following value is modified:
  Massfraction of Fuel Vapour from   0.09076 [kg/kg] to    0.07954 [kg/kg]
ENDOFMESSAGE
MESSAGE
WARNING 201019 CYLINDER      1 CYLINDERMODULE   11511.42 DEGCRA
  At Start of Combustion the Target Excess-Air Ratio is below      0.60000
  The following value is modified:
  Massfraction of Fuel Vapour from   0.09164 [kg/kg] to    0.07952 [kg/kg]
ENDOFMESSAGE
MESSAGE
WARNING 201019 CYLINDER      1 CYLINDERMODULE   11871.42 DEGCRA
  At Start of Combustion the Target Excess-Air Ratio is below      0.60000
  The following value is modified:
  Massfraction of Fuel Vapour from   0.09247 [kg/kg] to    0.07950 [kg/kg]
ENDOFMESSAGE
MESSAGE
WARNING 201019 CYLINDER      1 CYLINDERMODULE   12231.42 DEGCRA
  At Start of Combustion the Target Excess-Air Ratio is below      0.60000
  The following value is modified:
  Massfraction of Fuel Vapour from   0.09325 [kg/kg] to    0.07949 [kg/kg]
ENDOFMESSAGE
MESSAGE
WARNING 201019 CYLINDER      1 CYLINDERMODULE   12591.42 DEGCRA
  At Start of Combustion the Target Excess-Air Ratio is below      0.60000
  The following value is modified:
  Massfraction of Fuel Vapour from   0.09399 [kg/kg] to    0.07947 [kg/kg]
ENDOFMESSAGE
MESSAGE
WARNING 201019 CYLINDER      1 CYLINDERMODULE   12951.42 DEGCRA
  At Start of Combustion the Target Excess-Air Ratio is below      0.60000
  The following value is modified:
  Massfraction of Fuel Vapour from   0.09468 [kg/kg] to    0.07945 [kg/kg]
ENDOFMESSAGE
MESSAGE
WARNING 201019 CYLINDER      1 CYLINDERMODULE   13311.42 DEGCRA
  At Start of Combustion the Target Excess-Air Ratio is below      0.60000
  The following value is modified:
  Massfraction of Fuel Vapour from   0.09535 [kg/kg] to    0.07944 [kg/kg]
ENDOFMESSAGE
MESSAGE
WARNING 201019 CYLINDER      1 CYLINDERMODULE   13671.42 DEGCRA
  At Start of Combustion the Target Excess-Air Ratio is below      0.60000
  The following value is modified:
  Massfraction of Fuel Vapour from   0.09597 [kg/kg] to    0.07942 [kg/kg]
ENDOFMESSAGE
MESSAGE
WARNING 201019 CYLINDER      1 CYLINDERMODULE   14031.42 DEGCRA
  At Start of Combustion the Target Excess-Air Ratio is below      0.60000
  The following value is modified:
  Massfraction of Fuel Vapour from   0.09656 [kg/kg] to    0.07941 [kg/kg]
ENDOFMESSAGE
MESSAGE
WARNING 201019 CYLINDER      1 CYLINDERMODULE   14391.42 DEGCRA
  At Start of Combustion the Target Excess-Air Ratio is below      0.60000
  The following value is modified:
  Massfraction of Fuel Vapour from   0.09712 [kg/kg] to    0.07939 [kg/kg]
ENDOFMESSAGE
MESSAGE
WARNING 201019 CYLINDER      1 CYLINDERMODULE   14751.42 DEGCRA
  At Start of Combustion the Target Excess-Air Ratio is below      0.60000
  The following value is modified:
  Massfraction of Fuel Vapour from   0.09767 [kg/kg] to    0.07939 [kg/kg]
ENDOFMESSAGE
MESSAGE
WARNING 201019 CYLINDER      1 CYLINDERMODULE   15111.42 DEGCRA
  At Start of Combustion the Target Excess-Air Ratio is below      0.60000
  The following value is modified:
  Massfraction of Fuel Vapour from   0.09816 [kg/kg] to    0.07936 [kg/kg]
ENDOFMESSAGE
MESSAGE
WARNING 201019 CYLINDER      1 CYLINDERMODULE   15471.42 DEGCRA
  At Start of Combustion the Target Excess-Air Ratio is below      0.60000
  The following value is modified:
  Massfraction of Fuel Vapour from   0.09865 [kg/kg] to    0.07936 [kg/kg]
ENDOFMESSAGE
MESSAGE
WARNING 201019 CYLINDER      1 CYLINDERMODULE   15831.42 DEGCRA
  At Start of Combustion the Target Excess-Air Ratio is below      0.60000
  The following value is modified:
  Massfraction of Fuel Vapour from   0.09910 [kg/kg] to    0.07935 [kg/kg]
ENDOFMESSAGE
MESSAGE
WARNING 201019 CYLINDER      1 CYLINDERMODULE   16191.42 DEGCRA
  At Start of Combustion the Target Excess-Air Ratio is below      0.60000
  The following value is modified:
  Massfraction of Fuel Vapour from   0.09953 [kg/kg] to    0.07934 [kg/kg]
ENDOFMESSAGE
MESSAGE
WARNING 201019 CYLINDER      1 CYLINDERMODULE   16551.42 DEGCRA
  At Start of Combustion the Target Excess-Air Ratio is below      0.60000
  The following value is modified:
  Massfraction of Fuel Vapour from   0.09993 [kg/kg] to    0.07933 [kg/kg]
ENDOFMESSAGE
MESSAGE
WARNING 201019 CYLINDER      1 CYLINDERMODULE   16911.42 DEGCRA
  At Start of Combustion the Target Excess-Air Ratio is below      0.60000
  The following value is modified:
  Massfraction of Fuel Vapour from   0.10030 [kg/kg] to    0.07930 [kg/kg]
ENDOFMESSAGE
MESSAGE
WARNING 201019 CYLINDER      1 CYLINDERMODULE   17271.42 DEGCRA
  At Start of Combustion the Target Excess-Air Ratio is below      0.60000
  The following value is modified:
  Massfraction of Fuel Vapour from   0.10068 [kg/kg] to    0.07930 [kg/kg]
ENDOFMESSAGE
MESSAGE
WARNING 201019 CYLINDER      1 CYLINDERMODULE   17631.42 DEGCRA
  At Start of Combustion the Target Excess-Air Ratio is below      0.60000
  The following value is modified:
  Massfraction of Fuel Vapour from   0.10103 [kg/kg] to    0.07929 [kg/kg]
ENDOFMESSAGE
MESSAGE
WARNING 201019 CYLINDER      1 CYLINDERMODULE   17991.42 DEGCRA
  At Start of Combustion the Target Excess-Air Ratio is below      0.60000
  The following value is modified:
  Massfraction of Fuel Vapour from   0.10136 [kg/kg] to    0.07928 [kg/kg]
ENDOFMESSAGE
MESSAGE
WARNING 201019 CYLINDER      1 CYLINDERMODULE   18351.42 DEGCRA
  At Start of Combustion the Target Excess-Air Ratio is below      0.60000
  The following value is modified:
  Massfraction of Fuel Vapour from   0.10167 [kg/kg] to    0.07927 [kg/kg]
ENDOFMESSAGE
MESSAGE
WARNING 201019 CYLINDER      1 CYLINDERMODULE   18711.42 DEGCRA
  At Start of Combustion the Target Excess-Air Ratio is below      0.60000
  The following value is modified:
  Massfraction of Fuel Vapour from   0.10197 [kg/kg] to    0.07927 [kg/kg]
ENDOFMESSAGE
MESSAGE
WARNING 201019 CYLINDER      1 CYLINDERMODULE   19071.42 DEGCRA
  At Start of Combustion the Target Excess-Air Ratio is below      0.60000
  The following value is modified:
  Massfraction of Fuel Vapour from   0.10225 [kg/kg] to    0.07926 [kg/kg]
ENDOFMESSAGE
MESSAGE
WARNING 201019 CYLINDER      1 CYLINDERMODULE   19431.42 DEGCRA
  At Start of Combustion the Target Excess-Air Ratio is below      0.60000
  The following value is modified:
  Massfraction of Fuel Vapour from   0.10253 [kg/kg] to    0.07925 [kg/kg]
ENDOFMESSAGE
MESSAGE
WARNING 201019 CYLINDER      1 CYLINDERMODULE   19791.42 DEGCRA
  At Start of Combustion the Target Excess-Air Ratio is below      0.60000
  The following value is modified:
  Massfraction of Fuel Vapour from   0.10278 [kg/kg] to    0.07924 [kg/kg]
ENDOFMESSAGE
MESSAGE
WARNING 201019 CYLINDER      1 CYLINDERMODULE   20151.42 DEGCRA
  At Start of Combustion the Target Excess-Air Ratio is below      0.60000
  The following value is modified:
  Massfraction of Fuel Vapour from   0.10302 [kg/kg] to    0.07924 [kg/kg]
ENDOFMESSAGE
MESSAGE
WARNING 201019 CYLINDER      1 CYLINDERMODULE   20511.42 DEGCRA
  At Start of Combustion the Target Excess-Air Ratio is below      0.60000
  The following value is modified:
  Massfraction of Fuel Vapour from   0.10325 [kg/kg] to    0.07923 [kg/kg]
ENDOFMESSAGE
MESSAGE
WARNING 201019 CYLINDER      1 CYLINDERMODULE   20871.42 DEGCRA
  At Start of Combustion the Target Excess-Air Ratio is below      0.60000
  The following value is modified:
  Massfraction of Fuel Vapour from   0.10346 [kg/kg] to    0.07922 [kg/kg]
ENDOFMESSAGE
MESSAGE
WARNING 201019 CYLINDER      1 CYLINDERMODULE   21231.42 DEGCRA
  At Start of Combustion the Target Excess-Air Ratio is below      0.60000
  The following value is modified:
  Massfraction of Fuel Vapour from   0.10367 [kg/kg] to    0.07921 [kg/kg]
ENDOFMESSAGE
MESSAGE
WARNING 201019 CYLINDER      1 CYLINDERMODULE   21591.42 DEGCRA
  At Start of Combustion the Target Excess-Air Ratio is below      0.60000
  The following value is modified:
  Massfraction of Fuel Vapour from   0.10387 [kg/kg] to    0.07921 [kg/kg]
ENDOFMESSAGE
MESSAGE
WARNING 201019 CYLINDER      1 CYLINDERMODULE   21951.42 DEGCRA
  At Start of Combustion the Target Excess-Air Ratio is below      0.60000
  The following value is modified:
  Massfraction of Fuel Vapour from   0.10405 [kg/kg] to    0.07920 [kg/kg]
ENDOFMESSAGE
MESSAGE
WARNING 201019 CYLINDER      1 CYLINDERMODULE   22311.42 DEGCRA
  At Start of Combustion the Target Excess-Air Ratio is below      0.60000
  The following value is modified:
  Massfraction of Fuel Vapour from   0.10423 [kg/kg] to    0.07920 [kg/kg]
ENDOFMESSAGE
MESSAGE
WARNING 201019 CYLINDER      1 CYLINDERMODULE   22671.42 DEGCRA
  At Start of Combustion the Target Excess-Air Ratio is below      0.60000
  The following value is modified:
  Massfraction of Fuel Vapour from   0.10440 [kg/kg] to    0.07919 [kg/kg]
ENDOFMESSAGE
MESSAGE
WARNING 201019 CYLINDER      1 CYLINDERMODULE   23031.42 DEGCRA
  At Start of Combustion the Target Excess-Air Ratio is below      0.60000
  The following value is modified:
  Massfraction of Fuel Vapour from   0.10457 [kg/kg] to    0.07919 [kg/kg]
ENDOFMESSAGE
MESSAGE
WARNING 201019 CYLINDER      1 CYLINDERMODULE   23391.42 DEGCRA
  At Start of Combustion the Target Excess-Air Ratio is below      0.60000
  The following value is modified:
  Massfraction of Fuel Vapour from   0.10471 [kg/kg] to    0.07918 [kg/kg]
ENDOFMESSAGE
MESSAGE
WARNING 201019 CYLINDER      1 CYLINDERMODULE   23751.42 DEGCRA
  At Start of Combustion the Target Excess-Air Ratio is below      0.60000
  The following value is modified:
  Massfraction of Fuel Vapour from   0.10486 [kg/kg] to    0.07918 [kg/kg]
ENDOFMESSAGE
MESSAGE
WARNING 201019 CYLINDER      1 CYLINDERMODULE   24111.42 DEGCRA
  At Start of Combustion the Target Excess-Air Ratio is below      0.60000
  The following value is modified:
  Massfraction of Fuel Vapour from   0.10499 [kg/kg] to    0.07917 [kg/kg]
ENDOFMESSAGE
MESSAGE
WARNING 201019 CYLINDER      1 CYLINDERMODULE   24471.42 DEGCRA
  At Start of Combustion the Target Excess-Air Ratio is below      0.60000
  The following value is modified:
  Massfraction of Fuel Vapour from   0.10512 [kg/kg] to    0.07917 [kg/kg]
ENDOFMESSAGE
MESSAGE
WARNING 201019 CYLINDER      1 CYLINDERMODULE   24831.42 DEGCRA
  At Start of Combustion the Target Excess-Air Ratio is below      0.60000
  The following value is modified:
  Massfraction of Fuel Vapour from   0.10525 [kg/kg] to    0.07916 [kg/kg]
ENDOFMESSAGE
MESSAGE
WARNING 201019 CYLINDER      1 CYLINDERMODULE   25191.42 DEGCRA
  At Start of Combustion the Target Excess-Air Ratio is below      0.60000
  The following value is modified:
  Massfraction of Fuel Vapour from   0.10537 [kg/kg] to    0.07916 [kg/kg]
ENDOFMESSAGE
MESSAGE
WARNING 201019 CYLINDER      1 CYLINDERMODULE   25551.42 DEGCRA
  At Start of Combustion the Target Excess-Air Ratio is below      0.60000
  The following value is modified:
  Massfraction of Fuel Vapour from   0.10550 [kg/kg] to    0.07917 [kg/kg]
ENDOFMESSAGE
MESSAGE
WARNING 201019 CYLINDER      1 CYLINDERMODULE   25911.42 DEGCRA
  At Start of Combustion the Target Excess-Air Ratio is below      0.60000
  The following value is modified:
  Massfraction of Fuel Vapour from   0.10560 [kg/kg] to    0.07916 [kg/kg]
ENDOFMESSAGE
MESSAGE
WARNING 201019 CYLINDER      1 CYLINDERMODULE   26271.42 DEGCRA
  At Start of Combustion the Target Excess-Air Ratio is below      0.60000
  The following value is modified:
  Massfraction of Fuel Vapour from   0.10570 [kg/kg] to    0.07916 [kg/kg]
ENDOFMESSAGE
MESSAGE
WARNING 201019 CYLINDER      1 CYLINDERMODULE   26631.42 DEGCRA
  At Start of Combustion the Target Excess-Air Ratio is below      0.60000
  The following value is modified:
  Massfraction of Fuel Vapour from   0.10579 [kg/kg] to    0.07916 [kg/kg]
ENDOFMESSAGE
MESSAGE
WARNING 201019 CYLINDER      1 CYLINDERMODULE   26991.42 DEGCRA
  At Start of Combustion the Target Excess-Air Ratio is below      0.60000
  The following value is modified:
  Massfraction of Fuel Vapour from   0.10589 [kg/kg] to    0.07915 [kg/kg]
ENDOFMESSAGE
MESSAGE
WARNING 201019 CYLINDER      1 CYLINDERMODULE   27351.42 DEGCRA
  At Start of Combustion the Target Excess-Air Ratio is below      0.60000
  The following value is modified:
  Massfraction of Fuel Vapour from   0.10597 [kg/kg] to    0.07915 [kg/kg]
ENDOFMESSAGE
MESSAGE
WARNING 201019 CYLINDER      1 CYLINDERMODULE   27711.42 DEGCRA
  At Start of Combustion the Target Excess-Air Ratio is below      0.60000
  The following value is modified:
  Massfraction of Fuel Vapour from   0.10618 [kg/kg] to    0.07924 [kg/kg]
ENDOFMESSAGE
MESSAGE
WARNING 201019 CYLINDER      1 CYLINDERMODULE   28071.42 DEGCRA
  At Start of Combustion the Target Excess-Air Ratio is below      0.60000
  The following value is modified:
  Massfraction of Fuel Vapour from   0.10611 [kg/kg] to    0.07913 [kg/kg]
ENDOFMESSAGE
MESSAGE
WARNING 201019 CYLINDER      1 CYLINDERMODULE   28431.42 DEGCRA
  At Start of Combustion the Target Excess-Air Ratio is below      0.60000
  The following value is modified:
  Massfraction of Fuel Vapour from   0.10634 [kg/kg] to    0.07924 [kg/kg]
ENDOFMESSAGE
MESSAGE
WARNING 201019 CYLINDER      1 CYLINDERMODULE   28791.42 DEGCRA
  At Start of Combustion the Target Excess-Air Ratio is below      0.60000
  The following value is modified:
  Massfraction of Fuel Vapour from   0.10625 [kg/kg] to    0.07912 [kg/kg]
ENDOFMESSAGE
MESSAGE
WARNING 201019 CYLINDER      1 CYLINDERMODULE   29151.42 DEGCRA
  At Start of Combustion the Target Excess-Air Ratio is below      0.60000
  The following value is modified:
  Massfraction of Fuel Vapour from   0.10648 [kg/kg] to    0.07924 [kg/kg]
ENDOFMESSAGE
MESSAGE
WARNING 201019 CYLINDER      1 CYLINDERMODULE   29511.42 DEGCRA
  At Start of Combustion the Target Excess-Air Ratio is below      0.60000
  The following value is modified:
  Massfraction of Fuel Vapour from   0.10651 [kg/kg] to    0.07921 [kg/kg]
ENDOFMESSAGE
MESSAGE
WARNING 201019 CYLINDER      1 CYLINDERMODULE   29871.42 DEGCRA
  At Start of Combustion the Target Excess-Air Ratio is below      0.60000
  The following value is modified:
  Massfraction of Fuel Vapour from   0.10657 [kg/kg] to    0.07921 [kg/kg]
ENDOFMESSAGE
MESSAGE
WARNING 201019 CYLINDER      1 CYLINDERMODULE   30231.42 DEGCRA
  At Start of Combustion the Target Excess-Air Ratio is below      0.60000
  The following value is modified:
  Massfraction of Fuel Vapour from   0.10662 [kg/kg] to    0.07920 [kg/kg]
ENDOFMESSAGE
MESSAGE
WARNING 201019 CYLINDER      1 CYLINDERMODULE   30591.42 DEGCRA
  At Start of Combustion the Target Excess-Air Ratio is below      0.60000
  The following value is modified:
  Massfraction of Fuel Vapour from   0.10669 [kg/kg] to    0.07921 [kg/kg]
ENDOFMESSAGE
MESSAGE
WARNING 201019 CYLINDER      1 CYLINDERMODULE   30951.42 DEGCRA
  At Start of Combustion the Target Excess-Air Ratio is below      0.60000
  The following value is modified:
  Massfraction of Fuel Vapour from   0.10674 [kg/kg] to    0.07921 [kg/kg]
ENDOFMESSAGE
MESSAGE
WARNING 201019 CYLINDER      1 CYLINDERMODULE   31311.42 DEGCRA
  At Start of Combustion the Target Excess-Air Ratio is below      0.60000
  The following value is modified:
  Massfraction of Fuel Vapour from   0.10678 [kg/kg] to    0.07920 [kg/kg]
ENDOFMESSAGE
MESSAGE
WARNING 201019 CYLINDER      1 CYLINDERMODULE   31671.42 DEGCRA
  At Start of Combustion the Target Excess-Air Ratio is below      0.60000
  The following value is modified:
  Massfraction of Fuel Vapour from   0.10683 [kg/kg] to    0.07919 [kg/kg]
ENDOFMESSAGE
MESSAGE
WARNING 201019 CYLINDER      1 CYLINDERMODULE   32031.42 DEGCRA
  At Start of Combustion the Target Excess-Air Ratio is below      0.60000
  The following value is modified:
  Massfraction of Fuel Vapour from   0.10689 [kg/kg] to    0.07920 [kg/kg]
ENDOFMESSAGE
MESSAGE
WARNING 201019 CYLINDER      1 CYLINDERMODULE   32391.42 DEGCRA
  At Start of Combustion the Target Excess-Air Ratio is below      0.60000
  The following value is modified:
  Massfraction of Fuel Vapour from   0.10692 [kg/kg] to    0.07919 [kg/kg]
ENDOFMESSAGE
MESSAGE
WARNING 201019 CYLINDER      1 CYLINDERMODULE   32751.42 DEGCRA
  At Start of Combustion the Target Excess-Air Ratio is below      0.60000
  The following value is modified:
  Massfraction of Fuel Vapour from   0.10697 [kg/kg] to    0.07920 [kg/kg]
ENDOFMESSAGE
MESSAGE
WARNING 201019 CYLINDER      1 CYLINDERMODULE   33111.42 DEGCRA
  At Start of Combustion the Target Excess-Air Ratio is below      0.60000
  The following value is modified:
  Massfraction of Fuel Vapour from   0.10701 [kg/kg] to    0.07920 [kg/kg]
ENDOFMESSAGE
MESSAGE
WARNING 201019 CYLINDER      1 CYLINDERMODULE   33471.42 DEGCRA
  At Start of Combustion the Target Excess-Air Ratio is below      0.60000
  The following value is modified:
  Massfraction of Fuel Vapour from   0.10704 [kg/kg] to    0.07919 [kg/kg]
ENDOFMESSAGE
MESSAGE
WARNING 201019 CYLINDER      1 CYLINDERMODULE   33831.42 DEGCRA
  At Start of Combustion the Target Excess-Air Ratio is below      0.60000
  The following value is modified:
  Massfraction of Fuel Vapour from   0.10707 [kg/kg] to    0.07919 [kg/kg]
ENDOFMESSAGE
MESSAGE
WARNING 201019 CYLINDER      1 CYLINDERMODULE   34191.42 DEGCRA
  At Start of Combustion the Target Excess-Air Ratio is below      0.60000
  The following value is modified:
  Massfraction of Fuel Vapour from   0.10712 [kg/kg] to    0.07920 [kg/kg]
ENDOFMESSAGE
MESSAGE
WARNING 201019 CYLINDER      1 CYLINDERMODULE   34551.42 DEGCRA
  At Start of Combustion the Target Excess-Air Ratio is below      0.60000
  The following value is modified:
  Massfraction of Fuel Vapour from   0.10715 [kg/kg] to    0.07919 [kg/kg]
ENDOFMESSAGE
MESSAGE
WARNING 201019 CYLINDER      1 CYLINDERMODULE   34911.42 DEGCRA
  At Start of Combustion the Target Excess-Air Ratio is below      0.60000
  The following value is modified:
  Massfraction of Fuel Vapour from   0.10717 [kg/kg] to    0.07918 [kg/kg]
ENDOFMESSAGE
MESSAGE
WARNING 201019 CYLINDER      1 CYLINDERMODULE   35271.42 DEGCRA
  At Start of Combustion the Target Excess-Air Ratio is below      0.60000
  The following value is modified:
  Massfraction of Fuel Vapour from   0.10721 [kg/kg] to    0.07919 [kg/kg]
ENDOFMESSAGE
MESSAGE
WARNING 201019 CYLINDER      1 CYLINDERMODULE   35631.42 DEGCRA
  At Start of Combustion the Target Excess-Air Ratio is below      0.60000
  The following value is modified:
  Massfraction of Fuel Vapour from   0.10723 [kg/kg] to    0.07918 [kg/kg]
ENDOFMESSAGE
MESSAGE
WARNING 201019 CYLINDER      1 CYLINDERMODULE   35991.42 DEGCRA
  At Start of Combustion the Target Excess-Air Ratio is below      0.60000
  The following value is modified:
  Massfraction of Fuel Vapour from   0.10727 [kg/kg] to    0.07919 [kg/kg]
ENDOFMESSAGE
