 --------------------------------
 AVL - B O O S T
 Version:        v2019.2.0.0.0
 Build:          Sep 30 2019 22:44:23
 Git Build Hash: be28b9261d560946c8b3a40b85f0245f4d0c8e85
 System:         x86_64-unknown-winnt_i16v15
 --------------------------------

LICENSE
-------
 sys_1DCFD_solver 2019.0@ License will expire in 279 days

PROJECT
-------
 Preprocessor Version :  2019.2
 Calculation date     : 27.03.2020
 File     : ravna_primerjava.bst
 Case Set : "dolzina"
 Case     : "Case 23"
 
 Project ID: ""
 Run ID:     ""
 Model date: "5. Mar 2020 08:55:39"

ELEMENTS
--------
 Element Name        Number

 PIPE                   6
 SYSTEMBOUNDARY         2
 VARIABLE_PLENUM        1
 CYLINDER               1
 RESTRICTION            1
 ROTARYVALVE            1
 FUELINJECTOR           1
 MEASURINGPOINT         4
 ENGINE                 1
 PIPE_END              12
 ALL_PIPES              6
 ALL_PLENUMS            1
 ALL_BOUNDARIES         2
 RESTRICTIONS           3
 ALL_PIDS               1
 PIPE_VAR_WALL_TEMP     6

GLOBAL DATA
-----------
  Engine Speed :         3000.0  rpm
  Calculationmode:        BOOST  Single
  Cycle Duration:        360.00  degrees
  Max. calc. period:   36000.00  degrees
  Cycles calculated:        100  cycles
  Calc. time steps:     0.73888  degrees (max)
                        0.70791  degrees
                        0.03933  ms
                        0.65884  degrees (short pipe)
                        0.03660  ms (short pipe)
  Traces results step:  3.00000  degrees
  User concentrations:        0
  Ref. pressure:      100000.00  Pa
  Ref. temperature:     298.000  K
  Gas properties:      Variable
  Gasproperties File:     GASOLINE.BGP
     bgp_build_version:   v2013.0.0.0.0
     bgp_build_host:      boosthost
     bgp_build_user:      boost
     bgp_build_date:      2012.03.23
     bgp_build_time:      08:00:00
  Lower calorific:  0.43500E+08  J/kg
  Stoic. A/F-ratio:      14.500

  Warnings:                   0
  Convergence errors:         0

PIPES
-----

 Total number of pipe cells:     36

 Pipe   Cells   Cell size       W.Heat     Wall T    Fric. coeff.   Lam. Fric. Coeff.  Heat Factor       Volume
  nr.                [mm]         [kJ]        [K]             [-]                 [-]          [-]        [dm3]
    1       4        26.5        0.000     300.00        0.019000           64.000000     1.000000     0.033301
    2       1        30.0       -0.000     300.00        0.019000           64.000000     1.000000     0.005301
    3       1        30.0       -0.001     300.00        0.019000           64.000000     1.000000     0.005301
    4       4        25.0        0.000     300.00        0.019000           64.000000     1.000000     0.031416
    5       1        30.0        0.000     300.00        0.019000           64.000000     1.000000     0.009425
    6      25        25.0       -0.016     300.00        0.019000           64.000000     1.000000     0.886634


MEASURINGPOINTS: Average Values
-------------------------------
 Mp. Pipe Location   Diameter  Pressure  Temp. Ms.Temp.  Velo.   Massflow   Massflow To.Ent.f.  To.Ent.f.  Mach. Wtemp.  Converg.
 nr.  nr.     [mm]       [mm]     [bar]    [K]      [K]  [m/s]      [g/s]  [g/cycle]    [kJ/s]  [kJ/cyc.]    [-]    [K]       [-]
  1   2     0.0000    15.0000    0.9969  299.3    301.0   11.9     2.6616     0.0532     0.017     0.0003   0.04  300.0 0.531E-08
  2   6     0.0000    42.5000    1.0020  559.3    728.6    4.1     2.6601     0.0532     4.556     0.0911   0.01  300.0 0.848E-07
  3   6   100.0000    42.5000    1.0019  694.6    698.4    4.0     2.6610     0.0532     4.453     0.0891   0.01  300.0 0.762E-07
  4   6   612.2449    42.5000    1.0011  477.1    481.2    2.3     2.6630     0.0533     3.784     0.0757   0.01  300.0 0.308E-05

SYSTEMBOUNDARIES
Attachments
-----------
 Type                 Nr.   Pipe       Mass flow
                             Nr.       [g/cycle]
 SYSTEMBOUNDARY        1      1          0.0483
 SYSTEMBOUNDARY        2      6          0.0532

PLENUMS: Average Values
-----------------------
                   Pl. Pressure   Temp.      Mass Wallheat
                   nr.    [bar]     [K]       [g]     [kJ]
 VARIABLE_PLENUM    1    1.0027  299.74     0.629    0.000
                                          Attached pipe   2:      0.0532 g/cycle
                                          Attached pipe   5:      0.0532 g/cycle

PLENUMS
Attachments
-----------
 Type                 Nr.   Pipe       Mass flow
                             Nr.       [g/cycle]
 VARIABLE_PLENUM       1      2          0.0532
 VARIABLE_PLENUM       1      5          0.0532

VARIABLE PLENUMS: Average Values
--------------------------------
 Pl. Pressure   Temp.      Mass Wallheat  Vol.work  Volume
 nr.    [bar]     [K]       [g]     [kJ]      [kJ]     [l]
  1    1.0027  299.74     0.629    0.000    -0.001    0.51
                                                           Attached pipe   2:      0.0532 g/cycle
                                                           Attached pipe   5:      0.0532 g/cycle

CYLINDERS: Average Values
-------------------------
                               Total
                              Engine         Cyl.   1
Firing TDC [deg]                                  0.00
Bore [mm]                                        37.80
Stroke [mm]                                      43.00
Conrodl. [mm]                                    90.00
Piston pin offset [mm]                            0.00
Swept Vol. [l]                   0.0483         0.0483
Dyn. Comp. ratio [-]                              7.85

Combustion Data:
----------------
Combustion Char.                                  Vibe     
Comb.start [deg]                                 -9.00
Vibe Parameter a [-]                             6.900
Vibe Param. m 1 [-]                              1.860
Peak Fir.Pres. [bar]              43.92          43.92
at Crankangle [deg]               16.26          16.26
Peak Pres.Rise[bar/deg]            1.96           1.96
at Crankangle [deg]                5.17           5.17
Peak Fir. Temp. [K]             2144.37        2144.37
at Crankangle [deg]               20.69          20.69

Performance:
------------
Rel. to Ave. [-]                                1.0000
BMEP [bar]                       5.7077         5.7077
AMEP;SMEP [bar]                  0.1143         0.1143
ISFC [g/kWh]                   521.3201       521.3201
Rel. to Ave. [-]                                1.0000
ISFC (tr.f.) [g/kWh]           388.5017       388.5017
BSFC [g/kWh]                   636.7982       636.7982
Indicated Eff. [-]               0.2130         0.2130
Iso vol. comb. Eff [-]           0.9661         0.9661
Polytropic Coeff. [-]                           1.3021

Fuel Mass Balance:
------------------
Inj. Fuelmass [g]              0.000000       0.000000
Asp.Trap. Fuelmass [g]         0.003631       0.003631
Fuelmassfl.(A+I) [g/s]         0.243596       0.243596
Fuelmass tot.trap. [g]         0.003631       0.003631
Trapped Fuelm.fl.[g/s]         0.181535       0.181535
Trapp. Eff. Fuel [-]             0.7452         0.7452

Energy Balance Cylinder:
------------------------
Fuel Energy [kJ]                0.15799        0.15799
Released Energy [kJ]            0.15777        0.15777
-> Brake Power     [%]           17.457         17.457
-> Loss: Friction  [%]            3.517          3.517
-> Loss: Piston    [%]            7.657          7.657
-> Loss: Head      [%]           10.018         10.018
-> Loss: Liner     [%]            2.819          2.819
-> Loss: Int. Port [%]            0.000          0.000
-> Loss: Exh. Port [%]            0.000          0.000
-> Loss: Exh. Gas  [%]           58.111         58.111
Eff. Rel. Energy [kJ]           0.09400        0.09400
Gross Rel. Energy [kJ]          0.15777        0.15777
Eff.Gross Rel.Ener.[kJ]         0.09400        0.09400
Energy Balance [-]               0.9986         0.9986
Eff. Energy Balance [-]          0.5950         0.5950

Blowby:
-------
Blowbymass [g]                 0.000000       0.000000
Blowbymassfl. [g/s]            0.000000       0.000000
Blowby Heat Flow [kJ]          0.000000       0.000000

Reference Values at Start of High Pressure:
-------------------------------------------
Pressure at SHP[bar]             1.1657         1.1657
Temperature [K]                  396.28         396.28
Air Massfl.  [g/s]             2.417723       2.417723
Fuel Massfl. [g/s]             0.243596       0.243596
Trapp. Eff. Air [-]              0.7452         0.7452
Trapp. Eff.Fuel [-]              0.7452         0.7452
A/F-Ratio (Cmb.) [-]               9.93           9.93
Excess Air Ratio [-]             0.6845         0.6845

Reference Values at Start Of Combustion:
----------------------------------------
Pressure [bar]                  15.5281        15.5281
Temperature [K]                  717.91         717.91

Residual Gas:
-------------
Res.gas content [-]              0.1291         0.1291
External EGR [-]                -0.0000        -0.0000
Internal EGR [-]                 0.1291         0.1291
Com.Prod.Mass. at EO [g]       0.045505       0.045505
Res.gas mass at SHP [g]        0.005881       0.005881
Res.gas aspirated IN [g]      -0.000000      -0.000000
Res.gas from intake [g]        0.000045       0.000045
Rel. to Total [-]                0.0076         0.0076
Res.gas flow EX [g]            0.039626       0.039626
Res.gas from exhaust [g]       0.000000       0.000000
Rel. to Total [-]                0.0000         0.0000

Gas Exchange:
-------------
Volumetric Eff. [-]              0.6389         0.6389
Rel. to Ave. [-]                                1.0000
Total Mass at SHP[g]             0.0455         0.0455
Mass Delivered [g]              0.05323        0.05323
Mass Delivered [g/s]            2.66132        2.66132
Delivery Ratio [-]               0.9437         0.9437
Rel. to Ave. [-]                                1.0000
Av.Airmass at SHP[g]             0.0360         0.0360
Air Delivered [g]               0.04835        0.04835
Air Delivered [g/s]             2.41772        2.41772
Airdeliveryratio [-]             0.8573         0.8573
Rel. to Ave. [-]                                1.0000
Airmass Trapped [g]             0.03604        0.03604
Airmass Trapped [g/s]           1.80177        1.80177
Trapp. Eff. Air [-]              0.7452         0.7452
Rel. to Ave. [-]                                1.0000
Airpurity [-]                    0.7912         0.7912
Dyn. Swirl [-]                   0.0000         0.0000
Dyn. Tumble [-]                  0.0000         0.0000

Wall Heatlosses:
----------------
Piston [kJ]                     -0.0121        -0.0121
Piston Temperature [K]                          570.00
Cylinderhead [kJ]              -0.01581       -0.01581
Head Temperature [K]                            500.00
Cylinderliner [kJ]             -0.00445       -0.00445
LinerTDC Temperature [K]                        470.00
LinerBDC Temperature [K]                        390.00
Sum of Wallheat [kJ]           -0.03233       -0.03233
Wall Heatlosses in High Pressure Phase:
Piston HP [kJ]                 -0.01197       -0.01197
Cylinderhead HP [kJ]           -0.01548       -0.01548
Cylinderliner HP [kJ]          -0.00361       -0.00361
Sum of Wallheat HP [kJ]        -0.03106       -0.03106
Wall Heatlosses Related to Heatinput:
Piston [-]                      -0.0765        -0.0765
Cylinderhead [-]                -0.1001        -0.1001
Cylinderliner [-]               -0.0282        -0.0282
Sum of Wallheat [-]             -0.2047        -0.2047
M. Eff. HTC [W/m2/K]             337.66         337.66
M. Eff. Temp. [K]               1347.36        1347.36

Reference Values at EO:
-----------------------
Pressure [bar]                     3.73           3.73
Temperature [K]                 1115.68        1115.68
A/F-Ratio [-]                      9.93           9.93
Com.Prod.Conc. [-]              0.99914        0.99914
Fuel Concentr. [-]             0.000079       0.000079

Average Values of Pipeattachements:
-----------------------------------
 Attached Pipe                                       2
Vlv/Prt.Op.Eff.0mm[deg]                         138.81
Vlv/Prt.Cl.Eff.0mm[deg]                         221.38
Massflow [g/cycle]                            0.053226
Wallheat [kJ/cycle]                           0.000000
 Attached Pipe                                       3
Vlv/Prt.Op.Eff.0mm[deg]                         114.53
Vlv/Prt.Cl.Eff.0mm[deg]                         245.02
Massflow [g/cycle]                            0.053226
Wallheat [kJ/cycle]                           0.000000

FLOWRESTRICTIONS: Average Values
--------------------------------
 Flr. Att.Pi.  Massflow  Att.Pi.  Massflow
  nr.  number [g/cycle]   number [g/cycle]
    1       3    0.0532        6    0.0532

ROTARYVALVES: Average Values
----------------------------
 RVl. Att.Pi.  Massflow  Att.Pi.  Massflow
  nr.  number [g/cycle]   number [g/cycle]
    1       4    0.0532        5    0.0532

FUELINJECTORS: Average Values
-----------------------------
 Inj. Att.Pi.  Massflow  Att.Pi.  Massflow Added Fuel
  nr.  number [g/cycle]   number [g/cycle]  [g/cycle]
    1       1    0.0483        4    0.0532     0.0049

OVERALL ENGINE PERFORMANCE:
===========================

Indicated Torque          :      5.35 Nm                    Indicated Specific Torque :    110.96 Nm/l
Indicated Power           :      1.68 kW,         2.29 PS   Indicated Specific Power  :     34.86 kW/l,      47.40 PS/l
Auxiliary Drives Torque   :      0.09 Nm                    Auxiliary Drives Power    :      0.03 kW
Friction Torque           :      0.88 Nm                    Friction Power            :      0.28 kW
Effective Torque          :      4.38 Nm                    Effective Specific Torque :     90.84 Nm/l
Effective Power           :      1.38 kW,         1.87 PS   Effective Specific Power  :     28.54 kW/l,      38.80 PS/l

Required time for reading the inputfile and initialisation:       0.05 min
Required time for the calculation: .........................      0.16 min
Required time for writing the outputfile: ..................      0.00 min
Required total time: .......................................      0.22 min
Required total CPU-time: ...................................     10.03 sec
