  CASE 1 of 30 dolzina.Case 1 ...
      TASK: createseriesresults
      TASK: creation
      TASK: simulation
  CASE 2 of 30 dolzina.Case 2 ...
      TASK: createseriesresults
      TASK: creation
      TASK: simulation
  CASE 3 of 30 dolzina.Case 3 ...
      TASK: createseriesresults
      TASK: creation
      TASK: simulation
  CASE 4 of 30 dolzina.Case 4 ...
      TASK: createseriesresults
      TASK: creation
      TASK: simulation
  CASE 5 of 30 dolzina.Case 5 ...
      TASK: createseriesresults
      TASK: creation
      TASK: simulation
  CASE 6 of 30 dolzina.Case 6 ...
      TASK: createseriesresults
      TASK: creation
      TASK: simulation
  CASE 7 of 30 dolzina.Case 7 ...
      TASK: createseriesresults
      TASK: creation
      TASK: simulation
  CASE 8 of 30 dolzina.Case 8 ...
      TASK: createseriesresults
      TASK: creation
      TASK: simulation
  CASE 9 of 30 dolzina.Case 9 ...
      TASK: createseriesresults
      TASK: creation
      TASK: simulation
  CASE 10 of 30 dolzina.Case 10 ...
      TASK: createseriesresults
      TASK: creation
      TASK: simulation
  CASE 11 of 30 dolzina.Case 11 ...
      TASK: createseriesresults
      TASK: creation
      TASK: simulation
  CASE 12 of 30 dolzina.Case 12 ...
      TASK: createseriesresults
      TASK: creation
      TASK: simulation
  CASE 13 of 30 dolzina.Case 13 ...
      TASK: createseriesresults
      TASK: creation
      TASK: simulation
  CASE 14 of 30 dolzina.Case 14 ...
      TASK: createseriesresults
      TASK: creation
      TASK: simulation
  CASE 15 of 30 dolzina.Case 15 ...
      TASK: createseriesresults
      TASK: creation
      TASK: simulation
  CASE 16 of 30 dolzina.Case 16 ...
      TASK: createseriesresults
      TASK: creation
      TASK: simulation
  CASE 17 of 30 dolzina.Case 17 ...
      TASK: createseriesresults
      TASK: creation
      TASK: simulation
  CASE 18 of 30 dolzina.Case 18 ...
      TASK: createseriesresults
      TASK: creation
      TASK: simulation
  CASE 19 of 30 dolzina.Case 19 ...
      TASK: createseriesresults
      TASK: creation
      TASK: simulation
  CASE 20 of 30 dolzina.Case 20 ...
      TASK: createseriesresults
      TASK: creation
      TASK: simulation
  CASE 21 of 30 dolzina.Case 21 ...
      TASK: createseriesresults
      TASK: creation
      TASK: simulation
  CASE 22 of 30 dolzina.Case 22 ...
      TASK: createseriesresults
      TASK: creation
      TASK: simulation
  CASE 23 of 30 dolzina.Case 23 ...
      TASK: createseriesresults
      TASK: creation
      TASK: simulation
  CASE 24 of 30 dolzina.Case 24 ...
      TASK: createseriesresults
      TASK: creation
      TASK: simulation
  CASE 25 of 30 dolzina.Case 25 ...
      TASK: createseriesresults
      TASK: creation
      TASK: simulation
  CASE 26 of 30 dolzina.Case 26 ...
      TASK: createseriesresults
      TASK: creation
      TASK: simulation
  CASE 27 of 30 dolzina.Case 27 ...
      TASK: createseriesresults
      TASK: creation
      TASK: simulation
  CASE 28 of 30 dolzina.Case 28 ...
      TASK: createseriesresults
      TASK: creation
      TASK: simulation
  CASE 29 of 30 dolzina.Case 29 ...
      TASK: createseriesresults
      TASK: creation
      TASK: simulation
  CASE 30 of 30 dolzina.Case 30 ...
      TASK: createseriesresults
      TASK: creation
      TASK: simulation
  finished Pre-Processing
