 --------------------------------
 AVL - B O O S T
 Version:        v2019.2.0.0.0
 Build:          Sep 30 2019 22:44:23
 Git Build Hash: be28b9261d560946c8b3a40b85f0245f4d0c8e85
 System:         x86_64-unknown-winnt_i16v15
 --------------------------------

LICENSE
-------
 sys_1DCFD_solver 2019.0@ License will expire in 279 days

PROJECT
-------
 Preprocessor Version :  2019.2
 Calculation date     : 27.03.2020
 File     : ravna_primerjava.bst
 Case Set : "dolzina"
 Case     : "Case 17"
 
 Project ID: ""
 Run ID:     ""
 Model date: "5. Mar 2020 08:55:39"

ELEMENTS
--------
 Element Name        Number

 PIPE                   6
 SYSTEMBOUNDARY         2
 VARIABLE_PLENUM        1
 CYLINDER               1
 RESTRICTION            1
 ROTARYVALVE            1
 FUELINJECTOR           1
 MEASURINGPOINT         4
 ENGINE                 1
 PIPE_END              12
 ALL_PIPES              6
 ALL_PLENUMS            1
 ALL_BOUNDARIES         2
 RESTRICTIONS           3
 ALL_PIDS               1
 PIPE_VAR_WALL_TEMP     6

GLOBAL DATA
-----------
  Engine Speed :         3000.0  rpm
  Calculationmode:        BOOST  Single
  Cycle Duration:        360.00  degrees
  Max. calc. period:   36000.00  degrees
  Cycles calculated:        100  cycles
  Calc. time steps:     0.73888  degrees (max)
                        0.71959  degrees
                        0.03998  ms
                        0.71704  degrees (short pipe)
                        0.03984  ms (short pipe)
  Traces results step:  3.00000  degrees
  User concentrations:        0
  Ref. pressure:      100000.00  Pa
  Ref. temperature:     298.000  K
  Gas properties:      Variable
  Gasproperties File:     GASOLINE.BGP
     bgp_build_version:   v2013.0.0.0.0
     bgp_build_host:      boosthost
     bgp_build_user:      boost
     bgp_build_date:      2012.03.23
     bgp_build_time:      08:00:00
  Lower calorific:  0.43500E+08  J/kg
  Stoic. A/F-ratio:      14.500

  Warnings:                  81
  Convergence errors:         0

PIPES
-----

 Total number of pipe cells:     51

 Pipe   Cells   Cell size       W.Heat     Wall T    Fric. coeff.   Lam. Fric. Coeff.  Heat Factor       Volume
  nr.                [mm]         [kJ]        [K]             [-]                 [-]          [-]        [dm3]
    1       4        26.5        0.000     300.00        0.019000           64.000000     1.000000     0.033301
    2       1        30.0       -0.000     300.00        0.019000           64.000000     1.000000     0.005301
    3       1        30.0       -0.000     300.00        0.019000           64.000000     1.000000     0.005301
    4       4        25.0        0.000     300.00        0.019000           64.000000     1.000000     0.031416
    5       1        30.0        0.000     300.00        0.019000           64.000000     1.000000     0.009425
    6      40        24.9       -0.008     300.00        0.019000           64.000000     1.000000     0.312839


MEASURINGPOINTS: Average Values
-------------------------------
 Mp. Pipe Location   Diameter  Pressure  Temp. Ms.Temp.  Velo.   Massflow   Massflow To.Ent.f.  To.Ent.f.  Mach. Wtemp.  Converg.
 nr.  nr.     [mm]       [mm]     [bar]    [K]      [K]  [m/s]      [g/s]  [g/cycle]    [kJ/s]  [kJ/cyc.]    [-]    [K]       [-]
  1   2     0.0000    15.0000    0.9985  298.9    302.5    4.5     1.1864     0.0237     0.007     0.0001   0.02  300.0 0.180E-04
  2   6     0.0000    20.0000    1.0149  546.4    639.0    9.2     1.5397     0.0308     3.857     0.0771   0.02  300.0 0.212E-03
  3   6   100.0000    20.0000    1.0136  577.3    574.2    9.0     1.5566     0.0311     3.862     0.0772   0.02  300.0 0.525E-03
  4   6   989.7959    20.0000    0.9987  424.8    244.8    4.5     1.8416     0.0368     3.487     0.0697   0.01  300.0 0.305E-01

SYSTEMBOUNDARIES
Attachments
-----------
 Type                 Nr.   Pipe       Mass flow
                             Nr.       [g/cycle]
 SYSTEMBOUNDARY        1      1          0.0143
 SYSTEMBOUNDARY        2      6          0.0371

PLENUMS: Average Values
-----------------------
                   Pl. Pressure   Temp.      Mass Wallheat
                   nr.    [bar]     [K]       [g]     [kJ]
 VARIABLE_PLENUM    1    1.0000  298.61     0.715    0.000
                                          Attached pipe   2:      0.0237 g/cycle
                                          Attached pipe   5:      0.0217 g/cycle

PLENUMS
Attachments
-----------
 Type                 Nr.   Pipe       Mass flow
                             Nr.       [g/cycle]
 VARIABLE_PLENUM       1      2          0.0237
 VARIABLE_PLENUM       1      5          0.0217

VARIABLE PLENUMS: Average Values
--------------------------------
 Pl. Pressure   Temp.      Mass Wallheat  Vol.work  Volume
 nr.    [bar]     [K]       [g]     [kJ]      [kJ]     [l]
  1    1.0000  298.61     0.715    0.000    -0.000    0.51
                                                           Attached pipe   2:      0.0237 g/cycle
                                                           Attached pipe   5:      0.0217 g/cycle

CYLINDERS: Average Values
-------------------------
                               Total
                              Engine         Cyl.   1
Firing TDC [deg]                                  0.00
Bore [mm]                                        37.80
Stroke [mm]                                      43.00
Conrodl. [mm]                                    90.00
Piston pin offset [mm]                            0.00
Swept Vol. [l]                   0.0483         0.0483
Dyn. Comp. ratio [-]                              7.82

Combustion Data:
----------------
Combustion Char.                                  Vibe     
Comb.start [deg]                                 -9.00
Vibe Parameter a [-]                             6.900
Vibe Param. m 1 [-]                              1.860
Peak Fir.Pres. [bar]              31.20          31.20
at Crankangle [deg]               14.78          14.78
Peak Pres.Rise[bar/deg]            1.23           1.23
at Crankangle [deg]               -8.96          -8.96
Peak Fir. Temp. [K]             1593.85        1593.85
at Crankangle [deg]               19.95          19.95

Performance:
------------
Rel. to Ave. [-]                                1.0000
BMEP [bar]                       3.5485         3.5485
AMEP;SMEP [bar]                  0.0804         0.0804
ISFC [g/kWh]                   904.8807       904.8807
Rel. to Ave. [-]                                1.0000
ISFC (tr.f.) [g/kWh]           793.6517       793.6517
BSFC [g/kWh]                  1218.6455      1218.6455
Indicated Eff. [-]               0.1043         0.1043
Iso vol. comb. Eff [-]           0.9669         0.9669
Polytropic Coeff. [-]                           1.2321

Fuel Mass Balance:
------------------
Inj. Fuelmass [g]              0.000000       0.000000
Asp.Trap. Fuelmass [g]         0.005084       0.005084
Fuelmassfl.(A+I) [g/s]         0.289824       0.289824
Fuelmass tot.trap. [g]         0.005084       0.005084
Trapped Fuelm.fl.[g/s]         0.254198       0.254198
Trapp. Eff. Fuel [-]             0.8771         0.8771

Energy Balance Cylinder:
------------------------
Fuel Energy [kJ]                0.10401        0.10401
Released Energy [kJ]            0.10387        0.10387
-> Brake Power     [%]           16.486         16.486
-> Loss: Friction  [%]            5.343          5.343
-> Loss: Piston    [%]            5.268          5.268
-> Loss: Head      [%]            7.294          7.294
-> Loss: Liner     [%]            2.181          2.181
-> Loss: Int. Port [%]            0.000          0.000
-> Loss: Exh. Port [%]            0.000          0.000
-> Loss: Exh. Gas  [%]           74.366         74.366
Eff. Rel. Energy [kJ]           0.05078        0.05078
Gross Rel. Energy [kJ]          0.10387        0.10387
Eff.Gross Rel.Ener.[kJ]         0.05078        0.05078
Energy Balance [-]               0.9986         0.9986
Eff. Energy Balance [-]          0.4882         0.4882

Blowby:
-------
Blowbymass [g]                 0.000000       0.000000
Blowbymassfl. [g/s]            0.000000       0.000000
Blowby Heat Flow [kJ]          0.000000       0.000000

Reference Values at Start of High Pressure:
-------------------------------------------
Pressure at SHP[bar]             0.9841         0.9841
Temperature [K]                  433.11         433.11
Air Massfl.  [g/s]             0.897883       0.897883
Fuel Massfl. [g/s]             0.289824       0.289824
Trapp. Eff. Air [-]              0.8774         0.8774
Trapp. Eff.Fuel [-]              0.8771         0.8771
A/F-Ratio (Cmb.) [-]               8.70           8.70
Excess Air Ratio [-]             0.6000         0.6000

Reference Values at Start Of Combustion:
----------------------------------------
Pressure [bar]                  11.2890        11.2890
Temperature [K]                  706.01         706.01

Residual Gas:
-------------
Res.gas content [-]              0.3940         0.3940
External EGR [-]                 0.0000         0.0000
Internal EGR [-]                 0.3940         0.3940
Com.Prod.Mass. at EO [g]       0.041416       0.041416
Res.gas mass at SHP [g]        0.013550       0.013550
Res.gas aspirated IN [g]       0.000000       0.000000
Res.gas from intake [g]        0.000007       0.000007
Rel. to Total [-]                0.0005         0.0005
Res.gas flow EX [g]            0.027867       0.027867
Res.gas from exhaust [g]       0.001706       0.001706
Rel. to Total [-]                0.1259         0.1259

Gas Exchange:
-------------
Volumetric Eff. [-]              0.2793         0.2793
Rel. to Ave. [-]                                1.0000
Total Mass at SHP[g]             0.0344         0.0344
Mass Delivered [g]              0.02375        0.02375
Mass Delivered [g/s]            1.18772        1.18772
Delivery Ratio [-]               0.4212         0.4212
Rel. to Ave. [-]                                1.0000
Av.Airmass at SHP[g]             0.0158         0.0158
Air Delivered [g]               0.01796        0.01796
Air Delivered [g/s]             0.89788        0.89788
Airdeliveryratio [-]             0.3184         0.3184
Rel. to Ave. [-]                                1.0000
Airmass Trapped [g]             0.01576        0.01576
Airmass Trapped [g/s]           0.78779        0.78779
Trapp. Eff. Air [-]              0.8774         0.8774
Rel. to Ave. [-]                                1.0000
Airpurity [-]                    0.4582         0.4582
Dyn. Swirl [-]                   0.0000         0.0000
Dyn. Tumble [-]                  0.0000         0.0000

Wall Heatlosses:
----------------
Piston [kJ]                     -0.0055        -0.0055
Piston Temperature [K]                          570.00
Cylinderhead [kJ]              -0.00758       -0.00758
Head Temperature [K]                            500.00
Cylinderliner [kJ]             -0.00227       -0.00227
LinerTDC Temperature [K]                        470.00
LinerBDC Temperature [K]                        390.00
Sum of Wallheat [kJ]           -0.01531       -0.01531
Wall Heatlosses in High Pressure Phase:
Piston HP [kJ]                 -0.00553       -0.00553
Cylinderhead HP [kJ]           -0.00745       -0.00745
Cylinderliner HP [kJ]          -0.00176       -0.00176
Sum of Wallheat HP [kJ]        -0.01473       -0.01473
Wall Heatlosses Related to Heatinput:
Piston [-]                      -0.0247        -0.0247
Cylinderhead [-]                -0.0343        -0.0343
Cylinderliner [-]               -0.0102        -0.0102
Sum of Wallheat [-]             -0.0692        -0.0692
M. Eff. HTC [W/m2/K]             261.17         261.17
M. Eff. Temp. [K]               1025.24        1025.24

Reference Values at EO:
-----------------------
Pressure [bar]                     2.63           2.63
Temperature [K]                  835.63         835.63
A/F-Ratio [-]                      8.70           8.70
Com.Prod.Conc. [-]              0.99944        0.99944
Fuel Concentr. [-]             0.000057       0.000057

Average Values of Pipeattachements:
-----------------------------------
 Attached Pipe                                       2
Vlv/Prt.Op.Eff.0mm[deg]                         138.75
Vlv/Prt.Cl.Eff.0mm[deg]                         221.01
Massflow [g/cycle]                            0.023754
Wallheat [kJ/cycle]                           0.000000
 Attached Pipe                                       3
Vlv/Prt.Op.Eff.0mm[deg]                         114.53
Vlv/Prt.Cl.Eff.0mm[deg]                         245.38
Massflow [g/cycle]                            0.030804
Wallheat [kJ/cycle]                           0.000000

FLOWRESTRICTIONS: Average Values
--------------------------------
 Flr. Att.Pi.  Massflow  Att.Pi.  Massflow
  nr.  number [g/cycle]   number [g/cycle]
    1       3    0.0308        6    0.0308

ROTARYVALVES: Average Values
----------------------------
 RVl. Att.Pi.  Massflow  Att.Pi.  Massflow
  nr.  number [g/cycle]   number [g/cycle]
    1       4    0.0216        5    0.0216

FUELINJECTORS: Average Values
-----------------------------
 Inj. Att.Pi.  Massflow  Att.Pi.  Massflow Added Fuel
  nr.  number [g/cycle]   number [g/cycle]  [g/cycle]
    1       1    0.0144        4    0.0206     0.0062

OVERALL ENGINE PERFORMANCE:
===========================

Indicated Torque          :      3.67 Nm                    Indicated Specific Torque :     76.06 Nm/l
Indicated Power           :      1.15 kW,         1.57 PS   Indicated Specific Power  :     23.89 kW/l,      32.49 PS/l
Auxiliary Drives Torque   :      0.06 Nm                    Auxiliary Drives Power    :      0.02 kW
Friction Torque           :      0.88 Nm                    Friction Power            :      0.28 kW
Effective Torque          :      2.73 Nm                    Effective Specific Torque :     56.48 Nm/l
Effective Power           :      0.86 kW,         1.16 PS   Effective Specific Power  :     17.74 kW/l,      24.12 PS/l

Required time for reading the inputfile and initialisation:       0.05 min
Required time for the calculation: .........................      0.19 min
Required time for writing the outputfile: ..................      0.00 min
Required total time: .......................................      0.25 min
Required total CPU-time: ...................................     11.67 sec
