 --------------------------------
 AVL - B O O S T
 Version:        v2019.2.0.0.0
 Build:          Sep 30 2019 22:44:23
 Git Build Hash: be28b9261d560946c8b3a40b85f0245f4d0c8e85
 System:         x86_64-unknown-winnt_i16v15
 --------------------------------

LICENSE
-------
 sys_1DCFD_solver 2019.0@ License will expire in 279 days

PROJECT
-------
 Preprocessor Version :  2019.2
 Calculation date     : 27.03.2020
 File     : ravna_primerjava.bst
 Case Set : "dolzina"
 Case     : "Case 16"
 
 Project ID: ""
 Run ID:     ""
 Model date: "5. Mar 2020 08:55:39"

ELEMENTS
--------
 Element Name        Number

 PIPE                   6
 SYSTEMBOUNDARY         2
 VARIABLE_PLENUM        1
 CYLINDER               1
 RESTRICTION            1
 ROTARYVALVE            1
 FUELINJECTOR           1
 MEASURINGPOINT         4
 ENGINE                 1
 PIPE_END              12
 ALL_PIPES              6
 ALL_PLENUMS            1
 ALL_BOUNDARIES         2
 RESTRICTIONS           3
 ALL_PIDS               1
 PIPE_VAR_WALL_TEMP     6

GLOBAL DATA
-----------
  Engine Speed :         3000.0  rpm
  Calculationmode:        BOOST  Single
  Cycle Duration:        360.00  degrees
  Max. calc. period:   36000.00  degrees
  Cycles calculated:        100  cycles
  Calc. time steps:     0.73888  degrees (max)
                        0.70377  degrees
                        0.03910  ms
                        0.66044  degrees (short pipe)
                        0.03669  ms (short pipe)
  Traces results step:  3.00000  degrees
  User concentrations:        0
  Ref. pressure:      100000.00  Pa
  Ref. temperature:     298.000  K
  Gas properties:      Variable
  Gasproperties File:     GASOLINE.BGP
     bgp_build_version:   v2013.0.0.0.0
     bgp_build_host:      boosthost
     bgp_build_user:      boost
     bgp_build_date:      2012.03.23
     bgp_build_time:      08:00:00
  Lower calorific:  0.43500E+08  J/kg
  Stoic. A/F-ratio:      14.500

  Warnings:                   0
  Convergence errors:         0

PIPES
-----

 Total number of pipe cells:     36

 Pipe   Cells   Cell size       W.Heat     Wall T    Fric. coeff.   Lam. Fric. Coeff.  Heat Factor       Volume
  nr.                [mm]         [kJ]        [K]             [-]                 [-]          [-]        [dm3]
    1       4        26.5        0.000     300.00        0.019000           64.000000     1.000000     0.033301
    2       1        30.0       -0.000     300.00        0.019000           64.000000     1.000000     0.005301
    3       1        30.0       -0.001     300.00        0.019000           64.000000     1.000000     0.005301
    4       4        25.0        0.000     300.00        0.019000           64.000000     1.000000     0.031416
    5       1        30.0        0.000     300.00        0.019000           64.000000     1.000000     0.009425
    6      25        24.8       -0.015     300.00        0.019000           64.000000     1.000000     0.329200


MEASURINGPOINTS: Average Values
-------------------------------
 Mp. Pipe Location   Diameter  Pressure  Temp. Ms.Temp.  Velo.   Massflow   Massflow To.Ent.f.  To.Ent.f.  Mach. Wtemp.  Converg.
 nr.  nr.     [mm]       [mm]     [bar]    [K]      [K]  [m/s]      [g/s]  [g/cycle]    [kJ/s]  [kJ/cyc.]    [-]    [K]       [-]
  1   2     0.0000    15.0000    0.9956  299.3    298.9   12.1     2.6409     0.0528     0.017     0.0003   0.04  300.0 0.909E-08
  2   6     0.0000    26.0000    1.0073  505.0    735.4   10.6     2.6364     0.0527     4.802     0.0960   0.02  300.0 0.139E-05
  3   6   100.0000    26.0000    1.0059  768.1    699.5   10.2     2.6377     0.0528     4.672     0.0934   0.02  300.0 0.366E-05
  4   6   612.2449    26.0000    1.0003  477.0    491.8    7.1     2.6423     0.0528     4.049     0.0810   0.02  300.0 0.704E-05

SYSTEMBOUNDARIES
Attachments
-----------
 Type                 Nr.   Pipe       Mass flow
                             Nr.       [g/cycle]
 SYSTEMBOUNDARY        1      1          0.0478
 SYSTEMBOUNDARY        2      6          0.0527

PLENUMS: Average Values
-----------------------
                   Pl. Pressure   Temp.      Mass Wallheat
                   nr.    [bar]     [K]       [g]     [kJ]
 VARIABLE_PLENUM    1    1.0030  299.78     0.630    0.000
                                          Attached pipe   2:      0.0527 g/cycle
                                          Attached pipe   5:      0.0528 g/cycle

PLENUMS
Attachments
-----------
 Type                 Nr.   Pipe       Mass flow
                             Nr.       [g/cycle]
 VARIABLE_PLENUM       1      2          0.0527
 VARIABLE_PLENUM       1      5          0.0528

VARIABLE PLENUMS: Average Values
--------------------------------
 Pl. Pressure   Temp.      Mass Wallheat  Vol.work  Volume
 nr.    [bar]     [K]       [g]     [kJ]      [kJ]     [l]
  1    1.0030  299.78     0.630    0.000    -0.001    0.51
                                                           Attached pipe   2:      0.0527 g/cycle
                                                           Attached pipe   5:      0.0528 g/cycle

CYLINDERS: Average Values
-------------------------
                               Total
                              Engine         Cyl.   1
Firing TDC [deg]                                  0.00
Bore [mm]                                        37.80
Stroke [mm]                                      43.00
Conrodl. [mm]                                    90.00
Piston pin offset [mm]                            0.00
Swept Vol. [l]                   0.0483         0.0483
Dyn. Comp. ratio [-]                              7.84

Combustion Data:
----------------
Combustion Char.                                  Vibe     
Comb.start [deg]                                 -9.00
Vibe Parameter a [-]                             6.900
Vibe Param. m 1 [-]                              1.860
Peak Fir.Pres. [bar]              44.92          44.92
at Crankangle [deg]               16.09          16.09
Peak Pres.Rise[bar/deg]            1.99           1.99
at Crankangle [deg]                5.11           5.11
Peak Fir. Temp. [K]             2142.19        2142.19
at Crankangle [deg]               20.50          20.50

Performance:
------------
Rel. to Ave. [-]                                1.0000
BMEP [bar]                       5.8534         5.8534
AMEP;SMEP [bar]                  0.1145         0.1145
ISFC [g/kWh]                   512.6834       512.6834
Rel. to Ave. [-]                                1.0000
ISFC (tr.f.) [g/kWh]           395.4465       395.4465
BSFC [g/kWh]                   623.4348       623.4348
Indicated Eff. [-]               0.2093         0.2093
Iso vol. comb. Eff [-]           0.9661         0.9661
Polytropic Coeff. [-]                           1.2994

Fuel Mass Balance:
------------------
Inj. Fuelmass [g]              0.000000       0.000000
Asp.Trap. Fuelmass [g]         0.003773       0.003773
Fuelmassfl.(A+I) [g/s]         0.244573       0.244573
Fuelmass tot.trap. [g]         0.003773       0.003773
Trapped Fuelm.fl.[g/s]         0.188646       0.188646
Trapp. Eff. Fuel [-]             0.7713         0.7713

Energy Balance Cylinder:
------------------------
Fuel Energy [kJ]                0.16417        0.16417
Released Energy [kJ]            0.16397        0.16397
-> Brake Power     [%]           17.226         17.226
-> Loss: Friction  [%]            3.384          3.384
-> Loss: Piston    [%]            7.507          7.507
-> Loss: Head      [%]            9.820          9.820
-> Loss: Liner     [%]            2.761          2.761
-> Loss: Int. Port [%]            0.000          0.000
-> Loss: Exh. Port [%]            0.000          0.000
-> Loss: Exh. Gas  [%]           58.888         58.888
Eff. Rel. Energy [kJ]           0.09566        0.09566
Gross Rel. Energy [kJ]          0.16397        0.16397
Eff.Gross Rel.Ener.[kJ]         0.09566        0.09566
Energy Balance [-]               0.9988         0.9988
Eff. Energy Balance [-]          0.5827         0.5827

Blowby:
-------
Blowbymass [g]                 0.000000       0.000000
Blowbymassfl. [g/s]            0.000000       0.000000
Blowby Heat Flow [kJ]          0.000000       0.000000

Reference Values at Start of High Pressure:
-------------------------------------------
Pressure at SHP[bar]             1.2063         1.2063
Temperature [K]                  401.43         401.43
Air Massfl.  [g/s]             2.392733       2.392733
Fuel Massfl. [g/s]             0.244573       0.244573
Trapp. Eff. Air [-]              0.7713         0.7713
Trapp. Eff.Fuel [-]              0.7713         0.7713
A/F-Ratio (Cmb.) [-]               9.78           9.78
Excess Air Ratio [-]             0.6747         0.6747

Reference Values at Start Of Combustion:
----------------------------------------
Pressure [bar]                  15.9297        15.9297
Temperature [K]                  722.97         722.97

Residual Gas:
-------------
Res.gas content [-]              0.1248         0.1248
External EGR [-]                 0.0000         0.0000
Internal EGR [-]                 0.1248         0.1248
Com.Prod.Mass. at EO [g]       0.046454       0.046454
Res.gas mass at SHP [g]        0.005804       0.005804
Res.gas aspirated IN [g]       0.000000       0.000000
Res.gas from intake [g]        0.000092       0.000092
Rel. to Total [-]                0.0159         0.0159
Res.gas flow EX [g]            0.040651       0.040651
Res.gas from exhaust [g]       0.000066       0.000066
Rel. to Total [-]                0.0113         0.0113

Gas Exchange:
-------------
Volumetric Eff. [-]              0.6544         0.6544
Rel. to Ave. [-]                                1.0000
Total Mass at SHP[g]             0.0465         0.0465
Mass Delivered [g]              0.05275        0.05275
Mass Delivered [g/s]            2.63731        2.63731
Delivery Ratio [-]               0.9352         0.9352
Rel. to Ave. [-]                                1.0000
Av.Airmass at SHP[g]             0.0369         0.0369
Air Delivered [g]               0.04785        0.04785
Air Delivered [g/s]             2.39273        2.39273
Airdeliveryratio [-]             0.8485         0.8485
Rel. to Ave. [-]                                1.0000
Airmass Trapped [g]             0.03691        0.03691
Airmass Trapped [g/s]           1.84559        1.84559
Trapp. Eff. Air [-]              0.7713         0.7713
Rel. to Ave. [-]                                1.0000
Airpurity [-]                    0.7940         0.7940
Dyn. Swirl [-]                   0.0000         0.0000
Dyn. Tumble [-]                  0.0000         0.0000

Wall Heatlosses:
----------------
Piston [kJ]                     -0.0123        -0.0123
Piston Temperature [K]                          570.00
Cylinderhead [kJ]              -0.01610       -0.01610
Head Temperature [K]                            500.00
Cylinderliner [kJ]             -0.00453       -0.00453
LinerTDC Temperature [K]                        470.00
LinerBDC Temperature [K]                        390.00
Sum of Wallheat [kJ]           -0.03294       -0.03294
Wall Heatlosses in High Pressure Phase:
Piston HP [kJ]                 -0.01220       -0.01220
Cylinderhead HP [kJ]           -0.01577       -0.01577
Cylinderliner HP [kJ]          -0.00367       -0.00367
Sum of Wallheat HP [kJ]        -0.03163       -0.03163
Wall Heatlosses Related to Heatinput:
Piston [-]                      -0.0750        -0.0750
Cylinderhead [-]                -0.0981        -0.0981
Cylinderliner [-]               -0.0276        -0.0276
Sum of Wallheat [-]             -0.2007        -0.2007
M. Eff. HTC [W/m2/K]             342.90         342.90
M. Eff. Temp. [K]               1350.08        1350.08

Reference Values at EO:
-----------------------
Pressure [bar]                     3.82           3.82
Temperature [K]                 1114.63        1114.63
A/F-Ratio [-]                      9.78           9.78
Com.Prod.Conc. [-]              0.99929        0.99929
Fuel Concentr. [-]             0.000066       0.000066

Average Values of Pipeattachements:
-----------------------------------
 Attached Pipe                                       2
Vlv/Prt.Op.Eff.0mm[deg]                         138.78
Vlv/Prt.Cl.Eff.0mm[deg]                         221.65
Massflow [g/cycle]                            0.052746
Wallheat [kJ/cycle]                           0.000000
 Attached Pipe                                       3
Vlv/Prt.Op.Eff.0mm[deg]                         114.37
Vlv/Prt.Cl.Eff.0mm[deg]                         245.21
Massflow [g/cycle]                            0.052746
Wallheat [kJ/cycle]                           0.000000

FLOWRESTRICTIONS: Average Values
--------------------------------
 Flr. Att.Pi.  Massflow  Att.Pi.  Massflow
  nr.  number [g/cycle]   number [g/cycle]
    1       3    0.0527        6    0.0527

ROTARYVALVES: Average Values
----------------------------
 RVl. Att.Pi.  Massflow  Att.Pi.  Massflow
  nr.  number [g/cycle]   number [g/cycle]
    1       4    0.0528        5    0.0528

FUELINJECTORS: Average Values
-----------------------------
 Inj. Att.Pi.  Massflow  Att.Pi.  Massflow Added Fuel
  nr.  number [g/cycle]   number [g/cycle]  [g/cycle]
    1       1    0.0478        4    0.0528     0.0049

OVERALL ENGINE PERFORMANCE:
===========================

Indicated Torque          :      5.47 Nm                    Indicated Specific Torque :    113.28 Nm/l
Indicated Power           :      1.72 kW,         2.33 PS   Indicated Specific Power  :     35.59 kW/l,      48.39 PS/l
Auxiliary Drives Torque   :      0.09 Nm                    Auxiliary Drives Power    :      0.03 kW
Friction Torque           :      0.88 Nm                    Friction Power            :      0.28 kW
Effective Torque          :      4.50 Nm                    Effective Specific Torque :     93.16 Nm/l
Effective Power           :      1.41 kW,         1.92 PS   Effective Specific Power  :     29.27 kW/l,      39.79 PS/l

Required time for reading the inputfile and initialisation:       0.05 min
Required time for the calculation: .........................      0.17 min
Required time for writing the outputfile: ..................      0.00 min
Required total time: .......................................      0.23 min
Required total CPU-time: ...................................     10.47 sec
