 --------------------------------
 AVL - B O O S T
 Version:        v2019.2.0.0.0
 Build:          Sep 30 2019 22:44:23
 Git Build Hash: be28b9261d560946c8b3a40b85f0245f4d0c8e85
 System:         x86_64-unknown-winnt_i16v15
 --------------------------------

LICENSE
-------
 sys_1DCFD_solver 2019.0@ License will expire in 279 days

PROJECT
-------
 Preprocessor Version :  2019.2
 Calculation date     : 27.03.2020
 File     : ravna_primerjava.bst
 Case Set : "dolzina"
 Case     : "Case 18"
 
 Project ID: ""
 Run ID:     ""
 Model date: "5. Mar 2020 08:55:39"

ELEMENTS
--------
 Element Name        Number

 PIPE                   6
 SYSTEMBOUNDARY         2
 VARIABLE_PLENUM        1
 CYLINDER               1
 RESTRICTION            1
 ROTARYVALVE            1
 FUELINJECTOR           1
 MEASURINGPOINT         4
 ENGINE                 1
 PIPE_END              12
 ALL_PIPES              6
 ALL_PLENUMS            1
 ALL_BOUNDARIES         2
 RESTRICTIONS           3
 ALL_PIDS               1
 PIPE_VAR_WALL_TEMP     6

GLOBAL DATA
-----------
  Engine Speed :         3000.0  rpm
  Calculationmode:        BOOST  Single
  Cycle Duration:        360.00  degrees
  Max. calc. period:   36000.00  degrees
  Cycles calculated:        100  cycles
  Calc. time steps:     0.73888  degrees (max)
                        0.72405  degrees
                        0.04023  ms
                        0.66909  degrees (short pipe)
                        0.03717  ms (short pipe)
  Traces results step:  3.00000  degrees
  User concentrations:        0
  Ref. pressure:      100000.00  Pa
  Ref. temperature:     298.000  K
  Gas properties:      Variable
  Gasproperties File:     GASOLINE.BGP
     bgp_build_version:   v2013.0.0.0.0
     bgp_build_host:      boosthost
     bgp_build_user:      boost
     bgp_build_date:      2012.03.23
     bgp_build_time:      08:00:00
  Lower calorific:  0.43500E+08  J/kg
  Stoic. A/F-ratio:      14.500

  Warnings:                  65
  Convergence errors:         0

PIPES
-----

 Total number of pipe cells:     31

 Pipe   Cells   Cell size       W.Heat     Wall T    Fric. coeff.   Lam. Fric. Coeff.  Heat Factor       Volume
  nr.                [mm]         [kJ]        [K]             [-]                 [-]          [-]        [dm3]
    1       4        26.5        0.000     300.00        0.019000           64.000000     1.000000     0.033301
    2       1        30.0       -0.000     300.00        0.019000           64.000000     1.000000     0.005301
    3       1        30.0       -0.001     300.00        0.019000           64.000000     1.000000     0.005301
    4       4        25.0        0.000     300.00        0.019000           64.000000     1.000000     0.031416
    5       1        30.0        0.000     300.00        0.019000           64.000000     1.000000     0.009425
    6      20        25.5       -0.010     300.00        0.019000           64.000000     1.000000     0.409845


MEASURINGPOINTS: Average Values
-------------------------------
 Mp. Pipe Location   Diameter  Pressure  Temp. Ms.Temp.  Velo.   Massflow   Massflow To.Ent.f.  To.Ent.f.  Mach. Wtemp.  Converg.
 nr.  nr.     [mm]       [mm]     [bar]    [K]      [K]  [m/s]      [g/s]  [g/cycle]    [kJ/s]  [kJ/cyc.]    [-]    [K]       [-]
  1   2     0.0000    15.0000    0.9955  301.2    300.8   10.3     2.3228     0.0465     0.017     0.0003   0.03  300.0 0.611E-08
  2   6     0.0000    32.0000    1.0024  499.9    676.6    5.9     2.3183     0.0464     4.990     0.0998   0.01  300.0 0.653E-08
  3   6   100.0000    32.0000    1.0022  643.8    645.8    6.9     2.3190     0.0464     4.905     0.0981   0.01  300.0 0.477E-07
  4   6   500.0000    32.0000    1.0013  479.4    488.4    3.9     2.3205     0.0464     4.482     0.0896   0.01  300.0 0.112E-05

SYSTEMBOUNDARIES
Attachments
-----------
 Type                 Nr.   Pipe       Mass flow
                             Nr.       [g/cycle]
 SYSTEMBOUNDARY        1      1          0.0411
 SYSTEMBOUNDARY        2      6          0.0464

PLENUMS: Average Values
-----------------------
                   Pl. Pressure   Temp.      Mass Wallheat
                   nr.    [bar]     [K]       [g]     [kJ]
 VARIABLE_PLENUM    1    1.0013  299.89     0.637    0.000
                                          Attached pipe   2:      0.0464 g/cycle
                                          Attached pipe   5:      0.0464 g/cycle

PLENUMS
Attachments
-----------
 Type                 Nr.   Pipe       Mass flow
                             Nr.       [g/cycle]
 VARIABLE_PLENUM       1      2          0.0464
 VARIABLE_PLENUM       1      5          0.0464

VARIABLE PLENUMS: Average Values
--------------------------------
 Pl. Pressure   Temp.      Mass Wallheat  Vol.work  Volume
 nr.    [bar]     [K]       [g]     [kJ]      [kJ]     [l]
  1    1.0013  299.89     0.637    0.000    -0.001    0.51
                                                           Attached pipe   2:      0.0464 g/cycle
                                                           Attached pipe   5:      0.0464 g/cycle

CYLINDERS: Average Values
-------------------------
                               Total
                              Engine         Cyl.   1
Firing TDC [deg]                                  0.00
Bore [mm]                                        37.80
Stroke [mm]                                      43.00
Conrodl. [mm]                                    90.00
Piston pin offset [mm]                            0.00
Swept Vol. [l]                   0.0483         0.0483
Dyn. Comp. ratio [-]                              7.85

Combustion Data:
----------------
Combustion Char.                                  Vibe     
Comb.start [deg]                                 -9.00
Vibe Parameter a [-]                             6.900
Vibe Param. m 1 [-]                              1.860
Peak Fir.Pres. [bar]              37.35          37.35
at Crankangle [deg]               16.26          16.26
Peak Pres.Rise[bar/deg]            1.64           1.64
at Crankangle [deg]                5.91           5.91
Peak Fir. Temp. [K]             1976.28        1976.28
at Crankangle [deg]               19.95          19.95

Performance:
------------
Rel. to Ave. [-]                                1.0000
BMEP [bar]                       4.5301         4.5301
AMEP;SMEP [bar]                  0.1111         0.1111
ISFC [g/kWh]                   659.7435       659.7435
Rel. to Ave. [-]                                1.0000
ISFC (tr.f.) [g/kWh]           487.6241       487.6241
BSFC [g/kWh]                   843.4096       843.4096
Indicated Eff. [-]               0.1697         0.1697
Iso vol. comb. Eff [-]           0.9664         0.9664
Polytropic Coeff. [-]                           1.2930

Fuel Mass Balance:
------------------
Inj. Fuelmass [g]              0.000000       0.000000
Asp.Trap. Fuelmass [g]         0.003785       0.003785
Fuelmassfl.(A+I) [g/s]         0.256069       0.256069
Fuelmass tot.trap. [g]         0.003785       0.003785
Trapped Fuelm.fl.[g/s]         0.189264       0.189264
Trapp. Eff. Fuel [-]             0.7391         0.7391

Energy Balance Cylinder:
------------------------
Fuel Energy [kJ]                0.15377        0.15377
Released Energy [kJ]            0.15355        0.15355
-> Brake Power     [%]           14.236         14.236
-> Loss: Friction  [%]            3.614          3.614
-> Loss: Piston    [%]            6.094          6.094
-> Loss: Head      [%]            8.083          8.083
-> Loss: Liner     [%]            2.244          2.244
-> Loss: Int. Port [%]            0.000          0.000
-> Loss: Exh. Port [%]            0.000          0.000
-> Loss: Exh. Gas  [%]           65.210         65.210
Eff. Rel. Energy [kJ]           0.07510        0.07510
Gross Rel. Energy [kJ]          0.15355        0.15355
Eff.Gross Rel.Ener.[kJ]         0.07510        0.07510
Energy Balance [-]               0.9986         0.9986
Eff. Energy Balance [-]          0.4884         0.4884

Blowby:
-------
Blowbymass [g]                 0.000000       0.000000
Blowbymassfl. [g/s]            0.000000       0.000000
Blowby Heat Flow [kJ]          0.000000       0.000000

Reference Values at Start of High Pressure:
-------------------------------------------
Pressure at SHP[bar]             1.0451         1.0451
Temperature [K]                  396.99         396.99
Air Massfl.  [g/s]             2.062540       2.062540
Fuel Massfl. [g/s]             0.256069       0.256069
Trapp. Eff. Air [-]              0.7391         0.7391
Trapp. Eff.Fuel [-]              0.7391         0.7391
A/F-Ratio (Cmb.) [-]               8.70           8.70
Excess Air Ratio [-]             0.6000         0.6000

Reference Values at Start Of Combustion:
----------------------------------------
Pressure [bar]                  13.6718        13.6718
Temperature [K]                  707.37         707.37

Residual Gas:
-------------
Res.gas content [-]              0.1592         0.1592
External EGR [-]                 0.0000         0.0000
Internal EGR [-]                 0.1592         0.1592
Com.Prod.Mass. at EO [g]       0.040726       0.040726
Res.gas mass at SHP [g]        0.006488       0.006488
Res.gas aspirated IN [g]       0.000000       0.000000
Res.gas from intake [g]        0.000001       0.000001
Rel. to Total [-]                0.0002         0.0002
Res.gas flow EX [g]            0.034240       0.034240
Res.gas from exhaust [g]       0.000000       0.000000
Rel. to Total [-]                0.0000         0.0000

Gas Exchange:
-------------
Volumetric Eff. [-]              0.5406         0.5406
Rel. to Ave. [-]                                1.0000
Total Mass at SHP[g]             0.0408         0.0408
Mass Delivered [g]              0.04637        0.04637
Mass Delivered [g/s]            2.31861        2.31861
Delivery Ratio [-]               0.8222         0.8222
Rel. to Ave. [-]                                1.0000
Av.Airmass at SHP[g]             0.0305         0.0305
Air Delivered [g]               0.04125        0.04125
Air Delivered [g/s]             2.06254        2.06254
Airdeliveryratio [-]             0.7314         0.7314
Rel. to Ave. [-]                                1.0000
Airmass Trapped [g]             0.03049        0.03049
Airmass Trapped [g/s]           1.52448        1.52448
Trapp. Eff. Air [-]              0.7391         0.7391
Rel. to Ave. [-]                                1.0000
Airpurity [-]                    0.7480         0.7480
Dyn. Swirl [-]                   0.0000         0.0000
Dyn. Tumble [-]                  0.0000         0.0000

Wall Heatlosses:
----------------
Piston [kJ]                     -0.0094        -0.0094
Piston Temperature [K]                          570.00
Cylinderhead [kJ]              -0.01241       -0.01241
Head Temperature [K]                            500.00
Cylinderliner [kJ]             -0.00345       -0.00345
LinerTDC Temperature [K]                        470.00
LinerBDC Temperature [K]                        390.00
Sum of Wallheat [kJ]           -0.02521       -0.02521
Wall Heatlosses in High Pressure Phase:
Piston HP [kJ]                 -0.00936       -0.00936
Cylinderhead HP [kJ]           -0.01223       -0.01223
Cylinderliner HP [kJ]          -0.00284       -0.00284
Sum of Wallheat HP [kJ]        -0.02443       -0.02443
Wall Heatlosses Related to Heatinput:
Piston [-]                      -0.0568        -0.0568
Cylinderhead [-]                -0.0754        -0.0754
Cylinderliner [-]               -0.0209        -0.0209
Sum of Wallheat [-]             -0.1531        -0.1531
M. Eff. HTC [W/m2/K]             305.51         305.51
M. Eff. Temp. [K]               1235.56        1235.56

Reference Values at EO:
-----------------------
Pressure [bar]                     3.14           3.14
Temperature [K]                 1015.98        1015.98
A/F-Ratio [-]                      8.70           8.70
Com.Prod.Conc. [-]              0.99917        0.99917
Fuel Concentr. [-]             0.000086       0.000086

Average Values of Pipeattachements:
-----------------------------------
 Attached Pipe                                       2
Vlv/Prt.Op.Eff.0mm[deg]                         138.69
Vlv/Prt.Cl.Eff.0mm[deg]                         221.38
Massflow [g/cycle]                            0.046372
Wallheat [kJ/cycle]                           0.000000
 Attached Pipe                                       3
Vlv/Prt.Op.Eff.0mm[deg]                         114.53
Vlv/Prt.Cl.Eff.0mm[deg]                         245.02
Massflow [g/cycle]                            0.046372
Wallheat [kJ/cycle]                           0.000000

FLOWRESTRICTIONS: Average Values
--------------------------------
 Flr. Att.Pi.  Massflow  Att.Pi.  Massflow
  nr.  number [g/cycle]   number [g/cycle]
    1       3    0.0464        6    0.0464

ROTARYVALVES: Average Values
----------------------------
 RVl. Att.Pi.  Massflow  Att.Pi.  Massflow
  nr.  number [g/cycle]   number [g/cycle]
    1       4    0.0464        5    0.0464

FUELINJECTORS: Average Values
-----------------------------
 Inj. Att.Pi.  Massflow  Att.Pi.  Massflow Added Fuel
  nr.  number [g/cycle]   number [g/cycle]  [g/cycle]
    1       1    0.0411        4    0.0464     0.0052

OVERALL ENGINE PERFORMANCE:
===========================

Indicated Torque          :      4.45 Nm                    Indicated Specific Torque :     92.17 Nm/l
Indicated Power           :      1.40 kW,         1.90 PS   Indicated Specific Power  :     28.96 kW/l,      39.37 PS/l
Auxiliary Drives Torque   :      0.09 Nm                    Auxiliary Drives Power    :      0.03 kW
Friction Torque           :      0.88 Nm                    Friction Power            :      0.28 kW
Effective Torque          :      3.48 Nm                    Effective Specific Torque :     72.10 Nm/l
Effective Power           :      1.09 kW,         1.49 PS   Effective Specific Power  :     22.65 kW/l,      30.80 PS/l

Required time for reading the inputfile and initialisation:       0.05 min
Required time for the calculation: .........................      0.15 min
Required time for writing the outputfile: ..................      0.00 min
Required total time: .......................................      0.21 min
Required total CPU-time: ...................................      9.56 sec
