 --------------------------------
 AVL - B O O S T
 Version:        v2019.2.0.0.0
 Build:          Sep 30 2019 22:44:23
 Git Build Hash: be28b9261d560946c8b3a40b85f0245f4d0c8e85
 System:         x86_64-unknown-winnt_i16v15
 --------------------------------

LICENSE
-------
 sys_1DCFD_solver 2019.0@ License will expire in 279 days

PROJECT
-------
 Preprocessor Version :  2019.2
 Calculation date     : 27.03.2020
 File     : ravna_primerjava.bst
 Case Set : "dolzina"
 Case     : "Case 13"
 
 Project ID: ""
 Run ID:     ""
 Model date: "5. Mar 2020 08:55:39"

ELEMENTS
--------
 Element Name        Number

 PIPE                   6
 SYSTEMBOUNDARY         2
 VARIABLE_PLENUM        1
 CYLINDER               1
 RESTRICTION            1
 ROTARYVALVE            1
 FUELINJECTOR           1
 MEASURINGPOINT         4
 ENGINE                 1
 PIPE_END              12
 ALL_PIPES              6
 ALL_PLENUMS            1
 ALL_BOUNDARIES         2
 RESTRICTIONS           3
 ALL_PIDS               1
 PIPE_VAR_WALL_TEMP     6

GLOBAL DATA
-----------
  Engine Speed :         3000.0  rpm
  Calculationmode:        BOOST  Single
  Cycle Duration:        360.00  degrees
  Max. calc. period:   36000.00  degrees
  Cycles calculated:        100  cycles
  Calc. time steps:     0.73888  degrees (max)
                        0.71080  degrees
                        0.03949  ms
                        0.66178  degrees (short pipe)
                        0.03677  ms (short pipe)
  Traces results step:  3.00000  degrees
  User concentrations:        0
  Ref. pressure:      100000.00  Pa
  Ref. temperature:     298.000  K
  Gas properties:      Variable
  Gasproperties File:     GASOLINE.BGP
     bgp_build_version:   v2013.0.0.0.0
     bgp_build_host:      boosthost
     bgp_build_user:      boost
     bgp_build_date:      2012.03.23
     bgp_build_time:      08:00:00
  Lower calorific:  0.43500E+08  J/kg
  Stoic. A/F-ratio:      14.500

  Warnings:                   0
  Convergence errors:         0

PIPES
-----

 Total number of pipe cells:     37

 Pipe   Cells   Cell size       W.Heat     Wall T    Fric. coeff.   Lam. Fric. Coeff.  Heat Factor       Volume
  nr.                [mm]         [kJ]        [K]             [-]                 [-]          [-]        [dm3]
    1       4        26.5        0.000     300.00        0.019000           64.000000     1.000000     0.033301
    2       1        30.0       -0.000     300.00        0.019000           64.000000     1.000000     0.005301
    3       1        30.0       -0.001     300.00        0.019000           64.000000     1.000000     0.005301
    4       4        25.0        0.000     300.00        0.019000           64.000000     1.000000     0.031416
    5       1        30.0        0.000     300.00        0.019000           64.000000     1.000000     0.009425
    6      26        25.2       -0.015     300.00        0.019000           64.000000     1.000000     0.930061


MEASURINGPOINTS: Average Values
-------------------------------
 Mp. Pipe Location   Diameter  Pressure  Temp. Ms.Temp.  Velo.   Massflow   Massflow To.Ent.f.  To.Ent.f.  Mach. Wtemp.  Converg.
 nr.  nr.     [mm]       [mm]     [bar]    [K]      [K]  [m/s]      [g/s]  [g/cycle]    [kJ/s]  [kJ/cyc.]    [-]    [K]       [-]
  1   2     0.0000    15.0000    0.9965  299.6    301.4   11.3     2.5391     0.0508     0.017     0.0003   0.03  300.0 0.301E-08
  2   6     0.0000    42.5000    1.0019  559.9    714.1    3.9     2.5387     0.0508     5.214     0.1043   0.01  300.0 0.577E-06
  3   6   100.0000    42.5000    1.0016  678.6    682.6    3.7     2.5396     0.0508     5.112     0.1022   0.01  300.0 0.157E-05
  4   6   642.8571    42.5000    1.0015  473.0    471.3    2.1     2.5394     0.0508     4.469     0.0894   0.00  300.0 0.100E-06

SYSTEMBOUNDARIES
Attachments
-----------
 Type                 Nr.   Pipe       Mass flow
                             Nr.       [g/cycle]
 SYSTEMBOUNDARY        1      1          0.0457
 SYSTEMBOUNDARY        2      6          0.0508

PLENUMS: Average Values
-----------------------
                   Pl. Pressure   Temp.      Mass Wallheat
                   nr.    [bar]     [K]       [g]     [kJ]
 VARIABLE_PLENUM    1    1.0020  299.70     0.632    0.000
                                          Attached pipe   2:      0.0508 g/cycle
                                          Attached pipe   5:      0.0508 g/cycle

PLENUMS
Attachments
-----------
 Type                 Nr.   Pipe       Mass flow
                             Nr.       [g/cycle]
 VARIABLE_PLENUM       1      2          0.0508
 VARIABLE_PLENUM       1      5          0.0508

VARIABLE PLENUMS: Average Values
--------------------------------
 Pl. Pressure   Temp.      Mass Wallheat  Vol.work  Volume
 nr.    [bar]     [K]       [g]     [kJ]      [kJ]     [l]
  1    1.0020  299.70     0.632    0.000    -0.001    0.51
                                                           Attached pipe   2:      0.0508 g/cycle
                                                           Attached pipe   5:      0.0508 g/cycle

CYLINDERS: Average Values
-------------------------
                               Total
                              Engine         Cyl.   1
Firing TDC [deg]                                  0.00
Bore [mm]                                        37.80
Stroke [mm]                                      43.00
Conrodl. [mm]                                    90.00
Piston pin offset [mm]                            0.00
Swept Vol. [l]                   0.0483         0.0483
Dyn. Comp. ratio [-]                              7.85

Combustion Data:
----------------
Combustion Char.                                  Vibe     
Comb.start [deg]                                 -9.00
Vibe Parameter a [-]                             6.900
Vibe Param. m 1 [-]                              1.860
Peak Fir.Pres. [bar]              43.18          43.18
at Crankangle [deg]               16.26          16.26
Peak Pres.Rise[bar/deg]            1.90           1.90
at Crankangle [deg]                5.91           5.91
Peak Fir. Temp. [K]             2055.02        2055.02
at Crankangle [deg]               20.69          20.69

Performance:
------------
Rel. to Ave. [-]                                1.0000
BMEP [bar]                       5.4783         5.4783
AMEP;SMEP [bar]                  0.1133         0.1133
ISFC [g/kWh]                   552.3618       552.3618
Rel. to Ave. [-]                                1.0000
ISFC (tr.f.) [g/kWh]           426.0307       426.0307
BSFC [g/kWh]                   679.7423       679.7423
Indicated Eff. [-]               0.1943         0.1943
Iso vol. comb. Eff [-]           0.9663         0.9663
Polytropic Coeff. [-]                           1.2965

Fuel Mass Balance:
------------------
Inj. Fuelmass [g]              0.000000       0.000000
Asp.Trap. Fuelmass [g]         0.003850       0.003850
Fuelmassfl.(A+I) [g/s]         0.249573       0.249573
Fuelmass tot.trap. [g]         0.003850       0.003850
Trapped Fuelm.fl.[g/s]         0.192493       0.192493
Trapp. Eff. Fuel [-]             0.7713         0.7713

Energy Balance Cylinder:
------------------------
Fuel Energy [kJ]                0.16753        0.16753
Released Energy [kJ]            0.16729        0.16729
-> Brake Power     [%]           15.802         15.802
-> Loss: Friction  [%]            3.317          3.317
-> Loss: Piston    [%]            6.683          6.683
-> Loss: Head      [%]            8.797          8.797
-> Loss: Liner     [%]            2.454          2.454
-> Loss: Int. Port [%]            0.000          0.000
-> Loss: Exh. Port [%]            0.000          0.000
-> Loss: Exh. Gas  [%]           62.569         62.569
Eff. Rel. Energy [kJ]           0.08862        0.08862
Gross Rel. Energy [kJ]          0.16729        0.16729
Eff.Gross Rel.Ener.[kJ]         0.08862        0.08862
Energy Balance [-]               0.9986         0.9986
Eff. Energy Balance [-]          0.5290         0.5290

Blowby:
-------
Blowbymass [g]                 0.000000       0.000000
Blowbymassfl. [g/s]            0.000000       0.000000
Blowby Heat Flow [kJ]          0.000000       0.000000

Reference Values at Start of High Pressure:
-------------------------------------------
Pressure at SHP[bar]             1.2005         1.2005
Temperature [K]                  404.09         404.09
Air Massfl.  [g/s]             2.288250       2.288250
Fuel Massfl. [g/s]             0.249573       0.249573
Trapp. Eff. Air [-]              0.7713         0.7713
Trapp. Eff.Fuel [-]              0.7713         0.7713
A/F-Ratio (Cmb.) [-]               9.17           9.17
Excess Air Ratio [-]             0.6323         0.6323

Reference Values at Start Of Combustion:
----------------------------------------
Pressure [bar]                  15.8151        15.8151
Temperature [K]                  724.57         724.57

Residual Gas:
-------------
Res.gas content [-]              0.1469         0.1469
External EGR [-]                 0.0000         0.0000
Internal EGR [-]                 0.1469         0.1469
Com.Prod.Mass. at EO [g]       0.045850       0.045850
Res.gas mass at SHP [g]        0.006743       0.006743
Res.gas aspirated IN [g]       0.000000       0.000000
Res.gas from intake [g]        0.000042       0.000042
Rel. to Total [-]                0.0062         0.0062
Res.gas flow EX [g]            0.039108       0.039108
Res.gas from exhaust [g]       0.000106       0.000106
Rel. to Total [-]                0.0157         0.0157

Gas Exchange:
-------------
Volumetric Eff. [-]              0.6258         0.6258
Rel. to Ave. [-]                                1.0000
Total Mass at SHP[g]             0.0459         0.0459
Mass Delivered [g]              0.05076        0.05076
Mass Delivered [g/s]            2.53782        2.53782
Delivery Ratio [-]               0.8999         0.8999
Rel. to Ave. [-]                                1.0000
Av.Airmass at SHP[g]             0.0353         0.0353
Air Delivered [g]               0.04577        0.04577
Air Delivered [g/s]             2.28825        2.28825
Airdeliveryratio [-]             0.8114         0.8114
Rel. to Ave. [-]                                1.0000
Airmass Trapped [g]             0.03530        0.03530
Airmass Trapped [g/s]           1.76491        1.76491
Trapp. Eff. Air [-]              0.7713         0.7713
Rel. to Ave. [-]                                1.0000
Airpurity [-]                    0.7692         0.7692
Dyn. Swirl [-]                   0.0000         0.0000
Dyn. Tumble [-]                  0.0000         0.0000

Wall Heatlosses:
----------------
Piston [kJ]                     -0.0112        -0.0112
Piston Temperature [K]                          570.00
Cylinderhead [kJ]              -0.01472       -0.01472
Head Temperature [K]                            500.00
Cylinderliner [kJ]             -0.00410       -0.00410
LinerTDC Temperature [K]                        470.00
LinerBDC Temperature [K]                        390.00
Sum of Wallheat [kJ]           -0.03000       -0.03000
Wall Heatlosses in High Pressure Phase:
Piston HP [kJ]                 -0.01113       -0.01113
Cylinderhead HP [kJ]           -0.01446       -0.01446
Cylinderliner HP [kJ]          -0.00337       -0.00337
Sum of Wallheat HP [kJ]        -0.02896       -0.02896
Wall Heatlosses Related to Heatinput:
Piston [-]                      -0.0668        -0.0668
Cylinderhead [-]                -0.0879        -0.0879
Cylinderliner [-]               -0.0245        -0.0245
Sum of Wallheat [-]             -0.1791        -0.1791
M. Eff. HTC [W/m2/K]             335.67         335.67
M. Eff. Temp. [K]               1293.81        1293.81

Reference Values at EO:
-----------------------
Pressure [bar]                     3.66           3.66
Temperature [K]                 1064.92        1064.92
A/F-Ratio [-]                      9.17           9.17
Com.Prod.Conc. [-]              0.99915        0.99915
Fuel Concentr. [-]             0.000083       0.000083

Average Values of Pipeattachements:
-----------------------------------
 Attached Pipe                                       2
Vlv/Prt.Op.Eff.0mm[deg]                         138.82
Vlv/Prt.Cl.Eff.0mm[deg]                         221.38
Massflow [g/cycle]                            0.050756
Wallheat [kJ/cycle]                           0.000000
 Attached Pipe                                       3
Vlv/Prt.Op.Eff.0mm[deg]                         114.53
Vlv/Prt.Cl.Eff.0mm[deg]                         245.02
Massflow [g/cycle]                            0.050756
Wallheat [kJ/cycle]                           0.000000

FLOWRESTRICTIONS: Average Values
--------------------------------
 Flr. Att.Pi.  Massflow  Att.Pi.  Massflow
  nr.  number [g/cycle]   number [g/cycle]
    1       3    0.0508        6    0.0508

ROTARYVALVES: Average Values
----------------------------
 RVl. Att.Pi.  Massflow  Att.Pi.  Massflow
  nr.  number [g/cycle]   number [g/cycle]
    1       4    0.0508        5    0.0508

FUELINJECTORS: Average Values
-----------------------------
 Inj. Att.Pi.  Massflow  Att.Pi.  Massflow Added Fuel
  nr.  number [g/cycle]   number [g/cycle]  [g/cycle]
    1       1    0.0457        4    0.0508     0.0050

OVERALL ENGINE PERFORMANCE:
===========================

Indicated Torque          :      5.18 Nm                    Indicated Specific Torque :    107.30 Nm/l
Indicated Power           :      1.63 kW,         2.21 PS   Indicated Specific Power  :     33.71 kW/l,      45.83 PS/l
Auxiliary Drives Torque   :      0.09 Nm                    Auxiliary Drives Power    :      0.03 kW
Friction Torque           :      0.88 Nm                    Friction Power            :      0.28 kW
Effective Torque          :      4.21 Nm                    Effective Specific Torque :     87.19 Nm/l
Effective Power           :      1.32 kW,         1.80 PS   Effective Specific Power  :     27.39 kW/l,      37.24 PS/l

Required time for reading the inputfile and initialisation:       0.06 min
Required time for the calculation: .........................      0.17 min
Required time for writing the outputfile: ..................      0.00 min
Required total time: .......................................      0.22 min
Required total CPU-time: ...................................     10.20 sec
