 --------------------------------
 AVL - B O O S T
 Version:        v2019.2.0.0.0
 Build:          Sep 30 2019 22:44:23
 Git Build Hash: be28b9261d560946c8b3a40b85f0245f4d0c8e85
 System:         x86_64-unknown-winnt_i16v15
 --------------------------------

LICENSE
-------
 sys_1DCFD_solver 2019.0@ License will expire in 279 days

PROJECT
-------
 Preprocessor Version :  2019.2
 Calculation date     : 27.03.2020
 File     : ravna_primerjava.bst
 Case Set : "dolzina"
 Case     : "Case 29"
 
 Project ID: ""
 Run ID:     ""
 Model date: "5. Mar 2020 08:55:39"

ELEMENTS
--------
 Element Name        Number

 PIPE                   6
 SYSTEMBOUNDARY         2
 VARIABLE_PLENUM        1
 CYLINDER               1
 RESTRICTION            1
 ROTARYVALVE            1
 FUELINJECTOR           1
 MEASURINGPOINT         4
 ENGINE                 1
 PIPE_END              12
 ALL_PIPES              6
 ALL_PLENUMS            1
 ALL_BOUNDARIES         2
 RESTRICTIONS           3
 ALL_PIDS               1
 PIPE_VAR_WALL_TEMP     6

GLOBAL DATA
-----------
  Engine Speed :         3000.0  rpm
  Calculationmode:        BOOST  Single
  Cycle Duration:        360.00  degrees
  Max. calc. period:   36000.00  degrees
  Cycles calculated:        100  cycles
  Calc. time steps:     0.73888  degrees (max)
                        0.71481  degrees
                        0.03971  ms
                        0.67244  degrees (short pipe)
                        0.03736  ms (short pipe)
  Traces results step:  3.00000  degrees
  User concentrations:        0
  Ref. pressure:      100000.00  Pa
  Ref. temperature:     298.000  K
  Gas properties:      Variable
  Gasproperties File:     GASOLINE.BGP
     bgp_build_version:   v2013.0.0.0.0
     bgp_build_host:      boosthost
     bgp_build_user:      boost
     bgp_build_date:      2012.03.23
     bgp_build_time:      08:00:00
  Lower calorific:  0.43500E+08  J/kg
  Stoic. A/F-ratio:      14.500

  Warnings:                   0
  Convergence errors:         0

PIPES
-----

 Total number of pipe cells:     45

 Pipe   Cells   Cell size       W.Heat     Wall T    Fric. coeff.   Lam. Fric. Coeff.  Heat Factor       Volume
  nr.                [mm]         [kJ]        [K]             [-]                 [-]          [-]        [dm3]
    1       4        26.5        0.000     300.00        0.019000           64.000000     1.000000     0.033301
    2       1        30.0       -0.000     300.00        0.019000           64.000000     1.000000     0.005301
    3       1        30.0       -0.001     300.00        0.019000           64.000000     1.000000     0.005301
    4       4        25.0        0.000     300.00        0.019000           64.000000     1.000000     0.031416
    5       1        30.0        0.000     300.00        0.019000           64.000000     1.000000     0.009425
    6      34        25.2       -0.018     300.00        0.019000           64.000000     1.000000     0.507946


MEASURINGPOINTS: Average Values
-------------------------------
 Mp. Pipe Location   Diameter  Pressure  Temp. Ms.Temp.  Velo.   Massflow   Massflow To.Ent.f.  To.Ent.f.  Mach. Wtemp.  Converg.
 nr.  nr.     [mm]       [mm]     [bar]    [K]      [K]  [m/s]      [g/s]  [g/cycle]    [kJ/s]  [kJ/cyc.]    [-]    [K]       [-]
  1   2     0.0000    15.0000    0.9982  299.4    302.0   11.4     2.5793     0.0516     0.017     0.0003   0.03  300.0 0.265E-06
  2   6     0.0000    27.5000    1.0055  510.8    698.4    8.9     2.5768     0.0515     4.744     0.0949   0.02  300.0 0.337E-05
  3   6   100.0000    27.5000    1.0045  730.8    667.9    9.6     2.5787     0.0516     4.628     0.0926   0.02  300.0 0.167E-05
  4   6   846.9388    27.5000    0.9997  456.0    404.1    5.1     2.5750     0.0515     3.843     0.0769   0.01  300.0 0.415E-04

SYSTEMBOUNDARIES
Attachments
-----------
 Type                 Nr.   Pipe       Mass flow
                             Nr.       [g/cycle]
 SYSTEMBOUNDARY        1      1          0.0466
 SYSTEMBOUNDARY        2      6          0.0515

PLENUMS: Average Values
-----------------------
                   Pl. Pressure   Temp.      Mass Wallheat
                   nr.    [bar]     [K]       [g]     [kJ]
 VARIABLE_PLENUM    1    1.0031  299.76     0.632    0.000
                                          Attached pipe   2:      0.0516 g/cycle
                                          Attached pipe   5:      0.0516 g/cycle

PLENUMS
Attachments
-----------
 Type                 Nr.   Pipe       Mass flow
                             Nr.       [g/cycle]
 VARIABLE_PLENUM       1      2          0.0516
 VARIABLE_PLENUM       1      5          0.0516

VARIABLE PLENUMS: Average Values
--------------------------------
 Pl. Pressure   Temp.      Mass Wallheat  Vol.work  Volume
 nr.    [bar]     [K]       [g]     [kJ]      [kJ]     [l]
  1    1.0031  299.76     0.632    0.000    -0.001    0.51
                                                           Attached pipe   2:      0.0516 g/cycle
                                                           Attached pipe   5:      0.0516 g/cycle

CYLINDERS: Average Values
-------------------------
                               Total
                              Engine         Cyl.   1
Firing TDC [deg]                                  0.00
Bore [mm]                                        37.80
Stroke [mm]                                      43.00
Conrodl. [mm]                                    90.00
Piston pin offset [mm]                            0.00
Swept Vol. [l]                   0.0483         0.0483
Dyn. Comp. ratio [-]                              7.83

Combustion Data:
----------------
Combustion Char.                                  Vibe     
Comb.start [deg]                                 -9.00
Vibe Parameter a [-]                             6.900
Vibe Param. m 1 [-]                              1.860
Peak Fir.Pres. [bar]              40.63          40.63
at Crankangle [deg]               16.26          16.26
Peak Pres.Rise[bar/deg]            1.84           1.84
at Crankangle [deg]                5.91           5.91
Peak Fir. Temp. [K]             2090.84        2090.84
at Crankangle [deg]               20.69          20.69

Performance:
------------
Rel. to Ave. [-]                                1.0000
BMEP [bar]                       5.2147         5.2147
AMEP;SMEP [bar]                  0.1130         0.1130
ISFC [g/kWh]                   570.4758       570.4758
Rel. to Ave. [-]                                1.0000
ISFC (tr.f.) [g/kWh]           413.5232       413.5232
BSFC [g/kWh]                   708.6402       708.6402
Indicated Eff. [-]               0.2001         0.2001
Iso vol. comb. Eff [-]           0.9662         0.9662
Polytropic Coeff. [-]                           1.3025

Fuel Mass Balance:
------------------
Inj. Fuelmass [g]              0.000000       0.000000
Asp.Trap. Fuelmass [g]         0.003591       0.003591
Fuelmassfl.(A+I) [g/s]         0.247664       0.247664
Fuelmass tot.trap. [g]         0.003591       0.003591
Trapped Fuelm.fl.[g/s]         0.179525       0.179525
Trapp. Eff. Fuel [-]             0.7249         0.7249

Energy Balance Cylinder:
------------------------
Fuel Energy [kJ]                0.15627        0.15627
Released Energy [kJ]            0.15605        0.15605
-> Brake Power     [%]           16.125         16.125
-> Loss: Friction  [%]            3.556          3.556
-> Loss: Piston    [%]            7.011          7.011
-> Loss: Head      [%]            9.211          9.211
-> Loss: Liner     [%]            2.581          2.581
-> Loss: Int. Port [%]            0.000          0.000
-> Loss: Exh. Port [%]            0.000          0.000
-> Loss: Exh. Gas  [%]           61.094         61.094
Eff. Rel. Energy [kJ]           0.08595        0.08595
Gross Rel. Energy [kJ]          0.15605        0.15605
Eff.Gross Rel.Ener.[kJ]         0.08595        0.08595
Energy Balance [-]               0.9986         0.9986
Eff. Energy Balance [-]          0.5500         0.5500

Blowby:
-------
Blowbymass [g]                 0.000000       0.000000
Blowbymassfl. [g/s]            0.000000       0.000000
Blowby Heat Flow [kJ]          0.000000       0.000000

Reference Values at Start of High Pressure:
-------------------------------------------
Pressure at SHP[bar]             1.0689         1.0689
Temperature [K]                  387.13         387.13
Air Massfl.  [g/s]             2.330139       2.330139
Fuel Massfl. [g/s]             0.247664       0.247664
Trapp. Eff. Air [-]              0.7249         0.7249
Trapp. Eff.Fuel [-]              0.7249         0.7249
A/F-Ratio (Cmb.) [-]               9.41           9.41
Excess Air Ratio [-]             0.6489         0.6489

Reference Values at Start Of Combustion:
----------------------------------------
Pressure [bar]                  14.2763        14.2763
Temperature [K]                  702.60         702.60

Residual Gas:
-------------
Res.gas content [-]              0.1254         0.1254
External EGR [-]                 0.0000         0.0000
Internal EGR [-]                 0.1254         0.1254
Com.Prod.Mass. at EO [g]       0.042693       0.042693
Res.gas mass at SHP [g]        0.005358       0.005358
Res.gas aspirated IN [g]       0.000000       0.000000
Res.gas from intake [g]        0.000033       0.000033
Rel. to Total [-]                0.0061         0.0061
Res.gas flow EX [g]            0.037337       0.037337
Res.gas from exhaust [g]       0.000000       0.000000
Rel. to Total [-]                0.0000         0.0000

Gas Exchange:
-------------
Volumetric Eff. [-]              0.5989         0.5989
Rel. to Ave. [-]                                1.0000
Total Mass at SHP[g]             0.0427         0.0427
Mass Delivered [g]              0.05156        0.05156
Mass Delivered [g/s]            2.57780        2.57780
Delivery Ratio [-]               0.9141         0.9141
Rel. to Ave. [-]                                1.0000
Av.Airmass at SHP[g]             0.0338         0.0338
Air Delivered [g]               0.04660        0.04660
Air Delivered [g/s]             2.33014        2.33014
Airdeliveryratio [-]             0.8263         0.8263
Rel. to Ave. [-]                                1.0000
Airmass Trapped [g]             0.03378        0.03378
Airmass Trapped [g/s]           1.68907        1.68907
Trapp. Eff. Air [-]              0.7249         0.7249
Rel. to Ave. [-]                                1.0000
Airpurity [-]                    0.7906         0.7906
Dyn. Swirl [-]                   0.0000         0.0000
Dyn. Tumble [-]                  0.0000         0.0000

Wall Heatlosses:
----------------
Piston [kJ]                     -0.0109        -0.0109
Piston Temperature [K]                          570.00
Cylinderhead [kJ]              -0.01437       -0.01437
Head Temperature [K]                            500.00
Cylinderliner [kJ]             -0.00403       -0.00403
LinerTDC Temperature [K]                        470.00
LinerBDC Temperature [K]                        390.00
Sum of Wallheat [kJ]           -0.02934       -0.02934
Wall Heatlosses in High Pressure Phase:
Piston HP [kJ]                 -0.01087       -0.01087
Cylinderhead HP [kJ]           -0.01410       -0.01410
Cylinderliner HP [kJ]          -0.00327       -0.00327
Sum of Wallheat HP [kJ]        -0.02824       -0.02824
Wall Heatlosses Related to Heatinput:
Piston [-]                      -0.0700        -0.0700
Cylinderhead [-]                -0.0920        -0.0920
Cylinderliner [-]               -0.0258        -0.0258
Sum of Wallheat [-]             -0.1879        -0.1879
M. Eff. HTC [W/m2/K]             320.68         320.68
M. Eff. Temp. [K]               1311.35        1311.35

Reference Values at EO:
-----------------------
Pressure [bar]                     3.43           3.43
Temperature [K]                 1080.52        1080.52
A/F-Ratio [-]                      9.41           9.41
Com.Prod.Conc. [-]              0.99913        0.99913
Fuel Concentr. [-]             0.000083       0.000083

Average Values of Pipeattachements:
-----------------------------------
 Attached Pipe                                       2
Vlv/Prt.Op.Eff.0mm[deg]                         138.49
Vlv/Prt.Cl.Eff.0mm[deg]                         221.59
Massflow [g/cycle]                            0.051556
Wallheat [kJ/cycle]                           0.000000
 Attached Pipe                                       3
Vlv/Prt.Op.Eff.0mm[deg]                         114.53
Vlv/Prt.Cl.Eff.0mm[deg]                         245.24
Massflow [g/cycle]                            0.051559
Wallheat [kJ/cycle]                           0.000000

FLOWRESTRICTIONS: Average Values
--------------------------------
 Flr. Att.Pi.  Massflow  Att.Pi.  Massflow
  nr.  number [g/cycle]   number [g/cycle]
    1       3    0.0516        6    0.0515

ROTARYVALVES: Average Values
----------------------------
 RVl. Att.Pi.  Massflow  Att.Pi.  Massflow
  nr.  number [g/cycle]   number [g/cycle]
    1       4    0.0516        5    0.0516

FUELINJECTORS: Average Values
-----------------------------
 Inj. Att.Pi.  Massflow  Att.Pi.  Massflow Added Fuel
  nr.  number [g/cycle]   number [g/cycle]  [g/cycle]
    1       1    0.0466        4    0.0516     0.0050

OVERALL ENGINE PERFORMANCE:
===========================

Indicated Torque          :      4.97 Nm                    Indicated Specific Torque :    103.09 Nm/l
Indicated Power           :      1.56 kW,         2.12 PS   Indicated Specific Power  :     32.39 kW/l,      44.04 PS/l
Auxiliary Drives Torque   :      0.09 Nm                    Auxiliary Drives Power    :      0.03 kW
Friction Torque           :      0.88 Nm                    Friction Power            :      0.28 kW
Effective Torque          :      4.00 Nm                    Effective Specific Torque :     82.99 Nm/l
Effective Power           :      1.26 kW,         1.71 PS   Effective Specific Power  :     26.07 kW/l,      35.45 PS/l

Required time for reading the inputfile and initialisation:       0.06 min
Required time for the calculation: .........................      0.18 min
Required time for writing the outputfile: ..................      0.00 min
Required total time: .......................................      0.24 min
Required total CPU-time: ...................................     11.25 sec
