 --------------------------------
 AVL - B O O S T
 Version:        v2019.2.0.0.0
 Build:          Sep 30 2019 22:44:23
 Git Build Hash: be28b9261d560946c8b3a40b85f0245f4d0c8e85
 System:         x86_64-unknown-winnt_i16v15
 --------------------------------

LICENSE
-------
 sys_1DCFD_solver 2019.0@ License will expire in 279 days

PROJECT
-------
 Preprocessor Version :  2019.2
 Calculation date     : 27.03.2020
 File     : ravna_primerjava.bst
 Case Set : "dolzina"
 Case     : "Case 6"
 
 Project ID: ""
 Run ID:     ""
 Model date: "5. Mar 2020 08:55:39"

ELEMENTS
--------
 Element Name        Number

 PIPE                   6
 SYSTEMBOUNDARY         2
 VARIABLE_PLENUM        1
 CYLINDER               1
 RESTRICTION            1
 ROTARYVALVE            1
 FUELINJECTOR           1
 MEASURINGPOINT         4
 ENGINE                 1
 PIPE_END              12
 ALL_PIPES              6
 ALL_PLENUMS            1
 ALL_BOUNDARIES         2
 RESTRICTIONS           3
 ALL_PIDS               1
 PIPE_VAR_WALL_TEMP     6

GLOBAL DATA
-----------
  Engine Speed :         3000.0  rpm
  Calculationmode:        BOOST  Single
  Cycle Duration:        360.00  degrees
  Max. calc. period:   36000.00  degrees
  Cycles calculated:        100  cycles
  Calc. time steps:     0.73888  degrees (max)
                        0.70802  degrees
                        0.03933  ms
                        0.67481  degrees (short pipe)
                        0.03749  ms (short pipe)
  Traces results step:  3.00000  degrees
  User concentrations:        0
  Ref. pressure:      100000.00  Pa
  Ref. temperature:     298.000  K
  Gas properties:      Variable
  Gasproperties File:     GASOLINE.BGP
     bgp_build_version:   v2013.0.0.0.0
     bgp_build_host:      boosthost
     bgp_build_user:      boost
     bgp_build_date:      2012.03.23
     bgp_build_time:      08:00:00
  Lower calorific:  0.43500E+08  J/kg
  Stoic. A/F-ratio:      14.500

  Warnings:                  67
  Convergence errors:         0

PIPES
-----

 Total number of pipe cells:     51

 Pipe   Cells   Cell size       W.Heat     Wall T    Fric. coeff.   Lam. Fric. Coeff.  Heat Factor       Volume
  nr.                [mm]         [kJ]        [K]             [-]                 [-]          [-]        [dm3]
    1       4        26.5        0.000     300.00        0.019000           64.000000     1.000000     0.033301
    2       1        30.0       -0.000     300.00        0.019000           64.000000     1.000000     0.005301
    3       1        30.0       -0.000     300.00        0.019000           64.000000     1.000000     0.005301
    4       4        25.0        0.000     300.00        0.019000           64.000000     1.000000     0.031416
    5       1        30.0        0.000     300.00        0.019000           64.000000     1.000000     0.009425
    6      40        25.3       -0.011     300.00        0.019000           64.000000     1.000000     1.147044


MEASURINGPOINTS: Average Values
-------------------------------
 Mp. Pipe Location   Diameter  Pressure  Temp. Ms.Temp.  Velo.   Massflow   Massflow To.Ent.f.  To.Ent.f.  Mach. Wtemp.  Converg.
 nr.  nr.     [mm]       [mm]     [bar]    [K]      [K]  [m/s]      [g/s]  [g/cycle]    [kJ/s]  [kJ/cyc.]    [-]    [K]       [-]
  1   2     0.0000    15.0000    1.0035  300.5    305.5    4.3     1.0796     0.0216     0.009     0.0002   0.01  300.0 0.118E-06
  2   6     0.0000    38.0000    1.0020  642.8    689.2    2.0     1.0792     0.0216     2.831     0.0566   0.00  300.0 0.491E-05
  3   6   100.0000    38.0000    1.0019  642.8    646.0    1.9     1.0787     0.0216     2.773     0.0555   0.00  300.0 0.106E-04
  4   6  1000.0000    38.0000    0.9996  437.7    299.7    0.7     1.0734     0.0215     2.252     0.0450   0.00  300.0 0.281E-04

SYSTEMBOUNDARIES
Attachments
-----------
 Type                 Nr.   Pipe       Mass flow
                             Nr.       [g/cycle]
 SYSTEMBOUNDARY        1      1          0.0153
 SYSTEMBOUNDARY        2      6          0.0215

PLENUMS: Average Values
-----------------------
                   Pl. Pressure   Temp.      Mass Wallheat
                   nr.    [bar]     [K]       [g]     [kJ]
 VARIABLE_PLENUM    1    1.0042  300.52     0.683    0.000
                                          Attached pipe   2:      0.0216 g/cycle
                                          Attached pipe   5:      0.0219 g/cycle

PLENUMS
Attachments
-----------
 Type                 Nr.   Pipe       Mass flow
                             Nr.       [g/cycle]
 VARIABLE_PLENUM       1      2          0.0216
 VARIABLE_PLENUM       1      5          0.0219

VARIABLE PLENUMS: Average Values
--------------------------------
 Pl. Pressure   Temp.      Mass Wallheat  Vol.work  Volume
 nr.    [bar]     [K]       [g]     [kJ]      [kJ]     [l]
  1    1.0042  300.52     0.683    0.000    -0.000    0.51
                                                           Attached pipe   2:      0.0216 g/cycle
                                                           Attached pipe   5:      0.0219 g/cycle

CYLINDERS: Average Values
-------------------------
                               Total
                              Engine         Cyl.   1
Firing TDC [deg]                                  0.00
Bore [mm]                                        37.80
Stroke [mm]                                      43.00
Conrodl. [mm]                                    90.00
Piston pin offset [mm]                            0.00
Swept Vol. [l]                   0.0483         0.0483
Dyn. Comp. ratio [-]                              7.85

Combustion Data:
----------------
Combustion Char.                                  Vibe     
Comb.start [deg]                                 -9.00
Vibe Parameter a [-]                             6.900
Vibe Param. m 1 [-]                              1.860
Peak Fir.Pres. [bar]              27.11          27.11
at Crankangle [deg]               14.78          14.78
Peak Pres.Rise[bar/deg]            0.95           0.95
at Crankangle [deg]                5.91           5.91
Peak Fir. Temp. [K]             1656.63        1656.63
at Crankangle [deg]               19.95          19.95

Performance:
------------
Rel. to Ave. [-]                                1.0000
BMEP [bar]                       2.2805         2.2805
AMEP;SMEP [bar]                  0.0821         0.0821
ISFC [g/kWh]                   892.7830       892.7830
Rel. to Ave. [-]                                1.0000
ISFC (tr.f.) [g/kWh]           835.9428       835.9428
BSFC [g/kWh]                  1375.1371      1375.1371
Indicated Eff. [-]               0.0990         0.0990
Iso vol. comb. Eff [-]           0.9668         0.9668
Polytropic Coeff. [-]                           1.2416

Fuel Mass Balance:
------------------
Inj. Fuelmass [g]              0.000000       0.000000
Asp.Trap. Fuelmass [g]         0.003936       0.003936
Fuelmassfl.(A+I) [g/s]         0.210180       0.210180
Fuelmass tot.trap. [g]         0.003936       0.003936
Trapped Fuelm.fl.[g/s]         0.196799       0.196799
Trapp. Eff. Fuel [-]             0.9363         0.9363

Energy Balance Cylinder:
------------------------
Fuel Energy [kJ]                0.09075        0.09075
Released Energy [kJ]            0.09062        0.09062
-> Brake Power     [%]           12.144         12.144
-> Loss: Friction  [%]            6.124          6.124
-> Loss: Piston    [%]            5.910          5.910
-> Loss: Head      [%]            8.123          8.123
-> Loss: Liner     [%]            2.631          2.631
-> Loss: Int. Port [%]            0.000          0.000
-> Loss: Exh. Port [%]            0.000          0.000
-> Loss: Exh. Gas  [%]           62.814         62.814
Eff. Rel. Energy [kJ]           0.04431        0.04431
Gross Rel. Energy [kJ]          0.09062        0.09062
Eff.Gross Rel.Ener.[kJ]         0.04431        0.04431
Energy Balance [-]               0.9986         0.9986
Eff. Energy Balance [-]          0.4883         0.4883

Blowby:
-------
Blowbymass [g]                 0.000000       0.000000
Blowbymassfl. [g/s]            0.000000       0.000000
Blowby Heat Flow [kJ]          0.000000       0.000000

Reference Values at Start of High Pressure:
-------------------------------------------
Pressure at SHP[bar]             1.0921         1.0921
Temperature [K]                  465.89         465.89
Air Massfl.  [g/s]             0.869361       0.869361
Fuel Massfl. [g/s]             0.210180       0.210180
Trapp. Eff. Air [-]              0.9366         0.9366
Trapp. Eff.Fuel [-]              0.9363         0.9363
A/F-Ratio (Cmb.) [-]               8.70           8.70
Excess Air Ratio [-]             0.6000         0.6000

Reference Values at Start Of Combustion:
----------------------------------------
Pressure [bar]                  12.9015        12.9015
Temperature [K]                  774.06         774.06

Residual Gas:
-------------
Res.gas content [-]              0.4162         0.4162
External EGR [-]                 0.0000         0.0000
Internal EGR [-]                 0.4162         0.4162
Com.Prod.Mass. at EO [g]       0.034610       0.034610
Res.gas mass at SHP [g]        0.014416       0.014416
Res.gas aspirated IN [g]       0.000000       0.000000
Res.gas from intake [g]        0.000000       0.000000
Rel. to Total [-]                0.0000         0.0000
Res.gas flow EX [g]            0.020196       0.020196
Res.gas from exhaust [g]       0.000000       0.000000
Rel. to Total [-]                0.0000         0.0000

Gas Exchange:
-------------
Volumetric Eff. [-]              0.2887         0.2887
Rel. to Ave. [-]                                1.0000
Total Mass at SHP[g]             0.0346         0.0346
Mass Delivered [g]              0.02159        0.02159
Mass Delivered [g/s]            1.07955        1.07955
Delivery Ratio [-]               0.3828         0.3828
Rel. to Ave. [-]                                1.0000
Av.Airmass at SHP[g]             0.0163         0.0163
Air Delivered [g]               0.01739        0.01739
Air Delivered [g/s]             0.86936        0.86936
Airdeliveryratio [-]             0.3083         0.3083
Rel. to Ave. [-]                                1.0000
Airmass Trapped [g]             0.01629        0.01629
Airmass Trapped [g/s]           0.81426        0.81426
Trapp. Eff. Air [-]              0.9366         0.9366
Rel. to Ave. [-]                                1.0000
Airpurity [-]                    0.4702         0.4702
Dyn. Swirl [-]                   0.0000         0.0000
Dyn. Tumble [-]                  0.0000         0.0000

Wall Heatlosses:
----------------
Piston [kJ]                     -0.0054        -0.0054
Piston Temperature [K]                          570.00
Cylinderhead [kJ]              -0.00736       -0.00736
Head Temperature [K]                            500.00
Cylinderliner [kJ]             -0.00238       -0.00238
LinerTDC Temperature [K]                        470.00
LinerBDC Temperature [K]                        390.00
Sum of Wallheat [kJ]           -0.01510       -0.01510
Wall Heatlosses in High Pressure Phase:
Piston HP [kJ]                 -0.00531       -0.00531
Cylinderhead HP [kJ]           -0.00712       -0.00712
Cylinderliner HP [kJ]          -0.00168       -0.00168
Sum of Wallheat HP [kJ]        -0.01412       -0.01412
Wall Heatlosses Related to Heatinput:
Piston [-]                      -0.0313        -0.0313
Cylinderhead [-]                -0.0430        -0.0430
Cylinderliner [-]               -0.0139        -0.0139
Sum of Wallheat [-]             -0.0882        -0.0882
M. Eff. HTC [W/m2/K]             241.27         241.27
M. Eff. Temp. [K]               1052.72        1052.72

Reference Values at EO:
-----------------------
Pressure [bar]                     2.27           2.27
Temperature [K]                  864.42         864.42
A/F-Ratio [-]                      8.70           8.70
Com.Prod.Conc. [-]              0.99942        0.99942
Fuel Concentr. [-]             0.000060       0.000060

Average Values of Pipeattachements:
-----------------------------------
 Attached Pipe                                       2
Vlv/Prt.Op.Eff.0mm[deg]                         138.76
Vlv/Prt.Cl.Eff.0mm[deg]                         221.38
Massflow [g/cycle]                            0.021591
Wallheat [kJ/cycle]                           0.000000
 Attached Pipe                                       3
Vlv/Prt.Op.Eff.0mm[deg]                         114.53
Vlv/Prt.Cl.Eff.0mm[deg]                         245.02
Massflow [g/cycle]                            0.021586
Wallheat [kJ/cycle]                           0.000000

FLOWRESTRICTIONS: Average Values
--------------------------------
 Flr. Att.Pi.  Massflow  Att.Pi.  Massflow
  nr.  number [g/cycle]   number [g/cycle]
    1       3    0.0216        6    0.0216

ROTARYVALVES: Average Values
----------------------------
 RVl. Att.Pi.  Massflow  Att.Pi.  Massflow
  nr.  number [g/cycle]   number [g/cycle]
    1       4    0.0219        5    0.0219

FUELINJECTORS: Average Values
-----------------------------
 Inj. Att.Pi.  Massflow  Att.Pi.  Massflow Added Fuel
  nr.  number [g/cycle]   number [g/cycle]  [g/cycle]
    1       1    0.0153        4    0.0219     0.0066

OVERALL ENGINE PERFORMANCE:
===========================

Indicated Torque          :      2.70 Nm                    Indicated Specific Torque :     55.91 Nm/l
Indicated Power           :      0.85 kW,         1.15 PS   Indicated Specific Power  :     17.56 kW/l,      23.88 PS/l
Auxiliary Drives Torque   :      0.06 Nm                    Auxiliary Drives Power    :      0.02 kW
Friction Torque           :      0.88 Nm                    Friction Power            :      0.28 kW
Effective Torque          :      1.75 Nm                    Effective Specific Torque :     36.30 Nm/l
Effective Power           :      0.55 kW,         0.75 PS   Effective Specific Power  :     11.40 kW/l,      15.50 PS/l

Required time for reading the inputfile and initialisation:       0.06 min
Required time for the calculation: .........................      0.19 min
Required time for writing the outputfile: ..................      0.00 min
Required total time: .......................................      0.25 min
Required total CPU-time: ...................................     11.81 sec
