 --------------------------------
 AVL - B O O S T
 Version:        v2019.2.0.0.0
 Build:          Sep 30 2019 22:44:23
 Git Build Hash: be28b9261d560946c8b3a40b85f0245f4d0c8e85
 System:         x86_64-unknown-winnt_i16v15
 --------------------------------

LICENSE
-------
 sys_1DCFD_solver 2019.0@ License will expire in 279 days

PROJECT
-------
 Preprocessor Version :  2019.2
 Calculation date     : 27.03.2020
 File     : ravna_primerjava.bst
 Case Set : "dolzina"
 Case     : "Case 4"
 
 Project ID: ""
 Run ID:     ""
 Model date: "5. Mar 2020 08:55:39"

ELEMENTS
--------
 Element Name        Number

 PIPE                   6
 SYSTEMBOUNDARY         2
 VARIABLE_PLENUM        1
 CYLINDER               1
 RESTRICTION            1
 ROTARYVALVE            1
 FUELINJECTOR           1
 MEASURINGPOINT         4
 ENGINE                 1
 PIPE_END              12
 ALL_PIPES              6
 ALL_PLENUMS            1
 ALL_BOUNDARIES         2
 RESTRICTIONS           3
 ALL_PIDS               1
 PIPE_VAR_WALL_TEMP     6

GLOBAL DATA
-----------
  Engine Speed :         3000.0  rpm
  Calculationmode:        BOOST  Single
  Cycle Duration:        360.00  degrees
  Max. calc. period:   36000.00  degrees
  Cycles calculated:        100  cycles
  Calc. time steps:     0.73888  degrees (max)
                        0.69006  degrees
                        0.03834  ms
                        0.65598  degrees (short pipe)
                        0.03644  ms (short pipe)
  Traces results step:  3.00000  degrees
  User concentrations:        0
  Ref. pressure:      100000.00  Pa
  Ref. temperature:     298.000  K
  Gas properties:      Variable
  Gasproperties File:     GASOLINE.BGP
     bgp_build_version:   v2013.0.0.0.0
     bgp_build_host:      boosthost
     bgp_build_user:      boost
     bgp_build_date:      2012.03.23
     bgp_build_time:      08:00:00
  Lower calorific:  0.43500E+08  J/kg
  Stoic. A/F-ratio:      14.500

  Warnings:                  54
  Convergence errors:         0

PIPES
-----

 Total number of pipe cells:     51

 Pipe   Cells   Cell size       W.Heat     Wall T    Fric. coeff.   Lam. Fric. Coeff.  Heat Factor       Volume
  nr.                [mm]         [kJ]        [K]             [-]                 [-]          [-]        [dm3]
    1       4        26.5        0.000     300.00        0.019000           64.000000     1.000000     0.033301
    2       1        30.0       -0.000     300.00        0.019000           64.000000     1.000000     0.005301
    3       1        30.0       -0.001     300.00        0.019000           64.000000     1.000000     0.005301
    4       4        25.0        0.000     300.00        0.019000           64.000000     1.000000     0.031416
    5       1        30.0        0.000     300.00        0.019000           64.000000     1.000000     0.009425
    6      40        25.1       -0.013     300.00        0.019000           64.000000     1.000000     1.855482


MEASURINGPOINTS: Average Values
-------------------------------
 Mp. Pipe Location   Diameter  Pressure  Temp. Ms.Temp.  Velo.   Massflow   Massflow To.Ent.f.  To.Ent.f.  Mach. Wtemp.  Converg.
 nr.  nr.     [mm]       [mm]     [bar]    [K]      [K]  [m/s]      [g/s]  [g/cycle]    [kJ/s]  [kJ/cyc.]    [-]    [K]       [-]
  1   2     0.0000    15.0000    1.0040  300.7    305.8    4.8     1.2026     0.0241     0.011     0.0002   0.02  300.0 0.494E-05
  2   6     0.0000    48.5000    1.0017  645.6    693.2    1.4     1.1985     0.0240     3.079     0.0616   0.00  300.0 0.413E-03
  3   6   100.0000    48.5000    1.0017  649.4    652.2    1.3     1.2030     0.0241     3.024     0.0605   0.00  300.0 0.732E-04
  4   6   989.7959    48.5000    0.9998  439.4    313.8    0.4     1.1572     0.0231     2.227     0.0445   0.00  300.0 0.356E-02

SYSTEMBOUNDARIES
Attachments
-----------
 Type                 Nr.   Pipe       Mass flow
                             Nr.       [g/cycle]
 SYSTEMBOUNDARY        1      1          0.0180
 SYSTEMBOUNDARY        2      6          0.0231

PLENUMS: Average Values
-----------------------
                   Pl. Pressure   Temp.      Mass Wallheat
                   nr.    [bar]     [K]       [g]     [kJ]
 VARIABLE_PLENUM    1    1.0049  300.81     0.673    0.000
                                          Attached pipe   2:      0.0241 g/cycle
                                          Attached pipe   5:      0.0244 g/cycle

PLENUMS
Attachments
-----------
 Type                 Nr.   Pipe       Mass flow
                             Nr.       [g/cycle]
 VARIABLE_PLENUM       1      2          0.0241
 VARIABLE_PLENUM       1      5          0.0244

VARIABLE PLENUMS: Average Values
--------------------------------
 Pl. Pressure   Temp.      Mass Wallheat  Vol.work  Volume
 nr.    [bar]     [K]       [g]     [kJ]      [kJ]     [l]
  1    1.0049  300.81     0.673    0.000    -0.000    0.51
                                                           Attached pipe   2:      0.0241 g/cycle
                                                           Attached pipe   5:      0.0244 g/cycle

CYLINDERS: Average Values
-------------------------
                               Total
                              Engine         Cyl.   1
Firing TDC [deg]                                  0.00
Bore [mm]                                        37.80
Stroke [mm]                                      43.00
Conrodl. [mm]                                    90.00
Piston pin offset [mm]                            0.00
Swept Vol. [l]                   0.0483         0.0483
Dyn. Comp. ratio [-]                              7.85

Combustion Data:
----------------
Combustion Char.                                  Vibe     
Comb.start [deg]                                 -9.00
Vibe Parameter a [-]                             6.900
Vibe Param. m 1 [-]                              1.860
Peak Fir.Pres. [bar]              28.19          28.19
at Crankangle [deg]               14.78          14.78
Peak Pres.Rise[bar/deg]            1.04           1.04
at Crankangle [deg]                5.91           5.91
Peak Fir. Temp. [K]             1707.94        1707.94
at Crankangle [deg]               19.95          19.95

Performance:
------------
Rel. to Ave. [-]                                1.0000
BMEP [bar]                       2.5345         2.5345
AMEP;SMEP [bar]                  0.0863         0.0863
ISFC [g/kWh]                   840.0232       840.0232
Rel. to Ave. [-]                                1.0000
ISFC (tr.f.) [g/kWh]           764.7049       764.7049
BSFC [g/kWh]                  1249.7642      1249.7642
Indicated Eff. [-]               0.1082         0.1082
Iso vol. comb. Eff [-]           0.9668         0.9668
Polytropic Coeff. [-]                           1.2499

Fuel Mass Balance:
------------------
Inj. Fuelmass [g]              0.000000       0.000000
Asp.Trap. Fuelmass [g]         0.003865       0.003865
Fuelmassfl.(A+I) [g/s]         0.212294       0.212294
Fuelmass tot.trap. [g]         0.003865       0.003865
Trapped Fuelm.fl.[g/s]         0.193259       0.193259
Trapp. Eff. Fuel [-]             0.9103         0.9103

Energy Balance Cylinder:
------------------------
Fuel Energy [kJ]                0.09804        0.09804
Released Energy [kJ]            0.09790        0.09790
-> Brake Power     [%]           12.493         12.493
-> Loss: Friction  [%]            5.668          5.668
-> Loss: Piston    [%]            5.963          5.963
-> Loss: Head      [%]            8.137          8.137
-> Loss: Liner     [%]            2.590          2.590
-> Loss: Int. Port [%]            0.000          0.000
-> Loss: Exh. Port [%]            0.000          0.000
-> Loss: Exh. Gas  [%]           63.224         63.224
Eff. Rel. Energy [kJ]           0.04787        0.04787
Gross Rel. Energy [kJ]          0.09790        0.09790
Eff.Gross Rel.Ener.[kJ]         0.04787        0.04787
Energy Balance [-]               0.9986         0.9986
Eff. Energy Balance [-]          0.4883         0.4883

Blowby:
-------
Blowbymass [g]                 0.000000       0.000000
Blowbymassfl. [g/s]            0.000000       0.000000
Blowby Heat Flow [kJ]          0.000000       0.000000

Reference Values at Start of High Pressure:
-------------------------------------------
Pressure at SHP[bar]             1.0760         1.0760
Temperature [K]                  456.88         456.88
Air Massfl.  [g/s]             0.990135       0.990135
Fuel Massfl. [g/s]             0.212294       0.212294
Trapp. Eff. Air [-]              0.9106         0.9106
Trapp. Eff.Fuel [-]              0.9103         0.9103
A/F-Ratio (Cmb.) [-]               8.70           8.70
Excess Air Ratio [-]             0.6000         0.6000

Reference Values at Start Of Combustion:
----------------------------------------
Pressure [bar]                  12.9233        12.9233
Temperature [K]                  766.28         766.28

Residual Gas:
-------------
Res.gas content [-]              0.3764         0.3764
External EGR [-]                 0.0000         0.0000
Internal EGR [-]                 0.3764         0.3764
Com.Prod.Mass. at EO [g]       0.035029       0.035029
Res.gas mass at SHP [g]        0.013220       0.013220
Res.gas aspirated IN [g]       0.000000       0.000000
Res.gas from intake [g]        0.000000       0.000000
Rel. to Total [-]                0.0000         0.0000
Res.gas flow EX [g]            0.021810       0.021810
Res.gas from exhaust [g]       0.000000       0.000000
Rel. to Total [-]                0.0000         0.0000

Gas Exchange:
-------------
Volumetric Eff. [-]              0.3197         0.3197
Rel. to Ave. [-]                                1.0000
Total Mass at SHP[g]             0.0351         0.0351
Mass Delivered [g]              0.02405        0.02405
Mass Delivered [g/s]            1.20243        1.20243
Delivery Ratio [-]               0.4264         0.4264
Rel. to Ave. [-]                                1.0000
Av.Airmass at SHP[g]             0.0180         0.0180
Air Delivered [g]               0.01980        0.01980
Air Delivered [g/s]             0.99013        0.99013
Airdeliveryratio [-]             0.3511         0.3511
Rel. to Ave. [-]                                1.0000
Airmass Trapped [g]             0.01803        0.01803
Airmass Trapped [g/s]           0.90163        0.90163
Trapp. Eff. Air [-]              0.9106         0.9106
Rel. to Ave. [-]                                1.0000
Airpurity [-]                    0.5135         0.5135
Dyn. Swirl [-]                   0.0000         0.0000
Dyn. Tumble [-]                  0.0000         0.0000

Wall Heatlosses:
----------------
Piston [kJ]                     -0.0058        -0.0058
Piston Temperature [K]                          570.00
Cylinderhead [kJ]              -0.00797       -0.00797
Head Temperature [K]                            500.00
Cylinderliner [kJ]             -0.00254       -0.00254
LinerTDC Temperature [K]                        470.00
LinerBDC Temperature [K]                        390.00
Sum of Wallheat [kJ]           -0.01634       -0.01634
Wall Heatlosses in High Pressure Phase:
Piston HP [kJ]                 -0.00578       -0.00578
Cylinderhead HP [kJ]           -0.00772       -0.00772
Cylinderliner HP [kJ]          -0.00182       -0.00182
Sum of Wallheat HP [kJ]        -0.01533       -0.01533
Wall Heatlosses Related to Heatinput:
Piston [-]                      -0.0347        -0.0347
Cylinderhead [-]                -0.0474        -0.0474
Cylinderliner [-]               -0.0151        -0.0151
Sum of Wallheat [-]             -0.0972        -0.0972
M. Eff. HTC [W/m2/K]             248.16         248.16
M. Eff. Temp. [K]               1081.52        1081.52

Reference Values at EO:
-----------------------
Pressure [bar]                     2.36           2.36
Temperature [K]                  889.25         889.25
A/F-Ratio [-]                      8.70           8.70
Com.Prod.Conc. [-]              0.99938        0.99938
Fuel Concentr. [-]             0.000064       0.000064

Average Values of Pipeattachements:
-----------------------------------
 Attached Pipe                                       2
Vlv/Prt.Op.Eff.0mm[deg]                         138.75
Vlv/Prt.Cl.Eff.0mm[deg]                         221.38
Massflow [g/cycle]                            0.024049
Wallheat [kJ/cycle]                           0.000000
 Attached Pipe                                       3
Vlv/Prt.Op.Eff.0mm[deg]                         114.53
Vlv/Prt.Cl.Eff.0mm[deg]                         245.02
Massflow [g/cycle]                            0.023983
Wallheat [kJ/cycle]                           0.000000

FLOWRESTRICTIONS: Average Values
--------------------------------
 Flr. Att.Pi.  Massflow  Att.Pi.  Massflow
  nr.  number [g/cycle]   number [g/cycle]
    1       3    0.0240        6    0.0240

ROTARYVALVES: Average Values
----------------------------
 RVl. Att.Pi.  Massflow  Att.Pi.  Massflow
  nr.  number [g/cycle]   number [g/cycle]
    1       4    0.0244        5    0.0244

FUELINJECTORS: Average Values
-----------------------------
 Inj. Att.Pi.  Massflow  Att.Pi.  Massflow Added Fuel
  nr.  number [g/cycle]   number [g/cycle]  [g/cycle]
    1       1    0.0180        4    0.0244     0.0064

OVERALL ENGINE PERFORMANCE:
===========================

Indicated Torque          :      2.90 Nm                    Indicated Specific Torque :     60.01 Nm/l
Indicated Power           :      0.91 kW,         1.24 PS   Indicated Specific Power  :     18.85 kW/l,      25.63 PS/l
Auxiliary Drives Torque   :      0.07 Nm                    Auxiliary Drives Power    :      0.02 kW
Friction Torque           :      0.88 Nm                    Friction Power            :      0.28 kW
Effective Torque          :      1.95 Nm                    Effective Specific Torque :     40.34 Nm/l
Effective Power           :      0.61 kW,         0.83 PS   Effective Specific Power  :     12.67 kW/l,      17.23 PS/l

Required time for reading the inputfile and initialisation:       0.06 min
Required time for the calculation: .........................      0.20 min
Required time for writing the outputfile: ..................      0.00 min
Required total time: .......................................      0.25 min
Required total CPU-time: ...................................     12.11 sec
