 --------------------------------
 AVL - B O O S T
 Version:        v2019.2.0.0.0
 Build:          Sep 30 2019 22:44:23
 Git Build Hash: be28b9261d560946c8b3a40b85f0245f4d0c8e85
 System:         x86_64-unknown-winnt_i16v15
 --------------------------------

LICENSE
-------
 sys_1DCFD_solver 2019.0@ License will expire in 279 days

PROJECT
-------
 Preprocessor Version :  2019.2
 Calculation date     : 27.03.2020
 File     : ravna_primerjava.bst
 Case Set : "dolzina"
 Case     : "Case 26"
 
 Project ID: ""
 Run ID:     ""
 Model date: "5. Mar 2020 08:55:39"

ELEMENTS
--------
 Element Name        Number

 PIPE                   6
 SYSTEMBOUNDARY         2
 VARIABLE_PLENUM        1
 CYLINDER               1
 RESTRICTION            1
 ROTARYVALVE            1
 FUELINJECTOR           1
 MEASURINGPOINT         4
 ENGINE                 1
 PIPE_END              12
 ALL_PIPES              6
 ALL_PLENUMS            1
 ALL_BOUNDARIES         2
 RESTRICTIONS           3
 ALL_PIDS               1
 PIPE_VAR_WALL_TEMP     6

GLOBAL DATA
-----------
  Engine Speed :         3000.0  rpm
  Calculationmode:        BOOST  Single
  Cycle Duration:        360.00  degrees
  Max. calc. period:   36000.00  degrees
  Cycles calculated:        100  cycles
  Calc. time steps:     0.73888  degrees (max)
                        0.72164  degrees
                        0.04009  ms
                        0.66549  degrees (short pipe)
                        0.03697  ms (short pipe)
  Traces results step:  3.00000  degrees
  User concentrations:        0
  Ref. pressure:      100000.00  Pa
  Ref. temperature:     298.000  K
  Gas properties:      Variable
  Gasproperties File:     GASOLINE.BGP
     bgp_build_version:   v2013.0.0.0.0
     bgp_build_host:      boosthost
     bgp_build_user:      boost
     bgp_build_date:      2012.03.23
     bgp_build_time:      08:00:00
  Lower calorific:  0.43500E+08  J/kg
  Stoic. A/F-ratio:      14.500

  Warnings:                  66
  Convergence errors:         0

PIPES
-----

 Total number of pipe cells:     31

 Pipe   Cells   Cell size       W.Heat     Wall T    Fric. coeff.   Lam. Fric. Coeff.  Heat Factor       Volume
  nr.                [mm]         [kJ]        [K]             [-]                 [-]          [-]        [dm3]
    1       4        26.5        0.000     300.00        0.019000           64.000000     1.000000     0.033301
    2       1        30.0       -0.000     300.00        0.019000           64.000000     1.000000     0.005301
    3       1        30.0       -0.001     300.00        0.019000           64.000000     1.000000     0.005301
    4       4        25.0        0.000     300.00        0.019000           64.000000     1.000000     0.031416
    5       1        30.0        0.000     300.00        0.019000           64.000000     1.000000     0.009425
    6      20        25.5       -0.010     300.00        0.019000           64.000000     1.000000     0.534631


MEASURINGPOINTS: Average Values
-------------------------------
 Mp. Pipe Location   Diameter  Pressure  Temp. Ms.Temp.  Velo.   Massflow   Massflow To.Ent.f.  To.Ent.f.  Mach. Wtemp.  Converg.
 nr.  nr.     [mm]       [mm]     [bar]    [K]      [K]  [m/s]      [g/s]  [g/cycle]    [kJ/s]  [kJ/cyc.]    [-]    [K]       [-]
  1   2     0.0000    15.0000    0.9962  301.0    301.3   10.2     2.3148     0.0463     0.017     0.0003   0.03  300.0 0.279E-07
  2   6     0.0000    36.5000    1.0017  520.3    676.3    4.6     2.3098     0.0462     4.972     0.0994   0.01  300.0 0.279E-06
  3   6   100.0000    36.5000    1.0016  643.1    648.5    4.6     2.3098     0.0462     4.890     0.0978   0.01  300.0 0.122E-05
  4   6   500.0000    36.5000    1.0018  479.2    486.2    2.7     2.3104     0.0462     4.464     0.0893   0.01  300.0 0.602E-05

SYSTEMBOUNDARIES
Attachments
-----------
 Type                 Nr.   Pipe       Mass flow
                             Nr.       [g/cycle]
 SYSTEMBOUNDARY        1      1          0.0410
 SYSTEMBOUNDARY        2      6          0.0462

PLENUMS: Average Values
-----------------------
                   Pl. Pressure   Temp.      Mass Wallheat
                   nr.    [bar]     [K]       [g]     [kJ]
 VARIABLE_PLENUM    1    1.0016  299.87     0.638    0.000
                                          Attached pipe   2:      0.0462 g/cycle
                                          Attached pipe   5:      0.0462 g/cycle

PLENUMS
Attachments
-----------
 Type                 Nr.   Pipe       Mass flow
                             Nr.       [g/cycle]
 VARIABLE_PLENUM       1      2          0.0462
 VARIABLE_PLENUM       1      5          0.0462

VARIABLE PLENUMS: Average Values
--------------------------------
 Pl. Pressure   Temp.      Mass Wallheat  Vol.work  Volume
 nr.    [bar]     [K]       [g]     [kJ]      [kJ]     [l]
  1    1.0016  299.87     0.638    0.000    -0.001    0.51
                                                           Attached pipe   2:      0.0462 g/cycle
                                                           Attached pipe   5:      0.0462 g/cycle

CYLINDERS: Average Values
-------------------------
                               Total
                              Engine         Cyl.   1
Firing TDC [deg]                                  0.00
Bore [mm]                                        37.80
Stroke [mm]                                      43.00
Conrodl. [mm]                                    90.00
Piston pin offset [mm]                            0.00
Swept Vol. [l]                   0.0483         0.0483
Dyn. Comp. ratio [-]                              7.85

Combustion Data:
----------------
Combustion Char.                                  Vibe     
Comb.start [deg]                                 -9.00
Vibe Parameter a [-]                             6.900
Vibe Param. m 1 [-]                              1.860
Peak Fir.Pres. [bar]              37.30          37.30
at Crankangle [deg]               16.26          16.26
Peak Pres.Rise[bar/deg]            1.64           1.64
at Crankangle [deg]                6.65           6.65
Peak Fir. Temp. [K]             1971.35        1971.35
at Crankangle [deg]               19.95          19.95

Performance:
------------
Rel. to Ave. [-]                                1.0000
BMEP [bar]                       4.5185         4.5185
AMEP;SMEP [bar]                  0.1110         0.1110
ISFC [g/kWh]                   661.9316       661.9316
Rel. to Ave. [-]                                1.0000
ISFC (tr.f.) [g/kWh]           489.2749       489.2749
BSFC [g/kWh]                   846.6537       846.6537
Indicated Eff. [-]               0.1691         0.1691
Iso vol. comb. Eff [-]           0.9664         0.9664
Polytropic Coeff. [-]                           1.2929

Fuel Mass Balance:
------------------
Inj. Fuelmass [g]              0.000000       0.000000
Asp.Trap. Fuelmass [g]         0.003790       0.003790
Fuelmassfl.(A+I) [g/s]         0.256395       0.256395
Fuelmass tot.trap. [g]         0.003790       0.003790
Trapped Fuelm.fl.[g/s]         0.189518       0.189518
Trapp. Eff. Fuel [-]             0.7392         0.7392

Energy Balance Cylinder:
------------------------
Fuel Energy [kJ]                0.15324        0.15324
Released Energy [kJ]            0.15302        0.15302
-> Brake Power     [%]           14.249         14.249
-> Loss: Friction  [%]            3.626          3.626
-> Loss: Piston    [%]            6.084          6.084
-> Loss: Head      [%]            8.074          8.074
-> Loss: Liner     [%]            2.248          2.248
-> Loss: Int. Port [%]            0.000          0.000
-> Loss: Exh. Port [%]            0.000          0.000
-> Loss: Exh. Gas  [%]           65.199         65.199
Eff. Rel. Energy [kJ]           0.07484        0.07484
Gross Rel. Energy [kJ]          0.15302        0.15302
Eff.Gross Rel.Ener.[kJ]         0.07484        0.07484
Energy Balance [-]               0.9986         0.9986
Eff. Energy Balance [-]          0.4884         0.4884

Blowby:
-------
Blowbymass [g]                 0.000000       0.000000
Blowbymassfl. [g/s]            0.000000       0.000000
Blowby Heat Flow [kJ]          0.000000       0.000000

Reference Values at Start of High Pressure:
-------------------------------------------
Pressure at SHP[bar]             1.0467         1.0467
Temperature [K]                  396.90         396.90
Air Massfl.  [g/s]             2.054002       2.054002
Fuel Massfl. [g/s]             0.256395       0.256395
Trapp. Eff. Air [-]              0.7392         0.7392
Trapp. Eff.Fuel [-]              0.7392         0.7392
A/F-Ratio (Cmb.) [-]               8.70           8.70
Excess Air Ratio [-]             0.6000         0.6000

Reference Values at Start Of Combustion:
----------------------------------------
Pressure [bar]                  13.6898        13.6898
Temperature [K]                  707.21         707.21

Residual Gas:
-------------
Res.gas content [-]              0.1630         0.1630
External EGR [-]                 0.0000         0.0000
Internal EGR [-]                 0.1630         0.1630
Com.Prod.Mass. at EO [g]       0.040772       0.040772
Res.gas mass at SHP [g]        0.006652       0.006652
Res.gas aspirated IN [g]       0.000000       0.000000
Res.gas from intake [g]        0.000001       0.000001
Rel. to Total [-]                0.0001         0.0001
Res.gas flow EX [g]            0.034122       0.034122
Res.gas from exhaust [g]       0.000000       0.000000
Rel. to Total [-]                0.0000         0.0000

Gas Exchange:
-------------
Volumetric Eff. [-]              0.5384         0.5384
Rel. to Ave. [-]                                1.0000
Total Mass at SHP[g]             0.0408         0.0408
Mass Delivered [g]              0.04621        0.04621
Mass Delivered [g/s]            2.31040        2.31040
Delivery Ratio [-]               0.8193         0.8193
Rel. to Ave. [-]                                1.0000
Av.Airmass at SHP[g]             0.0304         0.0304
Air Delivered [g]               0.04108        0.04108
Air Delivered [g/s]             2.05400        2.05400
Airdeliveryratio [-]             0.7283         0.7283
Rel. to Ave. [-]                                1.0000
Airmass Trapped [g]             0.03037        0.03037
Airmass Trapped [g/s]           1.51827        1.51827
Trapp. Eff. Air [-]              0.7392         0.7392
Rel. to Ave. [-]                                1.0000
Airpurity [-]                    0.7441         0.7441
Dyn. Swirl [-]                   0.0000         0.0000
Dyn. Tumble [-]                  0.0000         0.0000

Wall Heatlosses:
----------------
Piston [kJ]                     -0.0093        -0.0093
Piston Temperature [K]                          570.00
Cylinderhead [kJ]              -0.01236       -0.01236
Head Temperature [K]                            500.00
Cylinderliner [kJ]             -0.00344       -0.00344
LinerTDC Temperature [K]                        470.00
LinerBDC Temperature [K]                        390.00
Sum of Wallheat [kJ]           -0.02511       -0.02511
Wall Heatlosses in High Pressure Phase:
Piston HP [kJ]                 -0.00931       -0.00931
Cylinderhead HP [kJ]           -0.01217       -0.01217
Cylinderliner HP [kJ]          -0.00283       -0.00283
Sum of Wallheat HP [kJ]        -0.02431       -0.02431
Wall Heatlosses Related to Heatinput:
Piston [-]                      -0.0565        -0.0565
Cylinderhead [-]                -0.0749        -0.0749
Cylinderliner [-]               -0.0209        -0.0209
Sum of Wallheat [-]             -0.1523        -0.1523
M. Eff. HTC [W/m2/K]             305.25         305.25
M. Eff. Temp. [K]               1232.86        1232.86

Reference Values at EO:
-----------------------
Pressure [bar]                     3.14           3.14
Temperature [K]                 1013.73        1013.73
A/F-Ratio [-]                      8.70           8.70
Com.Prod.Conc. [-]              0.99917        0.99917
Fuel Concentr. [-]             0.000086       0.000086

Average Values of Pipeattachements:
-----------------------------------
 Attached Pipe                                       2
Vlv/Prt.Op.Eff.0mm[deg]                         138.66
Vlv/Prt.Cl.Eff.0mm[deg]                         221.38
Massflow [g/cycle]                            0.046208
Wallheat [kJ/cycle]                           0.000000
 Attached Pipe                                       3
Vlv/Prt.Op.Eff.0mm[deg]                         114.53
Vlv/Prt.Cl.Eff.0mm[deg]                         245.02
Massflow [g/cycle]                            0.046209
Wallheat [kJ/cycle]                           0.000000

FLOWRESTRICTIONS: Average Values
--------------------------------
 Flr. Att.Pi.  Massflow  Att.Pi.  Massflow
  nr.  number [g/cycle]   number [g/cycle]
    1       3    0.0462        6    0.0462

ROTARYVALVES: Average Values
----------------------------
 RVl. Att.Pi.  Massflow  Att.Pi.  Massflow
  nr.  number [g/cycle]   number [g/cycle]
    1       4    0.0462        5    0.0462

FUELINJECTORS: Average Values
-----------------------------
 Inj. Att.Pi.  Massflow  Att.Pi.  Massflow Added Fuel
  nr.  number [g/cycle]   number [g/cycle]  [g/cycle]
    1       1    0.0410        4    0.0462     0.0053

OVERALL ENGINE PERFORMANCE:
===========================

Indicated Torque          :      4.44 Nm                    Indicated Specific Torque :     91.98 Nm/l
Indicated Power           :      1.39 kW,         1.90 PS   Indicated Specific Power  :     28.90 kW/l,      39.29 PS/l
Auxiliary Drives Torque   :      0.09 Nm                    Auxiliary Drives Power    :      0.03 kW
Friction Torque           :      0.88 Nm                    Friction Power            :      0.28 kW
Effective Torque          :      3.47 Nm                    Effective Specific Torque :     71.91 Nm/l
Effective Power           :      1.09 kW,         1.48 PS   Effective Specific Power  :     22.59 kW/l,      30.72 PS/l

Required time for reading the inputfile and initialisation:       0.06 min
Required time for the calculation: .........................      0.15 min
Required time for writing the outputfile: ..................      0.00 min
Required total time: .......................................      0.21 min
Required total CPU-time: ...................................      9.50 sec
