MESSAGE
RUNINFO      1 CONTROL      1 BOOST       0.00 DEGCRA
 System date and time : 19.03.2020 15:30:39
ENDOFMESSAGE
MESSAGE
RUNINFO      2 CONTROL      2 BOOST       0.00 DEGCRA
 Executable information:
  Version  : v2019.2.0.0.0
  Build    : Sep 30 2019 22:44:23
  Platform : x86_64-unknown-winnt_i16v15
ENDOFMESSAGE
MESSAGE
RUNINFO      3 CONTROL      3 BOOST       0.00 DEGCRA
 Opened file :  ravna_primerjava.bst
ENDOFMESSAGE
MESSAGE
RUNINFO 70011 INPUT     0 BST_READ_GLOBAL 0.00DEGCRA
  The following User Defined Parameters were identified:
ENDOFMESSAGE
ENDOFMESSAGE
MESSAGE
RUNINFO 571129 INPUT      0 BST_READ_GLOBAL       0.00 DEGCRA
 Using C gas property library
ENDOFMESSAGE
MESSAGE
RUNINFO  12377 INPUT      0 BST_READ_GLOBAL       0.00 DEGCRA
 No reference element set for volumetric efficiency.
 No gas exchange data related to intake manifold conditions will be calculated.
ENDOFMESSAGE
MESSAGE
RUNINFO 270000 REACTION_LIBRARY      1 CL_BOOST_MessageSystem       0.00 DEGCRA
>>> Catalyst Library <<<
  Version: 2.600
  Platform: x86_64-unknown-winnt_i16v15
  Build date: Sep 28 2019 21:19:44
ENDOFMESSAGE
MESSAGE
RUNINFO 270000 REACTION_LIBRARY      1 CL_BOOST_MessageSystem       0.00 DEGCRA
>>> Transfer Model Library Version 1.400 <<<
ENDOFMESSAGE
MESSAGE
RUNINFO 100001 BOOST      1 BOOST_GPR_printf       0.00 DEGCRA
    Classic gas property data are read from:
      C:/Program Files (x86)/AVL/R2019.2/BOOST/files/GASOLINE.BGP

ENDOFMESSAGE
MESSAGE
RUNINFO 121776 RESTRICTION      1 INPUT       0.00 DEGCRA
 Restriction end correction [mm]:       2.43
ENDOFMESSAGE
MESSAGE
RUNINFO 121773 RESTRICTION      1 INPUT       0.00 DEGCRA
 Flow coefficients from a restriction with extension not used.
ENDOFMESSAGE
MESSAGE
RUNINFO  10660 GLOBAL      1 LICENSING       0.00 DEGCRA
  >>>
  >>>   The Licence for application "sys_1DCFD_solver"
  >>>   has been checked out!
  >>>
ENDOFMESSAGE
MESSAGE
RUNINFO      0 POSTLINKS      0 BOOST       0.00 DEGCRA
 Opened file : ravna_primerjava.glb
 Unit Number :    13
ENDOFMESSAGE
MESSAGE
RUNINFO 150002 RESTRICTION      1 BOOST       0.00 DEGCRA
 Extension length smaller than pipe cell size. Extension ignored.
 Try reducing model cell size.
ENDOFMESSAGE
MESSAGE
RUNINFO 150006 SYSTEMBOUNDARY      1 BOOST       0.00 DEGCRA
 Open end correction for PIPE :     1
 End correction   [mm] :      6.000
 Original Length  [mm] :    100.000
 Corrected Length [mm] :    106.000
ENDOFMESSAGE
MESSAGE
RUNINFO 150006 SYSTEMBOUNDARY      2 BOOST       0.00 DEGCRA
 Open end correction for PIPE :     6
 End correction   [mm] :      9.000
 Original Length  [mm] :   2400.000
 Corrected Length [mm] :   2409.000
ENDOFMESSAGE
MESSAGE
RUNINFO 63950 CYLINDER     1 CALC_SCAVENGE_QUALITY 0.00 DEGCRA
 The following scavenging quality was obtained by
 converting the specified scavenging curve:
    scavenging    scavenging      trapping    scavenging
         ratio    efficiency    efficiency       quality
           [-]           [-]           [-]           [-]
--------------------------------------------------------
        0.0000        0.0000        1.0000        0.0000
        0.2000        0.2000        1.0000        1.0000
        0.4000        0.3800        0.9499        0.1498
        0.9000        0.7000        0.7777        0.3123
        1.5000        0.9000        0.5999        0.2153
        2.5000        0.9900        0.3959        0.0889
ENDOFMESSAGE
MESSAGE
WARNING 201019 CYLINDER      1 CYLINDERMODULE    7551.34 DEGCRA
  At Start of Combustion the Target Excess-Air Ratio is below      0.60000
  The following value is modified:
  Massfraction of Fuel Vapour from   0.05978 [kg/kg] to    0.05928 [kg/kg]
ENDOFMESSAGE
MESSAGE
WARNING 201019 CYLINDER      1 CYLINDERMODULE    7911.58 DEGCRA
  At Start of Combustion the Target Excess-Air Ratio is below      0.60000
  The following value is modified:
  Massfraction of Fuel Vapour from   0.06857 [kg/kg] to    0.06603 [kg/kg]
ENDOFMESSAGE
MESSAGE
WARNING 201019 CYLINDER      1 CYLINDERMODULE    8271.09 DEGCRA
  At Start of Combustion the Target Excess-Air Ratio is below      0.60000
  The following value is modified:
  Massfraction of Fuel Vapour from   0.07509 [kg/kg] to    0.07034 [kg/kg]
ENDOFMESSAGE
MESSAGE
WARNING 201019 CYLINDER      1 CYLINDERMODULE    8631.27 DEGCRA
  At Start of Combustion the Target Excess-Air Ratio is below      0.60000
  The following value is modified:
  Massfraction of Fuel Vapour from   0.07720 [kg/kg] to    0.07066 [kg/kg]
ENDOFMESSAGE
MESSAGE
WARNING 201019 CYLINDER      1 CYLINDERMODULE    8991.62 DEGCRA
  At Start of Combustion the Target Excess-Air Ratio is below      0.60000
  The following value is modified:
  Massfraction of Fuel Vapour from   0.08022 [kg/kg] to    0.07194 [kg/kg]
ENDOFMESSAGE
MESSAGE
WARNING 201019 CYLINDER      1 CYLINDERMODULE    9351.29 DEGCRA
  At Start of Combustion the Target Excess-Air Ratio is below      0.60000
  The following value is modified:
  Massfraction of Fuel Vapour from   0.08147 [kg/kg] to    0.07174 [kg/kg]
ENDOFMESSAGE
MESSAGE
WARNING 201019 CYLINDER      1 CYLINDERMODULE    9711.55 DEGCRA
  At Start of Combustion the Target Excess-Air Ratio is below      0.60000
  The following value is modified:
  Massfraction of Fuel Vapour from   0.08648 [kg/kg] to    0.07494 [kg/kg]
ENDOFMESSAGE
MESSAGE
WARNING 201019 CYLINDER      1 CYLINDERMODULE   10071.06 DEGCRA
  At Start of Combustion the Target Excess-Air Ratio is below      0.60000
  The following value is modified:
  Massfraction of Fuel Vapour from   0.09086 [kg/kg] to    0.07770 [kg/kg]
ENDOFMESSAGE
MESSAGE
WARNING 201019 CYLINDER      1 CYLINDERMODULE   10431.45 DEGCRA
  At Start of Combustion the Target Excess-Air Ratio is below      0.60000
  The following value is modified:
  Massfraction of Fuel Vapour from   0.08976 [kg/kg] to    0.07592 [kg/kg]
ENDOFMESSAGE
MESSAGE
WARNING 201019 CYLINDER      1 CYLINDERMODULE   10791.30 DEGCRA
  At Start of Combustion the Target Excess-Air Ratio is below      0.60000
  The following value is modified:
  Massfraction of Fuel Vapour from   0.08259 [kg/kg] to    0.06915 [kg/kg]
ENDOFMESSAGE
MESSAGE
WARNING 201019 CYLINDER      1 CYLINDERMODULE   11151.21 DEGCRA
  At Start of Combustion the Target Excess-Air Ratio is below      0.60000
  The following value is modified:
  Massfraction of Fuel Vapour from   0.08666 [kg/kg] to    0.07164 [kg/kg]
ENDOFMESSAGE
MESSAGE
WARNING 201019 CYLINDER      1 CYLINDERMODULE   11511.13 DEGCRA
  At Start of Combustion the Target Excess-Air Ratio is below      0.60000
  The following value is modified:
  Massfraction of Fuel Vapour from   0.08647 [kg/kg] to    0.07058 [kg/kg]
ENDOFMESSAGE
MESSAGE
WARNING 201019 CYLINDER      1 CYLINDERMODULE   11871.25 DEGCRA
  At Start of Combustion the Target Excess-Air Ratio is below      0.60000
  The following value is modified:
  Massfraction of Fuel Vapour from   0.08725 [kg/kg] to    0.07032 [kg/kg]
ENDOFMESSAGE
MESSAGE
WARNING 201019 CYLINDER      1 CYLINDERMODULE   12231.26 DEGCRA
  At Start of Combustion the Target Excess-Air Ratio is below      0.60000
  The following value is modified:
  Massfraction of Fuel Vapour from   0.08969 [kg/kg] to    0.07142 [kg/kg]
ENDOFMESSAGE
MESSAGE
WARNING 201019 CYLINDER      1 CYLINDERMODULE   12591.42 DEGCRA
  At Start of Combustion the Target Excess-Air Ratio is below      0.60000
  The following value is modified:
  Massfraction of Fuel Vapour from   0.09331 [kg/kg] to    0.07347 [kg/kg]
ENDOFMESSAGE
MESSAGE
WARNING 201019 CYLINDER      1 CYLINDERMODULE   12951.42 DEGCRA
  At Start of Combustion the Target Excess-Air Ratio is below      0.60000
  The following value is modified:
  Massfraction of Fuel Vapour from   0.09596 [kg/kg] to    0.07485 [kg/kg]
ENDOFMESSAGE
MESSAGE
WARNING 201019 CYLINDER      1 CYLINDERMODULE   13311.42 DEGCRA
  At Start of Combustion the Target Excess-Air Ratio is below      0.60000
  The following value is modified:
  Massfraction of Fuel Vapour from   0.09466 [kg/kg] to    0.07329 [kg/kg]
ENDOFMESSAGE
MESSAGE
WARNING 201019 CYLINDER      1 CYLINDERMODULE   13671.42 DEGCRA
  At Start of Combustion the Target Excess-Air Ratio is below      0.60000
  The following value is modified:
  Massfraction of Fuel Vapour from   0.09311 [kg/kg] to    0.07153 [kg/kg]
ENDOFMESSAGE
MESSAGE
WARNING 201019 CYLINDER      1 CYLINDERMODULE   14031.42 DEGCRA
  At Start of Combustion the Target Excess-Air Ratio is below      0.60000
  The following value is modified:
  Massfraction of Fuel Vapour from   0.09392 [kg/kg] to    0.07157 [kg/kg]
ENDOFMESSAGE
MESSAGE
WARNING 201019 CYLINDER      1 CYLINDERMODULE   14391.42 DEGCRA
  At Start of Combustion the Target Excess-Air Ratio is below      0.60000
  The following value is modified:
  Massfraction of Fuel Vapour from   0.09564 [kg/kg] to    0.07231 [kg/kg]
ENDOFMESSAGE
MESSAGE
WARNING 201019 CYLINDER      1 CYLINDERMODULE   14751.42 DEGCRA
  At Start of Combustion the Target Excess-Air Ratio is below      0.60000
  The following value is modified:
  Massfraction of Fuel Vapour from   0.09623 [kg/kg] to    0.07225 [kg/kg]
ENDOFMESSAGE
MESSAGE
WARNING 201019 CYLINDER      1 CYLINDERMODULE   15111.42 DEGCRA
  At Start of Combustion the Target Excess-Air Ratio is below      0.60000
  The following value is modified:
  Massfraction of Fuel Vapour from   0.09484 [kg/kg] to    0.07074 [kg/kg]
ENDOFMESSAGE
MESSAGE
WARNING 201019 CYLINDER      1 CYLINDERMODULE   15471.42 DEGCRA
  At Start of Combustion the Target Excess-Air Ratio is below      0.60000
  The following value is modified:
  Massfraction of Fuel Vapour from   0.09731 [kg/kg] to    0.07207 [kg/kg]
ENDOFMESSAGE
MESSAGE
WARNING 201019 CYLINDER      1 CYLINDERMODULE   15831.42 DEGCRA
  At Start of Combustion the Target Excess-Air Ratio is below      0.60000
  The following value is modified:
  Massfraction of Fuel Vapour from   0.10298 [kg/kg] to    0.07582 [kg/kg]
ENDOFMESSAGE
MESSAGE
WARNING 201019 CYLINDER      1 CYLINDERMODULE   16191.42 DEGCRA
  At Start of Combustion the Target Excess-Air Ratio is below      0.60000
  The following value is modified:
  Massfraction of Fuel Vapour from   0.10491 [kg/kg] to    0.07703 [kg/kg]
ENDOFMESSAGE
MESSAGE
WARNING 201019 CYLINDER      1 CYLINDERMODULE   16551.42 DEGCRA
  At Start of Combustion the Target Excess-Air Ratio is below      0.60000
  The following value is modified:
  Massfraction of Fuel Vapour from   0.10342 [kg/kg] to    0.07592 [kg/kg]
ENDOFMESSAGE
MESSAGE
WARNING 201019 CYLINDER      1 CYLINDERMODULE   16911.42 DEGCRA
  At Start of Combustion the Target Excess-Air Ratio is below      0.60000
  The following value is modified:
  Massfraction of Fuel Vapour from   0.10389 [kg/kg] to    0.07621 [kg/kg]
ENDOFMESSAGE
MESSAGE
WARNING 201019 CYLINDER      1 CYLINDERMODULE   17271.42 DEGCRA
  At Start of Combustion the Target Excess-Air Ratio is below      0.60000
  The following value is modified:
  Massfraction of Fuel Vapour from   0.10556 [kg/kg] to    0.07738 [kg/kg]
ENDOFMESSAGE
MESSAGE
WARNING 201019 CYLINDER      1 CYLINDERMODULE   17631.42 DEGCRA
  At Start of Combustion the Target Excess-Air Ratio is below      0.60000
  The following value is modified:
  Massfraction of Fuel Vapour from   0.10576 [kg/kg] to    0.07755 [kg/kg]
ENDOFMESSAGE
MESSAGE
WARNING 201019 CYLINDER      1 CYLINDERMODULE   17991.42 DEGCRA
  At Start of Combustion the Target Excess-Air Ratio is below      0.60000
  The following value is modified:
  Massfraction of Fuel Vapour from   0.10559 [kg/kg] to    0.07747 [kg/kg]
ENDOFMESSAGE
MESSAGE
WARNING 201019 CYLINDER      1 CYLINDERMODULE   18351.42 DEGCRA
  At Start of Combustion the Target Excess-Air Ratio is below      0.60000
  The following value is modified:
  Massfraction of Fuel Vapour from   0.10638 [kg/kg] to    0.07811 [kg/kg]
ENDOFMESSAGE
MESSAGE
WARNING 201019 CYLINDER      1 CYLINDERMODULE   18711.42 DEGCRA
  At Start of Combustion the Target Excess-Air Ratio is below      0.60000
  The following value is modified:
  Massfraction of Fuel Vapour from   0.10724 [kg/kg] to    0.07886 [kg/kg]
ENDOFMESSAGE
MESSAGE
WARNING 201019 CYLINDER      1 CYLINDERMODULE   19071.42 DEGCRA
  At Start of Combustion the Target Excess-Air Ratio is below      0.60000
  The following value is modified:
  Massfraction of Fuel Vapour from   0.10671 [kg/kg] to    0.07864 [kg/kg]
ENDOFMESSAGE
MESSAGE
WARNING 201019 CYLINDER      1 CYLINDERMODULE   19431.42 DEGCRA
  At Start of Combustion the Target Excess-Air Ratio is below      0.60000
  The following value is modified:
  Massfraction of Fuel Vapour from   0.10577 [kg/kg] to    0.07812 [kg/kg]
ENDOFMESSAGE
MESSAGE
WARNING 201019 CYLINDER      1 CYLINDERMODULE   19791.42 DEGCRA
  At Start of Combustion the Target Excess-Air Ratio is below      0.60000
  The following value is modified:
  Massfraction of Fuel Vapour from   0.10530 [kg/kg] to    0.07789 [kg/kg]
ENDOFMESSAGE
MESSAGE
WARNING 201019 CYLINDER      1 CYLINDERMODULE   20151.42 DEGCRA
  At Start of Combustion the Target Excess-Air Ratio is below      0.60000
  The following value is modified:
  Massfraction of Fuel Vapour from   0.10525 [kg/kg] to    0.07794 [kg/kg]
ENDOFMESSAGE
MESSAGE
WARNING 201019 CYLINDER      1 CYLINDERMODULE   20511.42 DEGCRA
  At Start of Combustion the Target Excess-Air Ratio is below      0.60000
  The following value is modified:
  Massfraction of Fuel Vapour from   0.10529 [kg/kg] to    0.07803 [kg/kg]
ENDOFMESSAGE
MESSAGE
WARNING 201019 CYLINDER      1 CYLINDERMODULE   20871.42 DEGCRA
  At Start of Combustion the Target Excess-Air Ratio is below      0.60000
  The following value is modified:
  Massfraction of Fuel Vapour from   0.10531 [kg/kg] to    0.07812 [kg/kg]
ENDOFMESSAGE
MESSAGE
WARNING 201019 CYLINDER      1 CYLINDERMODULE   21231.42 DEGCRA
  At Start of Combustion the Target Excess-Air Ratio is below      0.60000
  The following value is modified:
  Massfraction of Fuel Vapour from   0.10527 [kg/kg] to    0.07817 [kg/kg]
ENDOFMESSAGE
MESSAGE
WARNING 201019 CYLINDER      1 CYLINDERMODULE   21591.42 DEGCRA
  At Start of Combustion the Target Excess-Air Ratio is below      0.60000
  The following value is modified:
  Massfraction of Fuel Vapour from   0.10505 [kg/kg] to    0.07809 [kg/kg]
ENDOFMESSAGE
MESSAGE
WARNING 201019 CYLINDER      1 CYLINDERMODULE   21951.42 DEGCRA
  At Start of Combustion the Target Excess-Air Ratio is below      0.60000
  The following value is modified:
  Massfraction of Fuel Vapour from   0.10460 [kg/kg] to    0.07782 [kg/kg]
ENDOFMESSAGE
MESSAGE
WARNING 201019 CYLINDER      1 CYLINDERMODULE   22311.42 DEGCRA
  At Start of Combustion the Target Excess-Air Ratio is below      0.60000
  The following value is modified:
  Massfraction of Fuel Vapour from   0.10414 [kg/kg] to    0.07753 [kg/kg]
ENDOFMESSAGE
MESSAGE
WARNING 201019 CYLINDER      1 CYLINDERMODULE   22671.42 DEGCRA
  At Start of Combustion the Target Excess-Air Ratio is below      0.60000
  The following value is modified:
  Massfraction of Fuel Vapour from   0.10393 [kg/kg] to    0.07737 [kg/kg]
ENDOFMESSAGE
MESSAGE
WARNING 201019 CYLINDER      1 CYLINDERMODULE   23031.42 DEGCRA
  At Start of Combustion the Target Excess-Air Ratio is below      0.60000
  The following value is modified:
  Massfraction of Fuel Vapour from   0.10390 [kg/kg] to    0.07733 [kg/kg]
ENDOFMESSAGE
MESSAGE
WARNING 201019 CYLINDER      1 CYLINDERMODULE   23391.42 DEGCRA
  At Start of Combustion the Target Excess-Air Ratio is below      0.60000
  The following value is modified:
  Massfraction of Fuel Vapour from   0.10406 [kg/kg] to    0.07741 [kg/kg]
ENDOFMESSAGE
MESSAGE
WARNING 201019 CYLINDER      1 CYLINDERMODULE   23751.42 DEGCRA
  At Start of Combustion the Target Excess-Air Ratio is below      0.60000
  The following value is modified:
  Massfraction of Fuel Vapour from   0.10437 [kg/kg] to    0.07762 [kg/kg]
ENDOFMESSAGE
MESSAGE
WARNING 201019 CYLINDER      1 CYLINDERMODULE   24111.42 DEGCRA
  At Start of Combustion the Target Excess-Air Ratio is below      0.60000
  The following value is modified:
  Massfraction of Fuel Vapour from   0.10465 [kg/kg] to    0.07780 [kg/kg]
ENDOFMESSAGE
MESSAGE
WARNING 201019 CYLINDER      1 CYLINDERMODULE   24471.42 DEGCRA
  At Start of Combustion the Target Excess-Air Ratio is below      0.60000
  The following value is modified:
  Massfraction of Fuel Vapour from   0.10466 [kg/kg] to    0.07782 [kg/kg]
ENDOFMESSAGE
MESSAGE
WARNING 201019 CYLINDER      1 CYLINDERMODULE   24831.42 DEGCRA
  At Start of Combustion the Target Excess-Air Ratio is below      0.60000
  The following value is modified:
  Massfraction of Fuel Vapour from   0.10446 [kg/kg] to    0.07769 [kg/kg]
ENDOFMESSAGE
MESSAGE
WARNING 201019 CYLINDER      1 CYLINDERMODULE   25191.42 DEGCRA
  At Start of Combustion the Target Excess-Air Ratio is below      0.60000
  The following value is modified:
  Massfraction of Fuel Vapour from   0.10422 [kg/kg] to    0.07752 [kg/kg]
ENDOFMESSAGE
MESSAGE
WARNING 201019 CYLINDER      1 CYLINDERMODULE   25551.42 DEGCRA
  At Start of Combustion the Target Excess-Air Ratio is below      0.60000
  The following value is modified:
  Massfraction of Fuel Vapour from   0.10410 [kg/kg] to    0.07743 [kg/kg]
ENDOFMESSAGE
MESSAGE
WARNING 201019 CYLINDER      1 CYLINDERMODULE   25911.42 DEGCRA
  At Start of Combustion the Target Excess-Air Ratio is below      0.60000
  The following value is modified:
  Massfraction of Fuel Vapour from   0.10413 [kg/kg] to    0.07743 [kg/kg]
ENDOFMESSAGE
MESSAGE
WARNING 201019 CYLINDER      1 CYLINDERMODULE   26271.42 DEGCRA
  At Start of Combustion the Target Excess-Air Ratio is below      0.60000
  The following value is modified:
  Massfraction of Fuel Vapour from   0.10430 [kg/kg] to    0.07753 [kg/kg]
ENDOFMESSAGE
MESSAGE
WARNING 201019 CYLINDER      1 CYLINDERMODULE   26631.42 DEGCRA
  At Start of Combustion the Target Excess-Air Ratio is below      0.60000
  The following value is modified:
  Massfraction of Fuel Vapour from   0.10451 [kg/kg] to    0.07767 [kg/kg]
ENDOFMESSAGE
MESSAGE
WARNING 201019 CYLINDER      1 CYLINDERMODULE   26991.42 DEGCRA
  At Start of Combustion the Target Excess-Air Ratio is below      0.60000
  The following value is modified:
  Massfraction of Fuel Vapour from   0.10469 [kg/kg] to    0.07779 [kg/kg]
ENDOFMESSAGE
MESSAGE
WARNING 201019 CYLINDER      1 CYLINDERMODULE   27351.42 DEGCRA
  At Start of Combustion the Target Excess-Air Ratio is below      0.60000
  The following value is modified:
  Massfraction of Fuel Vapour from   0.10470 [kg/kg] to    0.07782 [kg/kg]
ENDOFMESSAGE
MESSAGE
WARNING 201019 CYLINDER      1 CYLINDERMODULE   27711.42 DEGCRA
  At Start of Combustion the Target Excess-Air Ratio is below      0.60000
  The following value is modified:
  Massfraction of Fuel Vapour from   0.10455 [kg/kg] to    0.07773 [kg/kg]
ENDOFMESSAGE
MESSAGE
WARNING 201019 CYLINDER      1 CYLINDERMODULE   28071.42 DEGCRA
  At Start of Combustion the Target Excess-Air Ratio is below      0.60000
  The following value is modified:
  Massfraction of Fuel Vapour from   0.10434 [kg/kg] to    0.07758 [kg/kg]
ENDOFMESSAGE
MESSAGE
WARNING 201019 CYLINDER      1 CYLINDERMODULE   28431.42 DEGCRA
  At Start of Combustion the Target Excess-Air Ratio is below      0.60000
  The following value is modified:
  Massfraction of Fuel Vapour from   0.10422 [kg/kg] to    0.07749 [kg/kg]
ENDOFMESSAGE
MESSAGE
WARNING 201019 CYLINDER      1 CYLINDERMODULE   28791.42 DEGCRA
  At Start of Combustion the Target Excess-Air Ratio is below      0.60000
  The following value is modified:
  Massfraction of Fuel Vapour from   0.10422 [kg/kg] to    0.07747 [kg/kg]
ENDOFMESSAGE
MESSAGE
WARNING 201019 CYLINDER      1 CYLINDERMODULE   29151.42 DEGCRA
  At Start of Combustion the Target Excess-Air Ratio is below      0.60000
  The following value is modified:
  Massfraction of Fuel Vapour from   0.10434 [kg/kg] to    0.07755 [kg/kg]
ENDOFMESSAGE
MESSAGE
WARNING 201019 CYLINDER      1 CYLINDERMODULE   29511.42 DEGCRA
  At Start of Combustion the Target Excess-Air Ratio is below      0.60000
  The following value is modified:
  Massfraction of Fuel Vapour from   0.10454 [kg/kg] to    0.07767 [kg/kg]
ENDOFMESSAGE
MESSAGE
WARNING 201019 CYLINDER      1 CYLINDERMODULE   29871.42 DEGCRA
  At Start of Combustion the Target Excess-Air Ratio is below      0.60000
  The following value is modified:
  Massfraction of Fuel Vapour from   0.10470 [kg/kg] to    0.07778 [kg/kg]
ENDOFMESSAGE
MESSAGE
WARNING 201019 CYLINDER      1 CYLINDERMODULE   30231.42 DEGCRA
  At Start of Combustion the Target Excess-Air Ratio is below      0.60000
  The following value is modified:
  Massfraction of Fuel Vapour from   0.10474 [kg/kg] to    0.07782 [kg/kg]
ENDOFMESSAGE
MESSAGE
WARNING 201019 CYLINDER      1 CYLINDERMODULE   30591.42 DEGCRA
  At Start of Combustion the Target Excess-Air Ratio is below      0.60000
  The following value is modified:
  Massfraction of Fuel Vapour from   0.10469 [kg/kg] to    0.07780 [kg/kg]
ENDOFMESSAGE
MESSAGE
WARNING 201019 CYLINDER      1 CYLINDERMODULE   30951.42 DEGCRA
  At Start of Combustion the Target Excess-Air Ratio is below      0.60000
  The following value is modified:
  Massfraction of Fuel Vapour from   0.10459 [kg/kg] to    0.07774 [kg/kg]
ENDOFMESSAGE
MESSAGE
WARNING 201019 CYLINDER      1 CYLINDERMODULE   31311.42 DEGCRA
  At Start of Combustion the Target Excess-Air Ratio is below      0.60000
  The following value is modified:
  Massfraction of Fuel Vapour from   0.10451 [kg/kg] to    0.07770 [kg/kg]
ENDOFMESSAGE
MESSAGE
WARNING 201019 CYLINDER      1 CYLINDERMODULE   31671.42 DEGCRA
  At Start of Combustion the Target Excess-Air Ratio is below      0.60000
  The following value is modified:
  Massfraction of Fuel Vapour from   0.10448 [kg/kg] to    0.07768 [kg/kg]
ENDOFMESSAGE
MESSAGE
WARNING 201019 CYLINDER      1 CYLINDERMODULE   32031.42 DEGCRA
  At Start of Combustion the Target Excess-Air Ratio is below      0.60000
  The following value is modified:
  Massfraction of Fuel Vapour from   0.10446 [kg/kg] to    0.07767 [kg/kg]
ENDOFMESSAGE
MESSAGE
WARNING 201019 CYLINDER      1 CYLINDERMODULE   32391.42 DEGCRA
  At Start of Combustion the Target Excess-Air Ratio is below      0.60000
  The following value is modified:
  Massfraction of Fuel Vapour from   0.10445 [kg/kg] to    0.07766 [kg/kg]
ENDOFMESSAGE
MESSAGE
WARNING 201019 CYLINDER      1 CYLINDERMODULE   32751.42 DEGCRA
  At Start of Combustion the Target Excess-Air Ratio is below      0.60000
  The following value is modified:
  Massfraction of Fuel Vapour from   0.10444 [kg/kg] to    0.07765 [kg/kg]
ENDOFMESSAGE
MESSAGE
WARNING 201019 CYLINDER      1 CYLINDERMODULE   33111.42 DEGCRA
  At Start of Combustion the Target Excess-Air Ratio is below      0.60000
  The following value is modified:
  Massfraction of Fuel Vapour from   0.10442 [kg/kg] to    0.07764 [kg/kg]
ENDOFMESSAGE
MESSAGE
WARNING 201019 CYLINDER      1 CYLINDERMODULE   33471.42 DEGCRA
  At Start of Combustion the Target Excess-Air Ratio is below      0.60000
  The following value is modified:
  Massfraction of Fuel Vapour from   0.10441 [kg/kg] to    0.07762 [kg/kg]
ENDOFMESSAGE
MESSAGE
WARNING 201019 CYLINDER      1 CYLINDERMODULE   33831.42 DEGCRA
  At Start of Combustion the Target Excess-Air Ratio is below      0.60000
  The following value is modified:
  Massfraction of Fuel Vapour from   0.10443 [kg/kg] to    0.07763 [kg/kg]
ENDOFMESSAGE
MESSAGE
WARNING 201019 CYLINDER      1 CYLINDERMODULE   34191.42 DEGCRA
  At Start of Combustion the Target Excess-Air Ratio is below      0.60000
  The following value is modified:
  Massfraction of Fuel Vapour from   0.10445 [kg/kg] to    0.07764 [kg/kg]
ENDOFMESSAGE
MESSAGE
WARNING 201019 CYLINDER      1 CYLINDERMODULE   34551.42 DEGCRA
  At Start of Combustion the Target Excess-Air Ratio is below      0.60000
  The following value is modified:
  Massfraction of Fuel Vapour from   0.10448 [kg/kg] to    0.07765 [kg/kg]
ENDOFMESSAGE
MESSAGE
WARNING 201019 CYLINDER      1 CYLINDERMODULE   34911.42 DEGCRA
  At Start of Combustion the Target Excess-Air Ratio is below      0.60000
  The following value is modified:
  Massfraction of Fuel Vapour from   0.10449 [kg/kg] to    0.07766 [kg/kg]
ENDOFMESSAGE
MESSAGE
WARNING 201019 CYLINDER      1 CYLINDERMODULE   35271.42 DEGCRA
  At Start of Combustion the Target Excess-Air Ratio is below      0.60000
  The following value is modified:
  Massfraction of Fuel Vapour from   0.10449 [kg/kg] to    0.07766 [kg/kg]
ENDOFMESSAGE
MESSAGE
WARNING 201019 CYLINDER      1 CYLINDERMODULE   35631.42 DEGCRA
  At Start of Combustion the Target Excess-Air Ratio is below      0.60000
  The following value is modified:
  Massfraction of Fuel Vapour from   0.10447 [kg/kg] to    0.07764 [kg/kg]
ENDOFMESSAGE
MESSAGE
WARNING 201019 CYLINDER      1 CYLINDERMODULE   35991.42 DEGCRA
  At Start of Combustion the Target Excess-Air Ratio is below      0.60000
  The following value is modified:
  Massfraction of Fuel Vapour from   0.10446 [kg/kg] to    0.07763 [kg/kg]
ENDOFMESSAGE
