 --------------------------------
 AVL - B O O S T
 Version:        v2019.2.0.0.0
 Build:          Sep 30 2019 22:44:23
 Git Build Hash: be28b9261d560946c8b3a40b85f0245f4d0c8e85
 System:         x86_64-unknown-winnt_i16v15
 --------------------------------

LICENSE
-------
 sys_1DCFD_solver 2019.0@ License will expire in 279 days

PROJECT
-------
 Preprocessor Version :  2019.2
 Calculation date     : 27.03.2020
 File     : ravna_primerjava.bst
 Case Set : "dolzina"
 Case     : "Case 1"
 
 Project ID: ""
 Run ID:     ""
 Model date: "5. Mar 2020 08:55:39"

ELEMENTS
--------
 Element Name        Number

 PIPE                   6
 SYSTEMBOUNDARY         2
 VARIABLE_PLENUM        1
 CYLINDER               1
 RESTRICTION            1
 ROTARYVALVE            1
 FUELINJECTOR           1
 MEASURINGPOINT         4
 ENGINE                 1
 PIPE_END              12
 ALL_PIPES              6
 ALL_PLENUMS            1
 ALL_BOUNDARIES         2
 RESTRICTIONS           3
 ALL_PIDS               1
 PIPE_VAR_WALL_TEMP     6

GLOBAL DATA
-----------
  Engine Speed :         3000.0  rpm
  Calculationmode:        BOOST  Single
  Cycle Duration:        360.00  degrees
  Max. calc. period:   36000.00  degrees
  Cycles calculated:        100  cycles
  Calc. time steps:     0.73888  degrees (max)
                        0.71516  degrees
                        0.03973  ms
                        0.69437  degrees (short pipe)
                        0.03858  ms (short pipe)
  Traces results step:  3.00000  degrees
  User concentrations:        0
  Ref. pressure:      100000.00  Pa
  Ref. temperature:     298.000  K
  Gas properties:      Variable
  Gasproperties File:     GASOLINE.BGP
     bgp_build_version:   v2013.0.0.0.0
     bgp_build_host:      boosthost
     bgp_build_user:      boost
     bgp_build_date:      2012.03.23
     bgp_build_time:      08:00:00
  Lower calorific:  0.43500E+08  J/kg
  Stoic. A/F-ratio:      14.500

  Warnings:                   0
  Convergence errors:         0

PIPES
-----

 Total number of pipe cells:     39

 Pipe   Cells   Cell size       W.Heat     Wall T    Fric. coeff.   Lam. Fric. Coeff.  Heat Factor       Volume
  nr.                [mm]         [kJ]        [K]             [-]                 [-]          [-]        [dm3]
    1       4        26.5        0.000     300.00        0.019000           64.000000     1.000000     0.033301
    2       1        30.0       -0.000     300.00        0.019000           64.000000     1.000000     0.005301
    3       1        30.0       -0.001     300.00        0.019000           64.000000     1.000000     0.005301
    4       4        25.0        0.000     300.00        0.019000           64.000000     1.000000     0.031416
    5       1        30.0        0.000     300.00        0.019000           64.000000     1.000000     0.009425
    6      28        25.4       -0.014     300.00        0.019000           64.000000     1.000000     0.223079


MEASURINGPOINTS: Average Values
-------------------------------
 Mp. Pipe Location   Diameter  Pressure  Temp. Ms.Temp.  Velo.   Massflow   Massflow To.Ent.f.  To.Ent.f.  Mach. Wtemp.  Converg.
 nr.  nr.     [mm]       [mm]     [bar]    [K]      [K]  [m/s]      [g/s]  [g/cycle]    [kJ/s]  [kJ/cyc.]    [-]    [K]       [-]
  1   2     0.0000    15.0000    0.9975  299.5    300.5   11.7     2.6129     0.0523     0.017     0.0003   0.04  300.0 0.749E-08
  2   6     0.0000    20.0000    1.0103  503.8    694.5   16.3     2.6102     0.0522     4.519     0.0904   0.03  300.0 0.463E-06
  3   6   100.0000    20.0000    1.0077  658.6    657.8   12.8     2.6102     0.0522     4.402     0.0880   0.02  300.0 0.666E-05
  4   6   704.0816    20.0000    1.0003  481.6    460.3   11.3     2.6131     0.0523     3.813     0.0763   0.03  300.0 0.156E-04

SYSTEMBOUNDARIES
Attachments
-----------
 Type                 Nr.   Pipe       Mass flow
                             Nr.       [g/cycle]
 SYSTEMBOUNDARY        1      1          0.0472
 SYSTEMBOUNDARY        2      6          0.0522

PLENUMS: Average Values
-----------------------
                   Pl. Pressure   Temp.      Mass Wallheat
                   nr.    [bar]     [K]       [g]     [kJ]
 VARIABLE_PLENUM    1    1.0037  299.82     0.631    0.000
                                          Attached pipe   2:      0.0522 g/cycle
                                          Attached pipe   5:      0.0522 g/cycle

PLENUMS
Attachments
-----------
 Type                 Nr.   Pipe       Mass flow
                             Nr.       [g/cycle]
 VARIABLE_PLENUM       1      2          0.0522
 VARIABLE_PLENUM       1      5          0.0522

VARIABLE PLENUMS: Average Values
--------------------------------
 Pl. Pressure   Temp.      Mass Wallheat  Vol.work  Volume
 nr.    [bar]     [K]       [g]     [kJ]      [kJ]     [l]
  1    1.0037  299.82     0.631    0.000    -0.001    0.51
                                                           Attached pipe   2:      0.0522 g/cycle
                                                           Attached pipe   5:      0.0522 g/cycle

CYLINDERS: Average Values
-------------------------
                               Total
                              Engine         Cyl.   1
Firing TDC [deg]                                  0.00
Bore [mm]                                        37.80
Stroke [mm]                                      43.00
Conrodl. [mm]                                    90.00
Piston pin offset [mm]                            0.00
Swept Vol. [l]                   0.0483         0.0483
Dyn. Comp. ratio [-]                              7.84

Combustion Data:
----------------
Combustion Char.                                  Vibe     
Comb.start [deg]                                 -9.00
Vibe Parameter a [-]                             6.900
Vibe Param. m 1 [-]                              1.860
Peak Fir.Pres. [bar]              39.92          39.92
at Crankangle [deg]               16.26          16.26
Peak Pres.Rise[bar/deg]            1.84           1.84
at Crankangle [deg]                5.91           5.91
Peak Fir. Temp. [K]             2125.19        2125.19
at Crankangle [deg]               20.69          20.69

Performance:
------------
Rel. to Ave. [-]                                1.0000
BMEP [bar]                       5.1973         5.1973
AMEP;SMEP [bar]                  0.1139         0.1139
ISFC [g/kWh]                   567.5932       567.5932
Rel. to Ave. [-]                                1.0000
ISFC (tr.f.) [g/kWh]           403.1754       403.1754
BSFC [g/kWh]                   705.6240       705.6240
Indicated Eff. [-]               0.2053         0.2053
Iso vol. comb. Eff [-]           0.9662         0.9662
Polytropic Coeff. [-]                           1.3069

Fuel Mass Balance:
------------------
Inj. Fuelmass [g]              0.000000       0.000000
Asp.Trap. Fuelmass [g]         0.003492       0.003492
Fuelmassfl.(A+I) [g/s]         0.245787       0.245787
Fuelmass tot.trap. [g]         0.003492       0.003492
Trapped Fuelm.fl.[g/s]         0.174588       0.174588
Trapp. Eff. Fuel [-]             0.7103         0.7103

Energy Balance Cylinder:
------------------------
Fuel Energy [kJ]                0.15195        0.15195
Released Energy [kJ]            0.15173        0.15173
-> Brake Power     [%]           16.529         16.529
-> Loss: Friction  [%]            3.657          3.657
-> Loss: Piston    [%]            7.302          7.302
-> Loss: Head      [%]            9.572          9.572
-> Loss: Liner     [%]            2.697          2.697
-> Loss: Int. Port [%]            0.000          0.000
-> Loss: Exh. Port [%]            0.000          0.000
-> Loss: Exh. Gas  [%]           59.838         59.838
Eff. Rel. Energy [kJ]           0.08631        0.08631
Gross Rel. Energy [kJ]          0.15173        0.15173
Eff.Gross Rel.Ener.[kJ]         0.08631        0.08631
Energy Balance [-]               0.9986         0.9986
Eff. Energy Balance [-]          0.5681         0.5681

Blowby:
-------
Blowbymass [g]                 0.000000       0.000000
Blowbymassfl. [g/s]            0.000000       0.000000
Blowby Heat Flow [kJ]          0.000000       0.000000

Reference Values at Start of High Pressure:
-------------------------------------------
Pressure at SHP[bar]             1.0046         1.0046
Temperature [K]                  375.38         375.38
Air Massfl.  [g/s]             2.363608       2.363608
Fuel Massfl. [g/s]             0.245787       0.245787
Trapp. Eff. Air [-]              0.7103         0.7103
Trapp. Eff.Fuel [-]              0.7103         0.7103
A/F-Ratio (Cmb.) [-]               9.62           9.62
Excess Air Ratio [-]             0.6632         0.6632

Reference Values at Start Of Combustion:
----------------------------------------
Pressure [bar]                  13.5288        13.5288
Temperature [K]                  687.04         687.04

Residual Gas:
-------------
Res.gas content [-]              0.1075         0.1075
External EGR [-]                 0.0000         0.0000
Internal EGR [-]                 0.1075         0.1075
Com.Prod.Mass. at EO [g]       0.041495       0.041495
Res.gas mass at SHP [g]        0.004463       0.004463
Res.gas aspirated IN [g]       0.000000       0.000000
Res.gas from intake [g]        0.000055       0.000055
Rel. to Total [-]                0.0124         0.0124
Res.gas flow EX [g]            0.037033       0.037033
Res.gas from exhaust [g]       0.000000       0.000000
Rel. to Total [-]                0.0000         0.0000

Gas Exchange:
-------------
Volumetric Eff. [-]              0.5954         0.5954
Rel. to Ave. [-]                                1.0000
Total Mass at SHP[g]             0.0415         0.0415
Mass Delivered [g]              0.05219        0.05219
Mass Delivered [g/s]            2.60939        2.60939
Delivery Ratio [-]               0.9253         0.9253
Rel. to Ave. [-]                                1.0000
Av.Airmass at SHP[g]             0.0336         0.0336
Air Delivered [g]               0.04727        0.04727
Air Delivered [g/s]             2.36361        2.36361
Airdeliveryratio [-]             0.8381         0.8381
Rel. to Ave. [-]                                1.0000
Airmass Trapped [g]             0.03358        0.03358
Airmass Trapped [g/s]           1.67895        1.67895
Trapp. Eff. Air [-]              0.7103         0.7103
Rel. to Ave. [-]                                1.0000
Airpurity [-]                    0.8085         0.8085
Dyn. Swirl [-]                   0.0000         0.0000
Dyn. Tumble [-]                  0.0000         0.0000

Wall Heatlosses:
----------------
Piston [kJ]                     -0.0111        -0.0111
Piston Temperature [K]                          570.00
Cylinderhead [kJ]              -0.01452       -0.01452
Head Temperature [K]                            500.00
Cylinderliner [kJ]             -0.00409       -0.00409
LinerTDC Temperature [K]                        470.00
LinerBDC Temperature [K]                        390.00
Sum of Wallheat [kJ]           -0.02969       -0.02969
Wall Heatlosses in High Pressure Phase:
Piston HP [kJ]                 -0.01099       -0.01099
Cylinderhead HP [kJ]           -0.01422       -0.01422
Cylinderliner HP [kJ]          -0.00329       -0.00329
Sum of Wallheat HP [kJ]        -0.02850       -0.02850
Wall Heatlosses Related to Heatinput:
Piston [-]                      -0.0729        -0.0729
Cylinderhead [-]                -0.0956        -0.0956
Cylinderliner [-]               -0.0269        -0.0269
Sum of Wallheat [-]             -0.1955        -0.1955
M. Eff. HTC [W/m2/K]             316.36         316.36
M. Eff. Temp. [K]               1330.89        1330.89

Reference Values at EO:
-----------------------
Pressure [bar]                     3.37           3.37
Temperature [K]                 1096.99        1096.99
A/F-Ratio [-]                      9.62           9.62
Com.Prod.Conc. [-]              0.99911        0.99911
Fuel Concentr. [-]             0.000083       0.000083

Average Values of Pipeattachements:
-----------------------------------
 Attached Pipe                                       2
Vlv/Prt.Op.Eff.0mm[deg]                         138.89
Vlv/Prt.Cl.Eff.0mm[deg]                         221.56
Massflow [g/cycle]                            0.052188
Wallheat [kJ/cycle]                           0.000000
 Attached Pipe                                       3
Vlv/Prt.Op.Eff.0mm[deg]                         114.53
Vlv/Prt.Cl.Eff.0mm[deg]                         245.20
Massflow [g/cycle]                            0.052187
Wallheat [kJ/cycle]                           0.000000

FLOWRESTRICTIONS: Average Values
--------------------------------
 Flr. Att.Pi.  Massflow  Att.Pi.  Massflow
  nr.  number [g/cycle]   number [g/cycle]
    1       3    0.0522        6    0.0522

ROTARYVALVES: Average Values
----------------------------
 RVl. Att.Pi.  Massflow  Att.Pi.  Massflow
  nr.  number [g/cycle]   number [g/cycle]
    1       4    0.0522        5    0.0522

FUELINJECTORS: Average Values
-----------------------------
 Inj. Att.Pi.  Massflow  Att.Pi.  Massflow Added Fuel
  nr.  number [g/cycle]   number [g/cycle]  [g/cycle]
    1       1    0.0472        4    0.0522     0.0050

OVERALL ENGINE PERFORMANCE:
===========================

Indicated Torque          :      4.96 Nm                    Indicated Specific Torque :    102.83 Nm/l
Indicated Power           :      1.56 kW,         2.12 PS   Indicated Specific Power  :     32.31 kW/l,      43.92 PS/l
Auxiliary Drives Torque   :      0.09 Nm                    Auxiliary Drives Power    :      0.03 kW
Friction Torque           :      0.88 Nm                    Friction Power            :      0.28 kW
Effective Torque          :      3.99 Nm                    Effective Specific Torque :     82.72 Nm/l
Effective Power           :      1.25 kW,         1.70 PS   Effective Specific Power  :     25.99 kW/l,      35.33 PS/l

Required time for reading the inputfile and initialisation:       0.06 min
Required time for the calculation: .........................      0.18 min
Required time for writing the outputfile: ..................      0.00 min
Required total time: .......................................      0.23 min
Required total CPU-time: ...................................     10.78 sec
