 --------------------------------
 AVL - B O O S T
 Version:        v2019.2.0.0.0
 Build:          Sep 30 2019 22:44:23
 Git Build Hash: be28b9261d560946c8b3a40b85f0245f4d0c8e85
 System:         x86_64-unknown-winnt_i16v15
 --------------------------------

LICENSE
-------
 sys_1DCFD_solver 2019.0@ License will expire in 279 days

PROJECT
-------
 Preprocessor Version :  2019.2
 Calculation date     : 27.03.2020
 File     : ravna_primerjava.bst
 Case Set : "dolzina"
 Case     : "Case 7"
 
 Project ID: ""
 Run ID:     ""
 Model date: "5. Mar 2020 08:55:39"

ELEMENTS
--------
 Element Name        Number

 PIPE                   6
 SYSTEMBOUNDARY         2
 VARIABLE_PLENUM        1
 CYLINDER               1
 RESTRICTION            1
 ROTARYVALVE            1
 FUELINJECTOR           1
 MEASURINGPOINT         4
 ENGINE                 1
 PIPE_END              12
 ALL_PIPES              6
 ALL_PLENUMS            1
 ALL_BOUNDARIES         2
 RESTRICTIONS           3
 ALL_PIDS               1
 PIPE_VAR_WALL_TEMP     6

GLOBAL DATA
-----------
  Engine Speed :         3000.0  rpm
  Calculationmode:        BOOST  Single
  Cycle Duration:        360.00  degrees
  Max. calc. period:   36000.00  degrees
  Cycles calculated:        100  cycles
  Calc. time steps:     0.73888  degrees (max)
                        0.70792  degrees
                        0.03933  ms
                        0.68982  degrees (short pipe)
                        0.03832  ms (short pipe)
  Traces results step:  3.00000  degrees
  User concentrations:        0
  Ref. pressure:      100000.00  Pa
  Ref. temperature:     298.000  K
  Gas properties:      Variable
  Gasproperties File:     GASOLINE.BGP
     bgp_build_version:   v2013.0.0.0.0
     bgp_build_host:      boosthost
     bgp_build_user:      boost
     bgp_build_date:      2012.03.23
     bgp_build_time:      08:00:00
  Lower calorific:  0.43500E+08  J/kg
  Stoic. A/F-ratio:      14.500

  Warnings:                   0
  Convergence errors:         0

PIPES
-----

 Total number of pipe cells:     45

 Pipe   Cells   Cell size       W.Heat     Wall T    Fric. coeff.   Lam. Fric. Coeff.  Heat Factor       Volume
  nr.                [mm]         [kJ]        [K]             [-]                 [-]          [-]        [dm3]
    1       4        26.5        0.000     300.00        0.019000           64.000000     1.000000     0.033301
    2       1        30.0       -0.000     300.00        0.019000           64.000000     1.000000     0.005301
    3       1        30.0       -0.001     300.00        0.019000           64.000000     1.000000     0.005301
    4       4        25.0        0.000     300.00        0.019000           64.000000     1.000000     0.031416
    5       1        30.0        0.000     300.00        0.019000           64.000000     1.000000     0.009425
    6      34        25.1       -0.021     300.00        0.019000           64.000000     1.000000     0.267959


MEASURINGPOINTS: Average Values
-------------------------------
 Mp. Pipe Location   Diameter  Pressure  Temp. Ms.Temp.  Velo.   Massflow   Massflow To.Ent.f.  To.Ent.f.  Mach. Wtemp.  Converg.
 nr.  nr.     [mm]       [mm]     [bar]    [K]      [K]  [m/s]      [g/s]  [g/cycle]    [kJ/s]  [kJ/cyc.]    [-]    [K]       [-]
  1   2     0.0000    15.0000    0.9982  299.5    301.8   12.2     2.7257     0.0545     0.017     0.0003   0.04  300.0 0.897E-08
  2   6     0.0000    20.0000    1.0140  519.5    709.9   17.1     2.7244     0.0545     4.039     0.0808   0.03  300.0 0.374E-07
  3   6   100.0000    20.0000    1.0114  634.3    669.1   13.6     2.7244     0.0545     3.908     0.0782   0.03  300.0 0.554E-07
  4   6   846.9388    20.0000    0.9982  450.8    386.5    9.8     2.7243     0.0545     3.017     0.0603   0.02  300.0 0.193E-06

SYSTEMBOUNDARIES
Attachments
-----------
 Type                 Nr.   Pipe       Mass flow
                             Nr.       [g/cycle]
 SYSTEMBOUNDARY        1      1          0.0496
 SYSTEMBOUNDARY        2      6          0.0545

PLENUMS: Average Values
-----------------------
                   Pl. Pressure   Temp.      Mass Wallheat
                   nr.    [bar]     [K]       [g]     [kJ]
 VARIABLE_PLENUM    1    1.0034  299.78     0.628    0.000
                                          Attached pipe   2:      0.0545 g/cycle
                                          Attached pipe   5:      0.0545 g/cycle

PLENUMS
Attachments
-----------
 Type                 Nr.   Pipe       Mass flow
                             Nr.       [g/cycle]
 VARIABLE_PLENUM       1      2          0.0545
 VARIABLE_PLENUM       1      5          0.0545

VARIABLE PLENUMS: Average Values
--------------------------------
 Pl. Pressure   Temp.      Mass Wallheat  Vol.work  Volume
 nr.    [bar]     [K]       [g]     [kJ]      [kJ]     [l]
  1    1.0034  299.78     0.628    0.000    -0.001    0.51
                                                           Attached pipe   2:      0.0545 g/cycle
                                                           Attached pipe   5:      0.0545 g/cycle

CYLINDERS: Average Values
-------------------------
                               Total
                              Engine         Cyl.   1
Firing TDC [deg]                                  0.00
Bore [mm]                                        37.80
Stroke [mm]                                      43.00
Conrodl. [mm]                                    90.00
Piston pin offset [mm]                            0.00
Swept Vol. [l]                   0.0483         0.0483
Dyn. Comp. ratio [-]                              7.83

Combustion Data:
----------------
Combustion Char.                                  Vibe     
Comb.start [deg]                                 -9.00
Vibe Parameter a [-]                             6.900
Vibe Param. m 1 [-]                              1.860
Peak Fir.Pres. [bar]              41.55          41.55
at Crankangle [deg]               16.26          16.26
Peak Pres.Rise[bar/deg]            1.91           1.91
at Crankangle [deg]                5.17           5.17
Peak Fir. Temp. [K]             2199.15        2199.15
at Crankangle [deg]               20.69          20.69

Performance:
------------
Rel. to Ave. [-]                                1.0000
BMEP [bar]                       5.4977         5.4977
AMEP;SMEP [bar]                  0.1141         0.1141
ISFC [g/kWh]                   530.9483       530.9483
Rel. to Ave. [-]                                1.0000
ISFC (tr.f.) [g/kWh]           370.9512       370.9512
BSFC [g/kWh]                   653.0345       653.0345
Indicated Eff. [-]               0.2231         0.2231
Iso vol. comb. Eff [-]           0.9661         0.9661
Polytropic Coeff. [-]                           1.3096

Fuel Mass Balance:
------------------
Inj. Fuelmass [g]              0.000000       0.000000
Asp.Trap. Fuelmass [g]         0.003362       0.003362
Fuelmassfl.(A+I) [g/s]         0.240619       0.240619
Fuelmass tot.trap. [g]         0.003362       0.003362
Trapped Fuelm.fl.[g/s]         0.168110       0.168110
Trapp. Eff. Fuel [-]             0.6987         0.6987

Energy Balance Cylinder:
------------------------
Fuel Energy [kJ]                0.14631        0.14631
Released Energy [kJ]            0.14610        0.14610
-> Brake Power     [%]           18.158         18.158
-> Loss: Friction  [%]            3.798          3.798
-> Loss: Piston    [%]            8.215          8.215
-> Loss: Head      [%]           10.716         10.716
-> Loss: Liner     [%]            3.020          3.020
-> Loss: Int. Port [%]            0.000          0.000
-> Loss: Exh. Port [%]            0.000          0.000
-> Loss: Exh. Gas  [%]           55.653         55.653
Eff. Rel. Energy [kJ]           0.09212        0.09212
Gross Rel. Energy [kJ]          0.14610        0.14610
Eff.Gross Rel.Ener.[kJ]         0.09212        0.09212
Energy Balance [-]               0.9986         0.9986
Eff. Energy Balance [-]          0.6296         0.6296

Blowby:
-------
Blowbymass [g]                 0.000000       0.000000
Blowbymassfl. [g/s]            0.000000       0.000000
Blowby Heat Flow [kJ]          0.000000       0.000000

Reference Values at Start of High Pressure:
-------------------------------------------
Pressure at SHP[bar]             1.0332         1.0332
Temperature [K]                  377.53         377.53
Air Massfl.  [g/s]             2.483501       2.483501
Fuel Massfl. [g/s]             0.240619       0.240619
Trapp. Eff. Air [-]              0.6987         0.6987
Trapp. Eff.Fuel [-]              0.6987         0.6987
A/F-Ratio (Cmb.) [-]              10.32          10.32
Excess Air Ratio [-]             0.7118         0.7118

Reference Values at Start Of Combustion:
----------------------------------------
Pressure [bar]                  13.8249        13.8249
Temperature [K]                  692.50         692.50

Residual Gas:
-------------
Res.gas content [-]              0.1023         0.1023
External EGR [-]                 0.0000         0.0000
Internal EGR [-]                 0.1023         0.1023
Com.Prod.Mass. at EO [g]       0.042365       0.042365
Res.gas mass at SHP [g]        0.004340       0.004340
Res.gas aspirated IN [g]       0.000000       0.000000
Res.gas from intake [g]        0.000069       0.000069
Rel. to Total [-]                0.0160         0.0160
Res.gas flow EX [g]            0.038027       0.038027
Res.gas from exhaust [g]       0.000100       0.000100
Rel. to Total [-]                0.0229         0.0229

Gas Exchange:
-------------
Volumetric Eff. [-]              0.6153         0.6153
Rel. to Ave. [-]                                1.0000
Total Mass at SHP[g]             0.0424         0.0424
Mass Delivered [g]              0.05448        0.05448
Mass Delivered [g/s]            2.72412        2.72412
Delivery Ratio [-]               0.9660         0.9660
Rel. to Ave. [-]                                1.0000
Av.Airmass at SHP[g]             0.0347         0.0347
Air Delivered [g]               0.04967        0.04967
Air Delivered [g/s]             2.48350        2.48350
Airdeliveryratio [-]             0.8806         0.8806
Rel. to Ave. [-]                                1.0000
Airmass Trapped [g]             0.03470        0.03470
Airmass Trapped [g/s]           1.73514        1.73514
Trapp. Eff. Air [-]              0.6987         0.6987
Rel. to Ave. [-]                                1.0000
Airpurity [-]                    0.8184         0.8184
Dyn. Swirl [-]                   0.0000         0.0000
Dyn. Tumble [-]                  0.0000         0.0000

Wall Heatlosses:
----------------
Piston [kJ]                     -0.0120        -0.0120
Piston Temperature [K]                          570.00
Cylinderhead [kJ]              -0.01566       -0.01566
Head Temperature [K]                            500.00
Cylinderliner [kJ]             -0.00441       -0.00441
LinerTDC Temperature [K]                        470.00
LinerBDC Temperature [K]                        390.00
Sum of Wallheat [kJ]           -0.03207       -0.03207
Wall Heatlosses in High Pressure Phase:
Piston HP [kJ]                 -0.01187       -0.01187
Cylinderhead HP [kJ]           -0.01531       -0.01531
Cylinderliner HP [kJ]          -0.00355       -0.00355
Sum of Wallheat HP [kJ]        -0.03073       -0.03073
Wall Heatlosses Related to Heatinput:
Piston [-]                      -0.0821        -0.0821
Cylinderhead [-]                -0.1070        -0.1070
Cylinderliner [-]               -0.0302        -0.0302
Sum of Wallheat [-]             -0.2193        -0.2193
M. Eff. HTC [W/m2/K]             322.71         322.71
M. Eff. Temp. [K]               1378.01        1378.01

Reference Values at EO:
-----------------------
Pressure [bar]                     3.52           3.52
Temperature [K]                 1140.89        1140.89
A/F-Ratio [-]                     10.32          10.32
Com.Prod.Conc. [-]              0.99911        0.99911
Fuel Concentr. [-]             0.000079       0.000079

Average Values of Pipeattachements:
-----------------------------------
 Attached Pipe                                       2
Vlv/Prt.Op.Eff.0mm[deg]                         138.87
Vlv/Prt.Cl.Eff.0mm[deg]                         221.03
Massflow [g/cycle]                            0.054482
Wallheat [kJ/cycle]                           0.000000
 Attached Pipe                                       3
Vlv/Prt.Op.Eff.0mm[deg]                         114.51
Vlv/Prt.Cl.Eff.0mm[deg]                         245.31
Massflow [g/cycle]                            0.054482
Wallheat [kJ/cycle]                           0.000000

FLOWRESTRICTIONS: Average Values
--------------------------------
 Flr. Att.Pi.  Massflow  Att.Pi.  Massflow
  nr.  number [g/cycle]   number [g/cycle]
    1       3    0.0545        6    0.0545

ROTARYVALVES: Average Values
----------------------------
 RVl. Att.Pi.  Massflow  Att.Pi.  Massflow
  nr.  number [g/cycle]   number [g/cycle]
    1       4    0.0545        5    0.0545

FUELINJECTORS: Average Values
-----------------------------
 Inj. Att.Pi.  Massflow  Att.Pi.  Massflow Added Fuel
  nr.  number [g/cycle]   number [g/cycle]  [g/cycle]
    1       1    0.0496        4    0.0545     0.0048

OVERALL ENGINE PERFORMANCE:
===========================

Indicated Torque          :      5.19 Nm                    Indicated Specific Torque :    107.62 Nm/l
Indicated Power           :      1.63 kW,         2.22 PS   Indicated Specific Power  :     33.81 kW/l,      45.97 PS/l
Auxiliary Drives Torque   :      0.09 Nm                    Auxiliary Drives Power    :      0.03 kW
Friction Torque           :      0.88 Nm                    Friction Power            :      0.28 kW
Effective Torque          :      4.22 Nm                    Effective Specific Torque :     87.50 Nm/l
Effective Power           :      1.33 kW,         1.80 PS   Effective Specific Power  :     27.49 kW/l,      37.37 PS/l

Required time for reading the inputfile and initialisation:       0.06 min
Required time for the calculation: .........................      0.19 min
Required time for writing the outputfile: ..................      0.00 min
Required total time: .......................................      0.25 min
Required total CPU-time: ...................................     11.61 sec
