 --------------------------------
 AVL - B O O S T
 Version:        v2019.2.0.0.0
 Build:          Sep 30 2019 22:44:23
 Git Build Hash: be28b9261d560946c8b3a40b85f0245f4d0c8e85
 System:         x86_64-unknown-winnt_i16v15
 --------------------------------

LICENSE
-------
 sys_1DCFD_solver 2019.0@ License will expire in 279 days

PROJECT
-------
 Preprocessor Version :  2019.2
 Calculation date     : 27.03.2020
 File     : ravna_primerjava.bst
 Case Set : "dolzina"
 Case     : "Case 28"
 
 Project ID: ""
 Run ID:     ""
 Model date: "5. Mar 2020 08:55:39"

ELEMENTS
--------
 Element Name        Number

 PIPE                   6
 SYSTEMBOUNDARY         2
 VARIABLE_PLENUM        1
 CYLINDER               1
 RESTRICTION            1
 ROTARYVALVE            1
 FUELINJECTOR           1
 MEASURINGPOINT         4
 ENGINE                 1
 PIPE_END              12
 ALL_PIPES              6
 ALL_PLENUMS            1
 ALL_BOUNDARIES         2
 RESTRICTIONS           3
 ALL_PIDS               1
 PIPE_VAR_WALL_TEMP     6

GLOBAL DATA
-----------
  Engine Speed :         3000.0  rpm
  Calculationmode:        BOOST  Single
  Cycle Duration:        360.00  degrees
  Max. calc. period:   36000.00  degrees
  Cycles calculated:        100  cycles
  Calc. time steps:     0.73888  degrees (max)
                        0.70930  degrees
                        0.03941  ms
                        0.65376  degrees (short pipe)
                        0.03632  ms (short pipe)
  Traces results step:  3.00000  degrees
  User concentrations:        0
  Ref. pressure:      100000.00  Pa
  Ref. temperature:     298.000  K
  Gas properties:      Variable
  Gasproperties File:     GASOLINE.BGP
     bgp_build_version:   v2013.0.0.0.0
     bgp_build_host:      boosthost
     bgp_build_user:      boost
     bgp_build_date:      2012.03.23
     bgp_build_time:      08:00:00
  Lower calorific:  0.43500E+08  J/kg
  Stoic. A/F-ratio:      14.500

  Warnings:                  70
  Convergence errors:         0

PIPES
-----

 Total number of pipe cells:     31

 Pipe   Cells   Cell size       W.Heat     Wall T    Fric. coeff.   Lam. Fric. Coeff.  Heat Factor       Volume
  nr.                [mm]         [kJ]        [K]             [-]                 [-]          [-]        [dm3]
    1       4        26.5        0.000     300.00        0.019000           64.000000     1.000000     0.033301
    2       1        30.0       -0.000     300.00        0.019000           64.000000     1.000000     0.005301
    3       1        30.0       -0.001     300.00        0.019000           64.000000     1.000000     0.005301
    4       4        25.0        0.000     300.00        0.019000           64.000000     1.000000     0.031416
    5       1        30.0        0.000     300.00        0.019000           64.000000     1.000000     0.009425
    6      20        25.8       -0.010     300.00        0.019000           64.000000     1.000000     1.011200


MEASURINGPOINTS: Average Values
-------------------------------
 Mp. Pipe Location   Diameter  Pressure  Temp. Ms.Temp.  Velo.   Massflow   Massflow To.Ent.f.  To.Ent.f.  Mach. Wtemp.  Converg.
 nr.  nr.     [mm]       [mm]     [bar]    [K]      [K]  [m/s]      [g/s]  [g/cycle]    [kJ/s]  [kJ/cyc.]    [-]    [K]       [-]
  1   2     0.0000    15.0000    0.9975  300.2    302.1   10.1     2.3227     0.0465     0.017     0.0003   0.03  300.0 0.143E-07
  2   6     0.0000    50.0000    1.0008  562.3    678.1    2.5     2.3153     0.0463     5.008     0.1002   0.00  300.0 0.128E-06
  3   6   100.0000    50.0000    1.0007  653.0    654.6    2.3     2.3158     0.0463     4.938     0.0988   0.00  300.0 0.602E-07
  4   6   500.0000    50.0000    1.0025  483.7    487.9    0.9     2.3134     0.0463     4.517     0.0903   0.00  300.0 0.895E-05

SYSTEMBOUNDARIES
Attachments
-----------
 Type                 Nr.   Pipe       Mass flow
                             Nr.       [g/cycle]
 SYSTEMBOUNDARY        1      1          0.0411
 SYSTEMBOUNDARY        2      6          0.0463

PLENUMS: Average Values
-----------------------
                   Pl. Pressure   Temp.      Mass Wallheat
                   nr.    [bar]     [K]       [g]     [kJ]
 VARIABLE_PLENUM    1    1.0022  299.77     0.638    0.000
                                          Attached pipe   2:      0.0463 g/cycle
                                          Attached pipe   5:      0.0463 g/cycle

PLENUMS
Attachments
-----------
 Type                 Nr.   Pipe       Mass flow
                             Nr.       [g/cycle]
 VARIABLE_PLENUM       1      2          0.0463
 VARIABLE_PLENUM       1      5          0.0463

VARIABLE PLENUMS: Average Values
--------------------------------
 Pl. Pressure   Temp.      Mass Wallheat  Vol.work  Volume
 nr.    [bar]     [K]       [g]     [kJ]      [kJ]     [l]
  1    1.0022  299.77     0.638    0.000    -0.001    0.51
                                                           Attached pipe   2:      0.0463 g/cycle
                                                           Attached pipe   5:      0.0463 g/cycle

CYLINDERS: Average Values
-------------------------
                               Total
                              Engine         Cyl.   1
Firing TDC [deg]                                  0.00
Bore [mm]                                        37.80
Stroke [mm]                                      43.00
Conrodl. [mm]                                    90.00
Piston pin offset [mm]                            0.00
Swept Vol. [l]                   0.0483         0.0483
Dyn. Comp. ratio [-]                              7.85

Combustion Data:
----------------
Combustion Char.                                  Vibe     
Comb.start [deg]                                 -9.00
Vibe Parameter a [-]                             6.900
Vibe Param. m 1 [-]                              1.860
Peak Fir.Pres. [bar]              37.69          37.69
at Crankangle [deg]               16.26          16.26
Peak Pres.Rise[bar/deg]            1.65           1.65
at Crankangle [deg]                6.65           6.65
Peak Fir. Temp. [K]             1966.63        1966.63
at Crankangle [deg]               19.95          19.95

Performance:
------------
Rel. to Ave. [-]                                1.0000
BMEP [bar]                       4.5740         4.5740
AMEP;SMEP [bar]                  0.1109         0.1109
ISFC [g/kWh]                   655.5124       655.5124
Rel. to Ave. [-]                                1.0000
ISFC (tr.f.) [g/kWh]           487.1077       487.1077
BSFC [g/kWh]                   836.2130       836.2130
Indicated Eff. [-]               0.1699         0.1699
Iso vol. comb. Eff [-]           0.9664         0.9664
Polytropic Coeff. [-]                           1.2931

Fuel Mass Balance:
------------------
Inj. Fuelmass [g]              0.000000       0.000000
Asp.Trap. Fuelmass [g]         0.003810       0.003810
Fuelmassfl.(A+I) [g/s]         0.256341       0.256341
Fuelmass tot.trap. [g]         0.003810       0.003810
Trapped Fuelm.fl.[g/s]         0.190486       0.190486
Trapp. Eff. Fuel [-]             0.7431         0.7431

Energy Balance Cylinder:
------------------------
Fuel Energy [kJ]                0.15438        0.15438
Released Energy [kJ]            0.15416        0.15416
-> Brake Power     [%]           14.317         14.317
-> Loss: Friction  [%]            3.600          3.600
-> Loss: Piston    [%]            6.069          6.069
-> Loss: Head      [%]            8.055          8.055
-> Loss: Liner     [%]            2.254          2.254
-> Loss: Int. Port [%]            0.000          0.000
-> Loss: Exh. Port [%]            0.000          0.000
-> Loss: Exh. Gas  [%]           65.196         65.196
Eff. Rel. Energy [kJ]           0.07540        0.07540
Gross Rel. Energy [kJ]          0.15416        0.15416
Eff.Gross Rel.Ener.[kJ]         0.07540        0.07540
Energy Balance [-]               0.9986         0.9986
Eff. Energy Balance [-]          0.4884         0.4884

Blowby:
-------
Blowbymass [g]                 0.000000       0.000000
Blowbymassfl. [g/s]            0.000000       0.000000
Blowby Heat Flow [kJ]          0.000000       0.000000

Reference Values at Start of High Pressure:
-------------------------------------------
Pressure at SHP[bar]             1.0623         1.0623
Temperature [K]                  397.28         397.28
Air Massfl.  [g/s]             2.059023       2.059023
Fuel Massfl. [g/s]             0.256341       0.256341
Trapp. Eff. Air [-]              0.7431         0.7431
Trapp. Eff.Fuel [-]              0.7431         0.7431
A/F-Ratio (Cmb.) [-]               8.70           8.70
Excess Air Ratio [-]             0.6000         0.6000

Reference Values at Start Of Combustion:
----------------------------------------
Pressure [bar]                  13.8993        13.8993
Temperature [K]                  708.32         708.32

Residual Gas:
-------------
Res.gas content [-]              0.1673         0.1673
External EGR [-]                 0.0000         0.0000
Internal EGR [-]                 0.1673         0.1673
Com.Prod.Mass. at EO [g]       0.041288       0.041288
Res.gas mass at SHP [g]        0.006913       0.006913
Res.gas aspirated IN [g]       0.000000       0.000000
Res.gas from intake [g]        0.000001       0.000001
Rel. to Total [-]                0.0001         0.0001
Res.gas flow EX [g]            0.034376       0.034376
Res.gas from exhaust [g]       0.000000       0.000000
Rel. to Total [-]                0.0000         0.0000

Gas Exchange:
-------------
Volumetric Eff. [-]              0.5426         0.5426
Rel. to Ave. [-]                                1.0000
Total Mass at SHP[g]             0.0413         0.0413
Mass Delivered [g]              0.04631        0.04631
Mass Delivered [g/s]            2.31536        2.31536
Delivery Ratio [-]               0.8210         0.8210
Rel. to Ave. [-]                                1.0000
Av.Airmass at SHP[g]             0.0306         0.0306
Air Delivered [g]               0.04118        0.04118
Air Delivered [g/s]             2.05902        2.05902
Airdeliveryratio [-]             0.7301         0.7301
Rel. to Ave. [-]                                1.0000
Airmass Trapped [g]             0.03060        0.03060
Airmass Trapped [g/s]           1.53008        1.53008
Trapp. Eff. Air [-]              0.7431         0.7431
Rel. to Ave. [-]                                1.0000
Airpurity [-]                    0.7405         0.7405
Dyn. Swirl [-]                   0.0000         0.0000
Dyn. Tumble [-]                  0.0000         0.0000

Wall Heatlosses:
----------------
Piston [kJ]                     -0.0094        -0.0094
Piston Temperature [K]                          570.00
Cylinderhead [kJ]              -0.01242       -0.01242
Head Temperature [K]                            500.00
Cylinderliner [kJ]             -0.00347       -0.00347
LinerTDC Temperature [K]                        470.00
LinerBDC Temperature [K]                        390.00
Sum of Wallheat [kJ]           -0.02525       -0.02525
Wall Heatlosses in High Pressure Phase:
Piston HP [kJ]                 -0.00935       -0.00935
Cylinderhead HP [kJ]           -0.01222       -0.01222
Cylinderliner HP [kJ]          -0.00284       -0.00284
Sum of Wallheat HP [kJ]        -0.02441       -0.02441
Wall Heatlosses Related to Heatinput:
Piston [-]                      -0.0565        -0.0565
Cylinderhead [-]                -0.0749        -0.0749
Cylinderliner [-]               -0.0210        -0.0210
Sum of Wallheat [-]             -0.1524        -0.1524
M. Eff. HTC [W/m2/K]             307.29         307.29
M. Eff. Temp. [K]               1231.67        1231.67

Reference Values at EO:
-----------------------
Pressure [bar]                     3.17           3.17
Temperature [K]                 1012.40        1012.40
A/F-Ratio [-]                      8.70           8.70
Com.Prod.Conc. [-]              0.99917        0.99917
Fuel Concentr. [-]             0.000085       0.000085

Average Values of Pipeattachements:
-----------------------------------
 Attached Pipe                                       2
Vlv/Prt.Op.Eff.0mm[deg]                         138.84
Vlv/Prt.Cl.Eff.0mm[deg]                         221.38
Massflow [g/cycle]                            0.046307
Wallheat [kJ/cycle]                           0.000000
 Attached Pipe                                       3
Vlv/Prt.Op.Eff.0mm[deg]                         114.53
Vlv/Prt.Cl.Eff.0mm[deg]                         245.02
Massflow [g/cycle]                            0.046307
Wallheat [kJ/cycle]                           0.000000

FLOWRESTRICTIONS: Average Values
--------------------------------
 Flr. Att.Pi.  Massflow  Att.Pi.  Massflow
  nr.  number [g/cycle]   number [g/cycle]
    1       3    0.0463        6    0.0463

ROTARYVALVES: Average Values
----------------------------
 RVl. Att.Pi.  Massflow  Att.Pi.  Massflow
  nr.  number [g/cycle]   number [g/cycle]
    1       4    0.0463        5    0.0463

FUELINJECTORS: Average Values
-----------------------------
 Inj. Att.Pi.  Massflow  Att.Pi.  Massflow Added Fuel
  nr.  number [g/cycle]   number [g/cycle]  [g/cycle]
    1       1    0.0411        4    0.0463     0.0053

OVERALL ENGINE PERFORMANCE:
===========================

Indicated Torque          :      4.48 Nm                    Indicated Specific Torque :     92.86 Nm/l
Indicated Power           :      1.41 kW,         1.91 PS   Indicated Specific Power  :     29.17 kW/l,      39.67 PS/l
Auxiliary Drives Torque   :      0.09 Nm                    Auxiliary Drives Power    :      0.03 kW
Friction Torque           :      0.88 Nm                    Friction Power            :      0.28 kW
Effective Torque          :      3.51 Nm                    Effective Specific Torque :     72.80 Nm/l
Effective Power           :      1.10 kW,         1.50 PS   Effective Specific Power  :     22.87 kW/l,      31.09 PS/l

Required time for reading the inputfile and initialisation:       0.05 min
Required time for the calculation: .........................      0.16 min
Required time for writing the outputfile: ..................      0.00 min
Required total time: .......................................      0.21 min
Required total CPU-time: ...................................      9.61 sec
