MESSAGE
RUNINFO      1 CONTROL      1 BOOST       0.00 DEGCRA
 System date and time : 27.03.2020 21:46:39
ENDOFMESSAGE
MESSAGE
RUNINFO      2 CONTROL      2 BOOST       0.00 DEGCRA
 Executable information:
  Version  : v2019.2.0.0.0
  Build    : Sep 30 2019 22:44:23
  Platform : x86_64-unknown-winnt_i16v15
ENDOFMESSAGE
MESSAGE
RUNINFO      3 CONTROL      3 BOOST       0.00 DEGCRA
 Opened file :  ravna_primerjava.bst
ENDOFMESSAGE
MESSAGE
RUNINFO 70011 INPUT     0 BST_READ_GLOBAL 0.00DEGCRA
  The following User Defined Parameters were identified:
ENDOFMESSAGE
ENDOFMESSAGE
MESSAGE
RUNINFO 571129 INPUT      0 BST_READ_GLOBAL       0.00 DEGCRA
 Using C gas property library
ENDOFMESSAGE
MESSAGE
RUNINFO  12377 INPUT      0 BST_READ_GLOBAL       0.00 DEGCRA
 No reference element set for volumetric efficiency.
 No gas exchange data related to intake manifold conditions will be calculated.
ENDOFMESSAGE
MESSAGE
RUNINFO 270000 REACTION_LIBRARY      1 CL_BOOST_MessageSystem       0.00 DEGCRA
>>> Catalyst Library <<<
  Version: 2.600
  Platform: x86_64-unknown-winnt_i16v15
  Build date: Sep 28 2019 21:19:44
ENDOFMESSAGE
MESSAGE
RUNINFO 270000 REACTION_LIBRARY      1 CL_BOOST_MessageSystem       0.00 DEGCRA
>>> Transfer Model Library Version 1.400 <<<
ENDOFMESSAGE
MESSAGE
RUNINFO 100001 BOOST      1 BOOST_GPR_printf       0.00 DEGCRA
    Classic gas property data are read from:
      C:/Program Files (x86)/AVL/R2019.2/BOOST/files/GASOLINE.BGP

ENDOFMESSAGE
MESSAGE
RUNINFO 121776 RESTRICTION      1 INPUT       0.00 DEGCRA
 Restriction end correction [mm]:       1.13
ENDOFMESSAGE
MESSAGE
RUNINFO 121773 RESTRICTION      1 INPUT       0.00 DEGCRA
 Flow coefficients from a restriction with extension not used.
ENDOFMESSAGE
MESSAGE
RUNINFO  10660 GLOBAL      1 LICENSING       0.00 DEGCRA
  >>>
  >>>   The Licence for application "sys_1DCFD_solver"
  >>>   has been checked out!
  >>>
ENDOFMESSAGE
MESSAGE
RUNINFO      0 POSTLINKS      0 BOOST       0.00 DEGCRA
 Opened file : ravna_primerjava.glb
 Unit Number :    13
ENDOFMESSAGE
MESSAGE
RUNINFO 150002 RESTRICTION      1 BOOST       0.00 DEGCRA
 Extension length smaller than pipe cell size. Extension ignored.
 Try reducing model cell size.
ENDOFMESSAGE
MESSAGE
RUNINFO 150006 SYSTEMBOUNDARY      1 BOOST       0.00 DEGCRA
 Open end correction for PIPE :     1
 End correction   [mm] :      6.000
 Original Length  [mm] :    100.000
 Corrected Length [mm] :    106.000
ENDOFMESSAGE
MESSAGE
RUNINFO 150006 SYSTEMBOUNDARY      2 BOOST       0.00 DEGCRA
 Open end correction for PIPE :     6
 End correction   [mm] :      6.450
 Original Length  [mm] :   1000.000
 Corrected Length [mm] :   1006.450
ENDOFMESSAGE
MESSAGE
RUNINFO 63950 CYLINDER     1 CALC_SCAVENGE_QUALITY 0.00 DEGCRA
 The following scavenging quality was obtained by
 converting the specified scavenging curve:
    scavenging    scavenging      trapping    scavenging
         ratio    efficiency    efficiency       quality
           [-]           [-]           [-]           [-]
--------------------------------------------------------
        0.0000        0.0000        1.0000        0.0000
        0.2000        0.2000        1.0000        1.0000
        0.4000        0.3800        0.9499        0.1498
        0.9000        0.7000        0.7777        0.3123
        1.5000        0.9000        0.5999        0.2153
        2.5000        0.9900        0.3959        0.0889
ENDOFMESSAGE
MESSAGE
WARNING 201019 CYLINDER      1 CYLINDERMODULE    7191.68 DEGCRA
  At Start of Combustion the Target Excess-Air Ratio is below      0.60000
  The following value is modified:
  Massfraction of Fuel Vapour from   0.05926 [kg/kg] to    0.05802 [kg/kg]
ENDOFMESSAGE
MESSAGE
WARNING 201019 CYLINDER      1 CYLINDERMODULE    7551.10 DEGCRA
  At Start of Combustion the Target Excess-Air Ratio is below      0.60000
  The following value is modified:
  Massfraction of Fuel Vapour from   0.06118 [kg/kg] to    0.05803 [kg/kg]
ENDOFMESSAGE
MESSAGE
WARNING 201019 CYLINDER      1 CYLINDERMODULE    7911.02 DEGCRA
  At Start of Combustion the Target Excess-Air Ratio is below      0.60000
  The following value is modified:
  Massfraction of Fuel Vapour from   0.05903 [kg/kg] to    0.05441 [kg/kg]
ENDOFMESSAGE
MESSAGE
WARNING 201019 CYLINDER      1 CYLINDERMODULE    8271.40 DEGCRA
  At Start of Combustion the Target Excess-Air Ratio is below      0.60000
  The following value is modified:
  Massfraction of Fuel Vapour from   0.06462 [kg/kg] to    0.05786 [kg/kg]
ENDOFMESSAGE
MESSAGE
WARNING 201019 CYLINDER      1 CYLINDERMODULE    8631.48 DEGCRA
  At Start of Combustion the Target Excess-Air Ratio is below      0.60000
  The following value is modified:
  Massfraction of Fuel Vapour from   0.06931 [kg/kg] to    0.06036 [kg/kg]
ENDOFMESSAGE
MESSAGE
WARNING 201019 CYLINDER      1 CYLINDERMODULE    8991.70 DEGCRA
  At Start of Combustion the Target Excess-Air Ratio is below      0.60000
  The following value is modified:
  Massfraction of Fuel Vapour from   0.07685 [kg/kg] to    0.06516 [kg/kg]
ENDOFMESSAGE
MESSAGE
WARNING 201019 CYLINDER      1 CYLINDERMODULE    9351.51 DEGCRA
  At Start of Combustion the Target Excess-Air Ratio is below      0.60000
  The following value is modified:
  Massfraction of Fuel Vapour from   0.06461 [kg/kg] to    0.05362 [kg/kg]
ENDOFMESSAGE
MESSAGE
WARNING 201019 CYLINDER      1 CYLINDERMODULE    9711.15 DEGCRA
  At Start of Combustion the Target Excess-Air Ratio is below      0.60000
  The following value is modified:
  Massfraction of Fuel Vapour from   0.04654 [kg/kg] to    0.03794 [kg/kg]
ENDOFMESSAGE
MESSAGE
WARNING 201019 CYLINDER      1 CYLINDERMODULE   10071.40 DEGCRA
  At Start of Combustion the Target Excess-Air Ratio is below      0.60000
  The following value is modified:
  Massfraction of Fuel Vapour from   0.05093 [kg/kg] to    0.04058 [kg/kg]
ENDOFMESSAGE
MESSAGE
WARNING 201019 CYLINDER      1 CYLINDERMODULE   10431.41 DEGCRA
  At Start of Combustion the Target Excess-Air Ratio is below      0.60000
  The following value is modified:
  Massfraction of Fuel Vapour from   0.06574 [kg/kg] to    0.05120 [kg/kg]
ENDOFMESSAGE
MESSAGE
WARNING 201019 CYLINDER      1 CYLINDERMODULE   10791.27 DEGCRA
  At Start of Combustion the Target Excess-Air Ratio is below      0.60000
  The following value is modified:
  Massfraction of Fuel Vapour from   0.06550 [kg/kg] to    0.04990 [kg/kg]
ENDOFMESSAGE
MESSAGE
WARNING 201019 CYLINDER      1 CYLINDERMODULE   11151.34 DEGCRA
  At Start of Combustion the Target Excess-Air Ratio is below      0.60000
  The following value is modified:
  Massfraction of Fuel Vapour from   0.05591 [kg/kg] to    0.04178 [kg/kg]
ENDOFMESSAGE
MESSAGE
WARNING 201019 CYLINDER      1 CYLINDERMODULE   11511.42 DEGCRA
  At Start of Combustion the Target Excess-Air Ratio is below      0.60000
  The following value is modified:
  Massfraction of Fuel Vapour from   0.05965 [kg/kg] to    0.04371 [kg/kg]
ENDOFMESSAGE
MESSAGE
WARNING 201019 CYLINDER      1 CYLINDERMODULE   11871.42 DEGCRA
  At Start of Combustion the Target Excess-Air Ratio is below      0.60000
  The following value is modified:
  Massfraction of Fuel Vapour from   0.07295 [kg/kg] to    0.05243 [kg/kg]
ENDOFMESSAGE
MESSAGE
WARNING 201019 CYLINDER      1 CYLINDERMODULE   12231.31 DEGCRA
  At Start of Combustion the Target Excess-Air Ratio is below      0.60000
  The following value is modified:
  Massfraction of Fuel Vapour from   0.07308 [kg/kg] to    0.05160 [kg/kg]
ENDOFMESSAGE
MESSAGE
WARNING 201019 CYLINDER      1 CYLINDERMODULE   12591.30 DEGCRA
  At Start of Combustion the Target Excess-Air Ratio is below      0.60000
  The following value is modified:
  Massfraction of Fuel Vapour from   0.05976 [kg/kg] to    0.04155 [kg/kg]
ENDOFMESSAGE
MESSAGE
WARNING 201019 CYLINDER      1 CYLINDERMODULE   12951.42 DEGCRA
  At Start of Combustion the Target Excess-Air Ratio is below      0.60000
  The following value is modified:
  Massfraction of Fuel Vapour from   0.05776 [kg/kg] to    0.03952 [kg/kg]
ENDOFMESSAGE
MESSAGE
WARNING 201019 CYLINDER      1 CYLINDERMODULE   13311.42 DEGCRA
  At Start of Combustion the Target Excess-Air Ratio is below      0.60000
  The following value is modified:
  Massfraction of Fuel Vapour from   0.07229 [kg/kg] to    0.04860 [kg/kg]
ENDOFMESSAGE
MESSAGE
WARNING 201019 CYLINDER      1 CYLINDERMODULE   13671.39 DEGCRA
  At Start of Combustion the Target Excess-Air Ratio is below      0.60000
  The following value is modified:
  Massfraction of Fuel Vapour from   0.07821 [kg/kg] to    0.05174 [kg/kg]
ENDOFMESSAGE
MESSAGE
WARNING 201019 CYLINDER      1 CYLINDERMODULE   14031.32 DEGCRA
  At Start of Combustion the Target Excess-Air Ratio is below      0.60000
  The following value is modified:
  Massfraction of Fuel Vapour from   0.06625 [kg/kg] to    0.04322 [kg/kg]
ENDOFMESSAGE
MESSAGE
WARNING 201019 CYLINDER      1 CYLINDERMODULE   14391.42 DEGCRA
  At Start of Combustion the Target Excess-Air Ratio is below      0.60000
  The following value is modified:
  Massfraction of Fuel Vapour from   0.05872 [kg/kg] to    0.03779 [kg/kg]
ENDOFMESSAGE
MESSAGE
WARNING 201019 CYLINDER      1 CYLINDERMODULE   14751.42 DEGCRA
  At Start of Combustion the Target Excess-Air Ratio is below      0.60000
  The following value is modified:
  Massfraction of Fuel Vapour from   0.07158 [kg/kg] to    0.04537 [kg/kg]
ENDOFMESSAGE
MESSAGE
WARNING 201019 CYLINDER      1 CYLINDERMODULE   15111.42 DEGCRA
  At Start of Combustion the Target Excess-Air Ratio is below      0.60000
  The following value is modified:
  Massfraction of Fuel Vapour from   0.08349 [kg/kg] to    0.05217 [kg/kg]
ENDOFMESSAGE
MESSAGE
WARNING 201019 CYLINDER      1 CYLINDERMODULE   15471.33 DEGCRA
  At Start of Combustion the Target Excess-Air Ratio is below      0.60000
  The following value is modified:
  Massfraction of Fuel Vapour from   0.07537 [kg/kg] to    0.04651 [kg/kg]
ENDOFMESSAGE
MESSAGE
WARNING 201019 CYLINDER      1 CYLINDERMODULE   15831.39 DEGCRA
  At Start of Combustion the Target Excess-Air Ratio is below      0.60000
  The following value is modified:
  Massfraction of Fuel Vapour from   0.06119 [kg/kg] to    0.03734 [kg/kg]
ENDOFMESSAGE
MESSAGE
WARNING 201019 CYLINDER      1 CYLINDERMODULE   16191.42 DEGCRA
  At Start of Combustion the Target Excess-Air Ratio is below      0.60000
  The following value is modified:
  Massfraction of Fuel Vapour from   0.06932 [kg/kg] to    0.04175 [kg/kg]
ENDOFMESSAGE
MESSAGE
WARNING 201019 CYLINDER      1 CYLINDERMODULE   16551.42 DEGCRA
  At Start of Combustion the Target Excess-Air Ratio is below      0.60000
  The following value is modified:
  Massfraction of Fuel Vapour from   0.08682 [kg/kg] to    0.05161 [kg/kg]
ENDOFMESSAGE
MESSAGE
WARNING 201019 CYLINDER      1 CYLINDERMODULE   16911.35 DEGCRA
  At Start of Combustion the Target Excess-Air Ratio is below      0.60000
  The following value is modified:
  Massfraction of Fuel Vapour from   0.08440 [kg/kg] to    0.04959 [kg/kg]
ENDOFMESSAGE
MESSAGE
WARNING 201019 CYLINDER      1 CYLINDERMODULE   17271.36 DEGCRA
  At Start of Combustion the Target Excess-Air Ratio is below      0.60000
  The following value is modified:
  Massfraction of Fuel Vapour from   0.06505 [kg/kg] to    0.03786 [kg/kg]
ENDOFMESSAGE
MESSAGE
WARNING 201019 CYLINDER      1 CYLINDERMODULE   17631.42 DEGCRA
  At Start of Combustion the Target Excess-Air Ratio is below      0.60000
  The following value is modified:
  Massfraction of Fuel Vapour from   0.06566 [kg/kg] to    0.03780 [kg/kg]
ENDOFMESSAGE
MESSAGE
WARNING 201019 CYLINDER      1 CYLINDERMODULE   17991.42 DEGCRA
  At Start of Combustion the Target Excess-Air Ratio is below      0.60000
  The following value is modified:
  Massfraction of Fuel Vapour from   0.08812 [kg/kg] to    0.05012 [kg/kg]
ENDOFMESSAGE
MESSAGE
WARNING 201019 CYLINDER      1 CYLINDERMODULE   18351.41 DEGCRA
  At Start of Combustion the Target Excess-Air Ratio is below      0.60000
  The following value is modified:
  Massfraction of Fuel Vapour from   0.09465 [kg/kg] to    0.05326 [kg/kg]
ENDOFMESSAGE
MESSAGE
WARNING 201019 CYLINDER      1 CYLINDERMODULE   18711.32 DEGCRA
  At Start of Combustion the Target Excess-Air Ratio is below      0.60000
  The following value is modified:
  Massfraction of Fuel Vapour from   0.07270 [kg/kg] to    0.04057 [kg/kg]
ENDOFMESSAGE
MESSAGE
WARNING 201019 CYLINDER      1 CYLINDERMODULE   19071.42 DEGCRA
  At Start of Combustion the Target Excess-Air Ratio is below      0.60000
  The following value is modified:
  Massfraction of Fuel Vapour from   0.06126 [kg/kg] to    0.03389 [kg/kg]
ENDOFMESSAGE
MESSAGE
WARNING 201019 CYLINDER      1 CYLINDERMODULE   19431.42 DEGCRA
  At Start of Combustion the Target Excess-Air Ratio is below      0.60000
  The following value is modified:
  Massfraction of Fuel Vapour from   0.08552 [kg/kg] to    0.04679 [kg/kg]
ENDOFMESSAGE
MESSAGE
WARNING 201019 CYLINDER      1 CYLINDERMODULE   19791.42 DEGCRA
  At Start of Combustion the Target Excess-Air Ratio is below      0.60000
  The following value is modified:
  Massfraction of Fuel Vapour from   0.10355 [kg/kg] to    0.05609 [kg/kg]
ENDOFMESSAGE
MESSAGE
WARNING 201019 CYLINDER      1 CYLINDERMODULE   20151.28 DEGCRA
  At Start of Combustion the Target Excess-Air Ratio is below      0.60000
  The following value is modified:
  Massfraction of Fuel Vapour from   0.08315 [kg/kg] to    0.04470 [kg/kg]
ENDOFMESSAGE
MESSAGE
WARNING 201019 CYLINDER      1 CYLINDERMODULE   20511.41 DEGCRA
  At Start of Combustion the Target Excess-Air Ratio is below      0.60000
  The following value is modified:
  Massfraction of Fuel Vapour from   0.05675 [kg/kg] to    0.03031 [kg/kg]
ENDOFMESSAGE
MESSAGE
WARNING 201019 CYLINDER      1 CYLINDERMODULE   20871.42 DEGCRA
  At Start of Combustion the Target Excess-Air Ratio is below      0.60000
  The following value is modified:
  Massfraction of Fuel Vapour from   0.07864 [kg/kg] to    0.04159 [kg/kg]
ENDOFMESSAGE
MESSAGE
WARNING 201019 CYLINDER      1 CYLINDERMODULE   21231.42 DEGCRA
  At Start of Combustion the Target Excess-Air Ratio is below      0.60000
  The following value is modified:
  Massfraction of Fuel Vapour from   0.10928 [kg/kg] to    0.05724 [kg/kg]
ENDOFMESSAGE
MESSAGE
WARNING 201019 CYLINDER      1 CYLINDERMODULE   21591.27 DEGCRA
  At Start of Combustion the Target Excess-Air Ratio is below      0.60000
  The following value is modified:
  Massfraction of Fuel Vapour from   0.09799 [kg/kg] to    0.05096 [kg/kg]
ENDOFMESSAGE
MESSAGE
WARNING 201019 CYLINDER      1 CYLINDERMODULE   21951.35 DEGCRA
  At Start of Combustion the Target Excess-Air Ratio is below      0.60000
  The following value is modified:
  Massfraction of Fuel Vapour from   0.05798 [kg/kg] to    0.03001 [kg/kg]
ENDOFMESSAGE
MESSAGE
WARNING 201019 CYLINDER      1 CYLINDERMODULE   22311.42 DEGCRA
  At Start of Combustion the Target Excess-Air Ratio is below      0.60000
  The following value is modified:
  Massfraction of Fuel Vapour from   0.06758 [kg/kg] to    0.03470 [kg/kg]
ENDOFMESSAGE
MESSAGE
WARNING 201019 CYLINDER      1 CYLINDERMODULE   22671.42 DEGCRA
  At Start of Combustion the Target Excess-Air Ratio is below      0.60000
  The following value is modified:
  Massfraction of Fuel Vapour from   0.10960 [kg/kg] to    0.05576 [kg/kg]
ENDOFMESSAGE
MESSAGE
WARNING 201019 CYLINDER      1 CYLINDERMODULE   23031.33 DEGCRA
  At Start of Combustion the Target Excess-Air Ratio is below      0.60000
  The following value is modified:
  Massfraction of Fuel Vapour from   0.11273 [kg/kg] to    0.05694 [kg/kg]
ENDOFMESSAGE
MESSAGE
WARNING 201019 CYLINDER      1 CYLINDERMODULE   23391.25 DEGCRA
  At Start of Combustion the Target Excess-Air Ratio is below      0.60000
  The following value is modified:
  Massfraction of Fuel Vapour from   0.06609 [kg/kg] to    0.03326 [kg/kg]
ENDOFMESSAGE
MESSAGE
WARNING 201019 CYLINDER      1 CYLINDERMODULE   23751.42 DEGCRA
  At Start of Combustion the Target Excess-Air Ratio is below      0.60000
  The following value is modified:
  Massfraction of Fuel Vapour from   0.05500 [kg/kg] to    0.02752 [kg/kg]
ENDOFMESSAGE
MESSAGE
WARNING 201019 CYLINDER      1 CYLINDERMODULE   24111.42 DEGCRA
  At Start of Combustion the Target Excess-Air Ratio is below      0.60000
  The following value is modified:
  Massfraction of Fuel Vapour from   0.10420 [kg/kg] to    0.05167 [kg/kg]
ENDOFMESSAGE
MESSAGE
WARNING 201019 CYLINDER      1 CYLINDERMODULE   24471.41 DEGCRA
  At Start of Combustion the Target Excess-Air Ratio is below      0.60000
  The following value is modified:
  Massfraction of Fuel Vapour from   0.12503 [kg/kg] to    0.06156 [kg/kg]
ENDOFMESSAGE
MESSAGE
WARNING 201019 CYLINDER      1 CYLINDERMODULE   24831.16 DEGCRA
  At Start of Combustion the Target Excess-Air Ratio is below      0.60000
  The following value is modified:
  Massfraction of Fuel Vapour from   0.08195 [kg/kg] to    0.04022 [kg/kg]
ENDOFMESSAGE
MESSAGE
WARNING 201019 CYLINDER      1 CYLINDERMODULE   25191.42 DEGCRA
  At Start of Combustion the Target Excess-Air Ratio is below      0.60000
  The following value is modified:
  Massfraction of Fuel Vapour from   0.04362 [kg/kg] to    0.02134 [kg/kg]
ENDOFMESSAGE
MESSAGE
WARNING 201019 CYLINDER      1 CYLINDERMODULE   25551.42 DEGCRA
  At Start of Combustion the Target Excess-Air Ratio is below      0.60000
  The following value is modified:
  Massfraction of Fuel Vapour from   0.09260 [kg/kg] to    0.04491 [kg/kg]
ENDOFMESSAGE
MESSAGE
WARNING 201019 CYLINDER      1 CYLINDERMODULE   25911.42 DEGCRA
  At Start of Combustion the Target Excess-Air Ratio is below      0.60000
  The following value is modified:
  Massfraction of Fuel Vapour from   0.13215 [kg/kg] to    0.06364 [kg/kg]
ENDOFMESSAGE
MESSAGE
WARNING 201019 CYLINDER      1 CYLINDERMODULE   26271.11 DEGCRA
  At Start of Combustion the Target Excess-Air Ratio is below      0.60000
  The following value is modified:
  Massfraction of Fuel Vapour from   0.10033 [kg/kg] to    0.04817 [kg/kg]
ENDOFMESSAGE
MESSAGE
WARNING 201019 CYLINDER      1 CYLINDERMODULE   26631.42 DEGCRA
  At Start of Combustion the Target Excess-Air Ratio is below      0.60000
  The following value is modified:
  Massfraction of Fuel Vapour from   0.03897 [kg/kg] to    0.01868 [kg/kg]
ENDOFMESSAGE
MESSAGE
WARNING 201019 CYLINDER      1 CYLINDERMODULE   26991.42 DEGCRA
  At Start of Combustion the Target Excess-Air Ratio is below      0.60000
  The following value is modified:
  Massfraction of Fuel Vapour from   0.07616 [kg/kg] to    0.03624 [kg/kg]
ENDOFMESSAGE
MESSAGE
WARNING 201019 CYLINDER      1 CYLINDERMODULE   27351.42 DEGCRA
  At Start of Combustion the Target Excess-Air Ratio is below      0.60000
  The following value is modified:
  Massfraction of Fuel Vapour from   0.13315 [kg/kg] to    0.06292 [kg/kg]
ENDOFMESSAGE
MESSAGE
WARNING 201019 CYLINDER      1 CYLINDERMODULE   27711.14 DEGCRA
  At Start of Combustion the Target Excess-Air Ratio is below      0.60000
  The following value is modified:
  Massfraction of Fuel Vapour from   0.11975 [kg/kg] to    0.05640 [kg/kg]
ENDOFMESSAGE
MESSAGE
WARNING 201019 CYLINDER      1 CYLINDERMODULE   28071.33 DEGCRA
  At Start of Combustion the Target Excess-Air Ratio is below      0.60000
  The following value is modified:
  Massfraction of Fuel Vapour from   0.04702 [kg/kg] to    0.02213 [kg/kg]
ENDOFMESSAGE
MESSAGE
WARNING 201019 CYLINDER      1 CYLINDERMODULE   28431.42 DEGCRA
  At Start of Combustion the Target Excess-Air Ratio is below      0.60000
  The following value is modified:
  Massfraction of Fuel Vapour from   0.05895 [kg/kg] to    0.02761 [kg/kg]
ENDOFMESSAGE
MESSAGE
WARNING 201019 CYLINDER      1 CYLINDERMODULE   28791.42 DEGCRA
  At Start of Combustion the Target Excess-Air Ratio is below      0.60000
  The following value is modified:
  Massfraction of Fuel Vapour from   0.12737 [kg/kg] to    0.05923 [kg/kg]
ENDOFMESSAGE
MESSAGE
WARNING 201019 CYLINDER      1 CYLINDERMODULE   29151.27 DEGCRA
  At Start of Combustion the Target Excess-Air Ratio is below      0.60000
  The following value is modified:
  Massfraction of Fuel Vapour from   0.13612 [kg/kg] to    0.06305 [kg/kg]
ENDOFMESSAGE
MESSAGE
WARNING 201019 CYLINDER      1 CYLINDERMODULE   29511.18 DEGCRA
  At Start of Combustion the Target Excess-Air Ratio is below      0.60000
  The following value is modified:
  Massfraction of Fuel Vapour from   0.06358 [kg/kg] to    0.02945 [kg/kg]
ENDOFMESSAGE
MESSAGE
WARNING 201019 CYLINDER      1 CYLINDERMODULE   29871.42 DEGCRA
  At Start of Combustion the Target Excess-Air Ratio is below      0.60000
  The following value is modified:
  Massfraction of Fuel Vapour from   0.04069 [kg/kg] to    0.01881 [kg/kg]
ENDOFMESSAGE
MESSAGE
WARNING 201019 CYLINDER      1 CYLINDERMODULE   30231.42 DEGCRA
  At Start of Combustion the Target Excess-Air Ratio is below      0.60000
  The following value is modified:
  Massfraction of Fuel Vapour from   0.11528 [kg/kg] to    0.05289 [kg/kg]
ENDOFMESSAGE
MESSAGE
WARNING 201019 CYLINDER      1 CYLINDERMODULE   30591.42 DEGCRA
  At Start of Combustion the Target Excess-Air Ratio is below      0.60000
  The following value is modified:
  Massfraction of Fuel Vapour from   0.14728 [kg/kg] to    0.06725 [kg/kg]
ENDOFMESSAGE
MESSAGE
WARNING 201019 CYLINDER      1 CYLINDERMODULE   30951.02 DEGCRA
  At Start of Combustion the Target Excess-Air Ratio is below      0.60000
  The following value is modified:
  Massfraction of Fuel Vapour from   0.08554 [kg/kg] to    0.03907 [kg/kg]
ENDOFMESSAGE
MESSAGE
WARNING 201019 CYLINDER      1 CYLINDERMODULE   31311.42 DEGCRA
  At Start of Combustion the Target Excess-Air Ratio is below      0.60000
  The following value is modified:
  Massfraction of Fuel Vapour from   0.02547 [kg/kg] to    0.01164 [kg/kg]
ENDOFMESSAGE
MESSAGE
WARNING 201019 CYLINDER      1 CYLINDERMODULE   31671.42 DEGCRA
  At Start of Combustion the Target Excess-Air Ratio is below      0.60000
  The following value is modified:
  Massfraction of Fuel Vapour from   0.09760 [kg/kg] to    0.04425 [kg/kg]
ENDOFMESSAGE
MESSAGE
WARNING 201019 CYLINDER      1 CYLINDERMODULE   32031.42 DEGCRA
  At Start of Combustion the Target Excess-Air Ratio is below      0.60000
  The following value is modified:
  Massfraction of Fuel Vapour from   0.15002 [kg/kg] to    0.06766 [kg/kg]
ENDOFMESSAGE
MESSAGE
WARNING 201019 CYLINDER      1 CYLINDERMODULE   32391.02 DEGCRA
  At Start of Combustion the Target Excess-Air Ratio is below      0.60000
  The following value is modified:
  Massfraction of Fuel Vapour from   0.10846 [kg/kg] to    0.04891 [kg/kg]
ENDOFMESSAGE
MESSAGE
WARNING 201019 CYLINDER      1 CYLINDERMODULE   32751.42 DEGCRA
  At Start of Combustion the Target Excess-Air Ratio is below      0.60000
  The following value is modified:
  Massfraction of Fuel Vapour from   0.02693 [kg/kg] to    0.01216 [kg/kg]
ENDOFMESSAGE
MESSAGE
WARNING 201019 CYLINDER      1 CYLINDERMODULE   33111.42 DEGCRA
  At Start of Combustion the Target Excess-Air Ratio is below      0.60000
  The following value is modified:
  Massfraction of Fuel Vapour from   0.08108 [kg/kg] to    0.03637 [kg/kg]
ENDOFMESSAGE
MESSAGE
WARNING 201019 CYLINDER      1 CYLINDERMODULE   33471.42 DEGCRA
  At Start of Combustion the Target Excess-Air Ratio is below      0.60000
  The following value is modified:
  Massfraction of Fuel Vapour from   0.14821 [kg/kg] to    0.06613 [kg/kg]
ENDOFMESSAGE
MESSAGE
WARNING 201019 CYLINDER      1 CYLINDERMODULE   33831.06 DEGCRA
  At Start of Combustion the Target Excess-Air Ratio is below      0.60000
  The following value is modified:
  Massfraction of Fuel Vapour from   0.12743 [kg/kg] to    0.05683 [kg/kg]
ENDOFMESSAGE
MESSAGE
WARNING 201019 CYLINDER      1 CYLINDERMODULE   34191.37 DEGCRA
  At Start of Combustion the Target Excess-Air Ratio is below      0.60000
  The following value is modified:
  Massfraction of Fuel Vapour from   0.03847 [kg/kg] to    0.01718 [kg/kg]
ENDOFMESSAGE
MESSAGE
WARNING 201019 CYLINDER      1 CYLINDERMODULE   34551.42 DEGCRA
  At Start of Combustion the Target Excess-Air Ratio is below      0.60000
  The following value is modified:
  Massfraction of Fuel Vapour from   0.06439 [kg/kg] to    0.02864 [kg/kg]
ENDOFMESSAGE
MESSAGE
WARNING 201019 CYLINDER      1 CYLINDERMODULE   34911.42 DEGCRA
  At Start of Combustion the Target Excess-Air Ratio is below      0.60000
  The following value is modified:
  Massfraction of Fuel Vapour from   0.14228 [kg/kg] to    0.06293 [kg/kg]
ENDOFMESSAGE
MESSAGE
WARNING 201019 CYLINDER      1 CYLINDERMODULE   35271.16 DEGCRA
  At Start of Combustion the Target Excess-Air Ratio is below      0.60000
  The following value is modified:
  Massfraction of Fuel Vapour from   0.14312 [kg/kg] to    0.06321 [kg/kg]
ENDOFMESSAGE
MESSAGE
WARNING 201019 CYLINDER      1 CYLINDERMODULE   35631.20 DEGCRA
  At Start of Combustion the Target Excess-Air Ratio is below      0.60000
  The following value is modified:
  Massfraction of Fuel Vapour from   0.05388 [kg/kg] to    0.02385 [kg/kg]
ENDOFMESSAGE
MESSAGE
WARNING 201019 CYLINDER      1 CYLINDERMODULE   35991.42 DEGCRA
  At Start of Combustion the Target Excess-Air Ratio is below      0.60000
  The following value is modified:
  Massfraction of Fuel Vapour from   0.04402 [kg/kg] to    0.01945 [kg/kg]
ENDOFMESSAGE
