 --------------------------------
 AVL - B O O S T
 Version:        v2019.2.0.0.0
 Build:          Sep 30 2019 22:44:23
 Git Build Hash: be28b9261d560946c8b3a40b85f0245f4d0c8e85
 System:         x86_64-unknown-winnt_i16v15
 --------------------------------

LICENSE
-------
 sys_1DCFD_solver 2019.0@ License will expire in 279 days

PROJECT
-------
 Preprocessor Version :  2019.2
 Calculation date     : 27.03.2020
 File     : ravna_primerjava.bst
 Case Set : "dolzina"
 Case     : "Case 8"
 
 Project ID: ""
 Run ID:     ""
 Model date: "5. Mar 2020 08:55:39"

ELEMENTS
--------
 Element Name        Number

 PIPE                   6
 SYSTEMBOUNDARY         2
 VARIABLE_PLENUM        1
 CYLINDER               1
 RESTRICTION            1
 ROTARYVALVE            1
 FUELINJECTOR           1
 MEASURINGPOINT         4
 ENGINE                 1
 PIPE_END              12
 ALL_PIPES              6
 ALL_PLENUMS            1
 ALL_BOUNDARIES         2
 RESTRICTIONS           3
 ALL_PIDS               1
 PIPE_VAR_WALL_TEMP     6

GLOBAL DATA
-----------
  Engine Speed :         3000.0  rpm
  Calculationmode:        BOOST  Single
  Cycle Duration:        360.00  degrees
  Max. calc. period:   36000.00  degrees
  Cycles calculated:        100  cycles
  Calc. time steps:     0.73888  degrees (max)
                        0.71802  degrees
                        0.03989  ms
                        0.71261  degrees (short pipe)
                        0.03959  ms (short pipe)
  Traces results step:  3.00000  degrees
  User concentrations:        0
  Ref. pressure:      100000.00  Pa
  Ref. temperature:     298.000  K
  Gas properties:      Variable
  Gasproperties File:     GASOLINE.BGP
     bgp_build_version:   v2013.0.0.0.0
     bgp_build_host:      boosthost
     bgp_build_user:      boost
     bgp_build_date:      2012.03.23
     bgp_build_time:      08:00:00
  Lower calorific:  0.43500E+08  J/kg
  Stoic. A/F-ratio:      14.500

  Warnings:                  81
  Convergence errors:         0

PIPES
-----

 Total number of pipe cells:     51

 Pipe   Cells   Cell size       W.Heat     Wall T    Fric. coeff.   Lam. Fric. Coeff.  Heat Factor       Volume
  nr.                [mm]         [kJ]        [K]             [-]                 [-]          [-]        [dm3]
    1       4        26.5        0.000     300.00        0.019000           64.000000     1.000000     0.033301
    2       1        30.0       -0.000     300.00        0.019000           64.000000     1.000000     0.005301
    3       1        30.0       -0.000     300.00        0.019000           64.000000     1.000000     0.005301
    4       4        25.0        0.000     300.00        0.019000           64.000000     1.000000     0.031416
    5       1        30.0        0.000     300.00        0.019000           64.000000     1.000000     0.009425
    6      40        25.2       -0.006     300.00        0.019000           64.000000     1.000000     0.365392


MEASURINGPOINTS: Average Values
-------------------------------
 Mp. Pipe Location   Diameter  Pressure  Temp. Ms.Temp.  Velo.   Massflow   Massflow To.Ent.f.  To.Ent.f.  Mach. Wtemp.  Converg.
 nr.  nr.     [mm]       [mm]     [bar]    [K]      [K]  [m/s]      [g/s]  [g/cycle]    [kJ/s]  [kJ/cyc.]    [-]    [K]       [-]
  1   2     0.0000    15.0000    0.9993  300.2    298.9    1.0     0.2516     0.0050     0.000     0.0000   0.00  300.0 0.723E-04
  2   6     0.0000    21.5000    0.9968  633.1    568.0    0.5     0.0988     0.0020     0.259     0.0052   0.00  300.0 0.358E-03
  3   6   100.0000    21.5000    0.9968  533.8    542.9    0.1     0.0807     0.0016     0.181     0.0036   0.00  300.0 0.121E-01
  4   6  1000.0000    21.5000    0.9990  460.4    191.2   -0.2     0.0587     0.0012     0.371     0.0074  -0.00  300.0 0.647E+05

SYSTEMBOUNDARIES
Attachments
-----------
 Type                 Nr.   Pipe       Mass flow
                             Nr.       [g/cycle]
 SYSTEMBOUNDARY        1      1          0.0005
 SYSTEMBOUNDARY        2      6          0.0008

PLENUMS: Average Values
-----------------------
                   Pl. Pressure   Temp.      Mass Wallheat
                   nr.    [bar]     [K]       [g]     [kJ]
 VARIABLE_PLENUM    1    0.9999  299.24     0.706    0.000
                                          Attached pipe   2:      0.0050 g/cycle
                                          Attached pipe   5:      0.0070 g/cycle

PLENUMS
Attachments
-----------
 Type                 Nr.   Pipe       Mass flow
                             Nr.       [g/cycle]
 VARIABLE_PLENUM       1      2          0.0050
 VARIABLE_PLENUM       1      5          0.0070

VARIABLE PLENUMS: Average Values
--------------------------------
 Pl. Pressure   Temp.      Mass Wallheat  Vol.work  Volume
 nr.    [bar]     [K]       [g]     [kJ]      [kJ]     [l]
  1    0.9999  299.24     0.706    0.000    -0.000    0.51
                                                           Attached pipe   2:      0.0050 g/cycle
                                                           Attached pipe   5:      0.0070 g/cycle

CYLINDERS: Average Values
-------------------------
                               Total
                              Engine         Cyl.   1
Firing TDC [deg]                                  0.00
Bore [mm]                                        37.80
Stroke [mm]                                      43.00
Conrodl. [mm]                                    90.00
Piston pin offset [mm]                            0.00
Swept Vol. [l]                   0.0483         0.0483
Dyn. Comp. ratio [-]                              7.85

Combustion Data:
----------------
Combustion Char.                                  Vibe     
Comb.start [deg]                                 -9.00
Vibe Parameter a [-]                             6.900
Vibe Param. m 1 [-]                              1.860
Peak Fir.Pres. [bar]              15.61          15.61
at Crankangle [deg]                0.00           0.00
Peak Pres.Rise[bar/deg]            0.55           0.55
at Crankangle [deg]               -8.58          -8.58
Peak Fir. Temp. [K]             1267.30        1267.30
at Crankangle [deg]               17.73          17.73

Performance:
------------
Rel. to Ave. [-]                                1.0000
BMEP [bar]                      -0.7081        -0.7081
AMEP;SMEP [bar]                  0.0613         0.0613
ISFC [g/kWh]                  1747.4481      1747.4481
Rel. to Ave. [-]                                1.0000
ISFC (tr.f.) [g/kWh]          1747.4481      1747.4481
BSFC [g/kWh]                     0.0000         0.0000
Indicated Eff. [-]               0.0474         0.0474
Iso vol. comb. Eff [-]           0.9678         0.9678
Polytropic Coeff. [-]                           1.2573

Fuel Mass Balance:
------------------
Inj. Fuelmass [g]              0.000000       0.000000
Asp.Trap. Fuelmass [g]         0.001179       0.001179
Fuelmassfl.(A+I) [g/s]         0.058931       0.058931
Fuelmass tot.trap. [g]         0.001179       0.001179
Trapped Fuelm.fl.[g/s]         0.058931       0.058931
Trapp. Eff. Fuel [-]             1.0000         1.0000

Energy Balance Cylinder:
------------------------
Fuel Energy [kJ]                0.02473        0.02473
Released Energy [kJ]            0.02470        0.02470
-> Brake Power     [%]          -13.834        -13.834
-> Loss: Friction  [%]           22.469         22.469
-> Loss: Piston    [%]            8.539          8.539
-> Loss: Head      [%]           12.800         12.800
-> Loss: Liner     [%]            5.191          5.191
-> Loss: Int. Port [%]            0.000          0.000
-> Loss: Exh. Port [%]            0.000          0.000
-> Loss: Exh. Gas  [%]           22.584         22.584
Eff. Rel. Energy [kJ]           0.01207        0.01207
Gross Rel. Energy [kJ]          0.02470        0.02470
Eff.Gross Rel.Ener.[kJ]         0.01207        0.01207
Energy Balance [-]               0.9986         0.9986
Eff. Energy Balance [-]          0.4881         0.4881

Blowby:
-------
Blowbymass [g]                 0.000000       0.000000
Blowbymassfl. [g/s]            0.000000       0.000000
Blowby Heat Flow [kJ]          0.000000       0.000000

Reference Values at Start of High Pressure:
-------------------------------------------
Pressure at SHP[bar]             1.1201         1.1201
Temperature [K]                  560.61         560.61
Air Massfl.  [g/s]             0.193626       0.193626
Fuel Massfl. [g/s]             0.058931       0.058931
Trapp. Eff. Air [-]              1.0000         1.0000
Trapp. Eff.Fuel [-]              1.0000         1.0000
A/F-Ratio (Cmb.) [-]               8.70           8.70
Excess Air Ratio [-]             0.6000         0.6000

Reference Values at Start Of Combustion:
----------------------------------------
Pressure [bar]                  13.6493        13.6493
Temperature [K]                  963.96         963.96

Residual Gas:
-------------
Res.gas content [-]              0.8113         0.8113
External EGR [-]                -0.0000        -0.0000
Internal EGR [-]                 0.8114         0.8114
Com.Prod.Mass. at EO [g]       0.023826       0.023826
Res.gas mass at SHP [g]        0.021722       0.021722
Res.gas aspirated IN [g]      -0.000001      -0.000001
Res.gas from intake [g]        0.000000       0.000000
Rel. to Total [-]                0.0000         0.0000
Res.gas flow EX [g]            0.002104       0.002104
Res.gas from exhaust [g]       0.000000       0.000000
Rel. to Total [-]                0.0000         0.0000

Gas Exchange:
-------------
Volumetric Eff. [-]              0.0687         0.0687
Rel. to Ave. [-]                                1.0000
Total Mass at SHP[g]             0.0268         0.0268
Mass Delivered [g]              0.00504        0.00504
Mass Delivered [g/s]            0.25191        0.25191
Delivery Ratio [-]               0.0893         0.0893
Rel. to Ave. [-]                                1.0000
Av.Airmass at SHP[g]             0.0039         0.0039
Air Delivered [g]               0.00387        0.00387
Air Delivered [g/s]             0.19363        0.19363
Airdeliveryratio [-]             0.0687         0.0687
Rel. to Ave. [-]                                1.0000
Airmass Trapped [g]             0.00387        0.00387
Airmass Trapped [g/s]           0.19363        0.19363
Trapp. Eff. Air [-]              1.0000         1.0000
Rel. to Ave. [-]                                1.0000
Airpurity [-]                    0.1446         0.1446
Dyn. Swirl [-]                   0.0000         0.0000
Dyn. Tumble [-]                  0.0000         0.0000

Wall Heatlosses:
----------------
Piston [kJ]                     -0.0021        -0.0021
Piston Temperature [K]                          570.00
Cylinderhead [kJ]              -0.00316       -0.00316
Head Temperature [K]                            500.00
Cylinderliner [kJ]             -0.00128       -0.00128
LinerTDC Temperature [K]                        470.00
LinerBDC Temperature [K]                        390.00
Sum of Wallheat [kJ]           -0.00655       -0.00655
Wall Heatlosses in High Pressure Phase:
Piston HP [kJ]                 -0.00213       -0.00213
Cylinderhead HP [kJ]           -0.00301       -0.00301
Cylinderliner HP [kJ]          -0.00073       -0.00073
Sum of Wallheat HP [kJ]        -0.00586       -0.00586
Wall Heatlosses Related to Heatinput:
Piston [-]                      -0.0411        -0.0411
Cylinderhead [-]                -0.0617        -0.0617
Cylinderliner [-]               -0.0250        -0.0250
Sum of Wallheat [-]             -0.1278        -0.1278
M. Eff. HTC [W/m2/K]             163.36         163.36
M. Eff. Temp. [K]                851.48         851.48

Reference Values at EO:
-----------------------
Pressure [bar]                     1.19           1.19
Temperature [K]                  659.97         659.97
A/F-Ratio [-]                      8.70           8.70
Com.Prod.Conc. [-]              0.99977        0.99977
Fuel Concentr. [-]             0.000024       0.000024

Average Values of Pipeattachements:
-----------------------------------
 Attached Pipe                                       2
Vlv/Prt.Op.Eff.0mm[deg]                         138.91
Vlv/Prt.Cl.Eff.0mm[deg]                         221.38
Massflow [g/cycle]                            0.005038
Wallheat [kJ/cycle]                           0.000000
 Attached Pipe                                       3
Vlv/Prt.Op.Eff.0mm[deg]                         114.53
Vlv/Prt.Cl.Eff.0mm[deg]                         245.02
Massflow [g/cycle]                            0.002097
Wallheat [kJ/cycle]                           0.000000

FLOWRESTRICTIONS: Average Values
--------------------------------
 Flr. Att.Pi.  Massflow  Att.Pi.  Massflow
  nr.  number [g/cycle]   number [g/cycle]
    1       3    0.0020        6    0.0020

ROTARYVALVES: Average Values
----------------------------
 RVl. Att.Pi.  Massflow  Att.Pi.  Massflow
  nr.  number [g/cycle]   number [g/cycle]
    1       4    0.0071        5    0.0071

FUELINJECTORS: Average Values
-----------------------------
 Inj. Att.Pi.  Massflow  Att.Pi.  Massflow Added Fuel
  nr.  number [g/cycle]   number [g/cycle]  [g/cycle]
    1       1   -0.0003        4    0.0073     0.0075

OVERALL ENGINE PERFORMANCE:
===========================

Indicated Torque          :      0.39 Nm                    Indicated Specific Torque :      8.01 Nm/l
Indicated Power           :      0.12 kW,         0.17 PS   Indicated Specific Power  :      2.52 kW/l,       3.42 PS/l
Auxiliary Drives Torque   :      0.05 Nm                    Auxiliary Drives Power    :      0.01 kW
Friction Torque           :      0.88 Nm                    Friction Power            :      0.28 kW
Effective Torque          :     -0.54 Nm                    Effective Specific Torque :    -11.27 Nm/l
Effective Power           :     -0.17 kW,        -0.23 PS   Effective Specific Power  :     -3.54 kW/l,      -4.81 PS/l

Required time for reading the inputfile and initialisation:       0.05 min
Required time for the calculation: .........................      0.19 min
Required time for writing the outputfile: ..................      0.00 min
Required total time: .......................................      0.25 min
Required total CPU-time: ...................................     11.61 sec
