 --------------------------------
 AVL - B O O S T
 Version:        v2019.2.0.0.0
 Build:          Sep 30 2019 22:44:23
 Git Build Hash: be28b9261d560946c8b3a40b85f0245f4d0c8e85
 System:         x86_64-unknown-winnt_i16v15
 --------------------------------

LICENSE
-------
 sys_1DCFD_solver 2019.0@ License will expire in 279 days

PROJECT
-------
 Preprocessor Version :  2019.2
 Calculation date     : 27.03.2020
 File     : ravna_primerjava.bst
 Case Set : "dolzina"
 Case     : "Case 11"
 
 Project ID: ""
 Run ID:     ""
 Model date: "5. Mar 2020 08:55:39"

ELEMENTS
--------
 Element Name        Number

 PIPE                   6
 SYSTEMBOUNDARY         2
 VARIABLE_PLENUM        1
 CYLINDER               1
 RESTRICTION            1
 ROTARYVALVE            1
 FUELINJECTOR           1
 MEASURINGPOINT         4
 ENGINE                 1
 PIPE_END              12
 ALL_PIPES              6
 ALL_PLENUMS            1
 ALL_BOUNDARIES         2
 RESTRICTIONS           3
 ALL_PIDS               1
 PIPE_VAR_WALL_TEMP     6

GLOBAL DATA
-----------
  Engine Speed :         3000.0  rpm
  Calculationmode:        BOOST  Single
  Cycle Duration:        360.00  degrees
  Max. calc. period:   36000.00  degrees
  Cycles calculated:        100  cycles
  Calc. time steps:     0.73888  degrees (max)
                        0.71247  degrees
                        0.03958  ms
                        0.67246  degrees (short pipe)
                        0.03736  ms (short pipe)
  Traces results step:  3.00000  degrees
  User concentrations:        0
  Ref. pressure:      100000.00  Pa
  Ref. temperature:     298.000  K
  Gas properties:      Variable
  Gasproperties File:     GASOLINE.BGP
     bgp_build_version:   v2013.0.0.0.0
     bgp_build_host:      boosthost
     bgp_build_user:      boost
     bgp_build_date:      2012.03.23
     bgp_build_time:      08:00:00
  Lower calorific:  0.43500E+08  J/kg
  Stoic. A/F-ratio:      14.500

  Warnings:                   0
  Convergence errors:         0

PIPES
-----

 Total number of pipe cells:     45

 Pipe   Cells   Cell size       W.Heat     Wall T    Fric. coeff.   Lam. Fric. Coeff.  Heat Factor       Volume
  nr.                [mm]         [kJ]        [K]             [-]                 [-]          [-]        [dm3]
    1       4        26.5        0.000     300.00        0.019000           64.000000     1.000000     0.033301
    2       1        30.0       -0.000     300.00        0.019000           64.000000     1.000000     0.005301
    3       1        30.0       -0.001     300.00        0.019000           64.000000     1.000000     0.005301
    4       4        25.0        0.000     300.00        0.019000           64.000000     1.000000     0.031416
    5       1        30.0        0.000     300.00        0.019000           64.000000     1.000000     0.009425
    6      34        24.9       -0.017     300.00        0.019000           64.000000     1.000000     0.501885


MEASURINGPOINTS: Average Values
-------------------------------
 Mp. Pipe Location   Diameter  Pressure  Temp. Ms.Temp.  Velo.   Massflow   Massflow To.Ent.f.  To.Ent.f.  Mach. Wtemp.  Converg.
 nr.  nr.     [mm]       [mm]     [bar]    [K]      [K]  [m/s]      [g/s]  [g/cycle]    [kJ/s]  [kJ/cyc.]    [-]    [K]       [-]
  1   2     0.0000    15.0000    0.9988  299.5    302.1   11.1     2.5174     0.0503     0.017     0.0003   0.03  300.0 0.787E-07
  2   6     0.0000    27.5000    1.0058  508.7    688.2    8.6     2.5157     0.0503     5.018     0.1004   0.02  300.0 0.278E-06
  3   6   100.0000    27.5000    1.0047  709.7    657.4    9.5     2.5176     0.0504     4.905     0.0981   0.02  300.0 0.241E-04
  4   6   836.7347    27.5000    0.9998  455.3    402.0    5.0     2.5132     0.0503     4.156     0.0831   0.01  300.0 0.383E-04

SYSTEMBOUNDARIES
Attachments
-----------
 Type                 Nr.   Pipe       Mass flow
                             Nr.       [g/cycle]
 SYSTEMBOUNDARY        1      1          0.0453
 SYSTEMBOUNDARY        2      6          0.0503

PLENUMS: Average Values
-----------------------
                   Pl. Pressure   Temp.      Mass Wallheat
                   nr.    [bar]     [K]       [g]     [kJ]
 VARIABLE_PLENUM    1    1.0035  299.76     0.634    0.000
                                          Attached pipe   2:      0.0503 g/cycle
                                          Attached pipe   5:      0.0503 g/cycle

PLENUMS
Attachments
-----------
 Type                 Nr.   Pipe       Mass flow
                             Nr.       [g/cycle]
 VARIABLE_PLENUM       1      2          0.0503
 VARIABLE_PLENUM       1      5          0.0503

VARIABLE PLENUMS: Average Values
--------------------------------
 Pl. Pressure   Temp.      Mass Wallheat  Vol.work  Volume
 nr.    [bar]     [K]       [g]     [kJ]      [kJ]     [l]
  1    1.0035  299.76     0.634    0.000    -0.001    0.51
                                                           Attached pipe   2:      0.0503 g/cycle
                                                           Attached pipe   5:      0.0503 g/cycle

CYLINDERS: Average Values
-------------------------
                               Total
                              Engine         Cyl.   1
Firing TDC [deg]                                  0.00
Bore [mm]                                        37.80
Stroke [mm]                                      43.00
Conrodl. [mm]                                    90.00
Piston pin offset [mm]                            0.00
Swept Vol. [l]                   0.0483         0.0483
Dyn. Comp. ratio [-]                              7.85

Combustion Data:
----------------
Combustion Char.                                  Vibe     
Comb.start [deg]                                 -9.00
Vibe Parameter a [-]                             6.900
Vibe Param. m 1 [-]                              1.860
Peak Fir.Pres. [bar]              39.90          39.90
at Crankangle [deg]               16.26          16.26
Peak Pres.Rise[bar/deg]            1.79           1.79
at Crankangle [deg]                5.91           5.91
Peak Fir. Temp. [K]             2046.30        2046.30
at Crankangle [deg]               20.69          20.69

Performance:
------------
Rel. to Ave. [-]                                1.0000
BMEP [bar]                       5.0572         5.0572
AMEP;SMEP [bar]                  0.1122         0.1122
ISFC [g/kWh]                   591.2533       591.2533
Rel. to Ave. [-]                                1.0000
ISFC (tr.f.) [g/kWh]           433.0109       433.0109
BSFC [g/kWh]                   738.8148       738.8148
Indicated Eff. [-]               0.1911         0.1911
Iso vol. comb. Eff [-]           0.9663         0.9663
Polytropic Coeff. [-]                           1.3007

Fuel Mass Balance:
------------------
Inj. Fuelmass [g]              0.000000       0.000000
Asp.Trap. Fuelmass [g]         0.003668       0.003668
Fuelmassfl.(A+I) [g/s]         0.250414       0.250414
Fuelmass tot.trap. [g]         0.003668       0.003668
Trapped Fuelm.fl.[g/s]         0.183393       0.183393
Trapp. Eff. Fuel [-]             0.7324         0.7324

Energy Balance Cylinder:
------------------------
Fuel Energy [kJ]                0.15962        0.15962
Released Energy [kJ]            0.15940        0.15940
-> Brake Power     [%]           15.310         15.310
-> Loss: Friction  [%]            3.481          3.481
-> Loss: Piston    [%]            6.554          6.554
-> Loss: Head      [%]            8.638          8.638
-> Loss: Liner     [%]            2.421          2.421
-> Loss: Int. Port [%]            0.000          0.000
-> Loss: Exh. Port [%]            0.000          0.000
-> Loss: Exh. Gas  [%]           63.219         63.219
Eff. Rel. Energy [kJ]           0.08278        0.08278
Gross Rel. Energy [kJ]          0.15940        0.15940
Eff.Gross Rel.Ener.[kJ]         0.08278        0.08278
Energy Balance [-]               0.9986         0.9986
Eff. Energy Balance [-]          0.5186         0.5186

Blowby:
-------
Blowbymass [g]                 0.000000       0.000000
Blowbymassfl. [g/s]            0.000000       0.000000
Blowby Heat Flow [kJ]          0.000000       0.000000

Reference Values at Start of High Pressure:
-------------------------------------------
Pressure at SHP[bar]             1.0650         1.0650
Temperature [K]                  388.30         388.30
Air Massfl.  [g/s]             2.266177       2.266177
Fuel Massfl. [g/s]             0.250414       0.250414
Trapp. Eff. Air [-]              0.7324         0.7324
Trapp. Eff.Fuel [-]              0.7324         0.7324
A/F-Ratio (Cmb.) [-]               9.05           9.05
Excess Air Ratio [-]             0.6241         0.6241

Reference Values at Start Of Combustion:
----------------------------------------
Pressure [bar]                  14.1254        14.1254
Temperature [K]                  701.84         701.84

Residual Gas:
-------------
Res.gas content [-]              0.1325         0.1325
External EGR [-]                 0.0000         0.0000
Internal EGR [-]                 0.1325         0.1325
Com.Prod.Mass. at EO [g]       0.042454       0.042454
Res.gas mass at SHP [g]        0.005631       0.005631
Res.gas aspirated IN [g]       0.000000       0.000000
Res.gas from intake [g]        0.000032       0.000032
Rel. to Total [-]                0.0056         0.0056
Res.gas flow EX [g]            0.036824       0.036824
Res.gas from exhaust [g]       0.000000       0.000000
Rel. to Total [-]                0.0000         0.0000

Gas Exchange:
-------------
Volumetric Eff. [-]              0.5885         0.5885
Rel. to Ave. [-]                                1.0000
Total Mass at SHP[g]             0.0425         0.0425
Mass Delivered [g]              0.05033        0.05033
Mass Delivered [g/s]            2.51659        2.51659
Delivery Ratio [-]               0.8924         0.8924
Rel. to Ave. [-]                                1.0000
Av.Airmass at SHP[g]             0.0332         0.0332
Air Delivered [g]               0.04532        0.04532
Air Delivered [g/s]             2.26618        2.26618
Airdeliveryratio [-]             0.8036         0.8036
Rel. to Ave. [-]                                1.0000
Airmass Trapped [g]             0.03319        0.03319
Airmass Trapped [g/s]           1.65967        1.65967
Trapp. Eff. Air [-]              0.7324         0.7324
Rel. to Ave. [-]                                1.0000
Airpurity [-]                    0.7812         0.7812
Dyn. Swirl [-]                   0.0000         0.0000
Dyn. Tumble [-]                  0.0000         0.0000

Wall Heatlosses:
----------------
Piston [kJ]                     -0.0104        -0.0104
Piston Temperature [K]                          570.00
Cylinderhead [kJ]              -0.01377       -0.01377
Head Temperature [K]                            500.00
Cylinderliner [kJ]             -0.00386       -0.00386
LinerTDC Temperature [K]                        470.00
LinerBDC Temperature [K]                        390.00
Sum of Wallheat [kJ]           -0.02808       -0.02808
Wall Heatlosses in High Pressure Phase:
Piston HP [kJ]                 -0.01039       -0.01039
Cylinderhead HP [kJ]           -0.01351       -0.01351
Cylinderliner HP [kJ]          -0.00314       -0.00314
Sum of Wallheat HP [kJ]        -0.02705       -0.02705
Wall Heatlosses Related to Heatinput:
Piston [-]                      -0.0655        -0.0655
Cylinderhead [-]                -0.0863        -0.0863
Cylinderliner [-]               -0.0242        -0.0242
Sum of Wallheat [-]             -0.1760        -0.1760
M. Eff. HTC [W/m2/K]             317.65         317.65
M. Eff. Temp. [K]               1284.69        1284.69

Reference Values at EO:
-----------------------
Pressure [bar]                     3.36           3.36
Temperature [K]                 1054.61        1054.61
A/F-Ratio [-]                      9.05           9.05
Com.Prod.Conc. [-]              0.99914        0.99914
Fuel Concentr. [-]             0.000086       0.000086

Average Values of Pipeattachements:
-----------------------------------
 Attached Pipe                                       2
Vlv/Prt.Op.Eff.0mm[deg]                         138.49
Vlv/Prt.Cl.Eff.0mm[deg]                         221.44
Massflow [g/cycle]                            0.050332
Wallheat [kJ/cycle]                           0.000000
 Attached Pipe                                       3
Vlv/Prt.Op.Eff.0mm[deg]                         114.53
Vlv/Prt.Cl.Eff.0mm[deg]                         245.00
Massflow [g/cycle]                            0.050332
Wallheat [kJ/cycle]                           0.000000

FLOWRESTRICTIONS: Average Values
--------------------------------
 Flr. Att.Pi.  Massflow  Att.Pi.  Massflow
  nr.  number [g/cycle]   number [g/cycle]
    1       3    0.0503        6    0.0503

ROTARYVALVES: Average Values
----------------------------
 RVl. Att.Pi.  Massflow  Att.Pi.  Massflow
  nr.  number [g/cycle]   number [g/cycle]
    1       4    0.0503        5    0.0503

FUELINJECTORS: Average Values
-----------------------------
 Inj. Att.Pi.  Massflow  Att.Pi.  Massflow Added Fuel
  nr.  number [g/cycle]   number [g/cycle]  [g/cycle]
    1       1    0.0453        4    0.0503     0.0051

OVERALL ENGINE PERFORMANCE:
===========================

Indicated Torque          :      4.85 Nm                    Indicated Specific Torque :    100.58 Nm/l
Indicated Power           :      1.52 kW,         2.07 PS   Indicated Specific Power  :     31.60 kW/l,      42.96 PS/l
Auxiliary Drives Torque   :      0.09 Nm                    Auxiliary Drives Power    :      0.03 kW
Friction Torque           :      0.88 Nm                    Friction Power            :      0.28 kW
Effective Torque          :      3.88 Nm                    Effective Specific Torque :     80.49 Nm/l
Effective Power           :      1.22 kW,         1.66 PS   Effective Specific Power  :     25.29 kW/l,      34.38 PS/l

Required time for reading the inputfile and initialisation:       0.05 min
Required time for the calculation: .........................      0.18 min
Required time for writing the outputfile: ..................      0.00 min
Required total time: .......................................      0.24 min
Required total CPU-time: ...................................     11.26 sec
