 --------------------------------
 AVL - B O O S T
 Version:        v2019.2.0.0.0
 Build:          Sep 30 2019 22:44:23
 Git Build Hash: be28b9261d560946c8b3a40b85f0245f4d0c8e85
 System:         x86_64-unknown-winnt_i16v15
 --------------------------------

LICENSE
-------
 sys_1DCFD_solver 2019.0@ License will expire in 279 days

PROJECT
-------
 Preprocessor Version :  2019.2
 Calculation date     : 27.03.2020
 File     : ravna_primerjava.bst
 Case Set : "dolzina"
 Case     : "Case 12"
 
 Project ID: ""
 Run ID:     ""
 Model date: "5. Mar 2020 08:55:39"

ELEMENTS
--------
 Element Name        Number

 PIPE                   6
 SYSTEMBOUNDARY         2
 VARIABLE_PLENUM        1
 CYLINDER               1
 RESTRICTION            1
 ROTARYVALVE            1
 FUELINJECTOR           1
 MEASURINGPOINT         4
 ENGINE                 1
 PIPE_END              12
 ALL_PIPES              6
 ALL_PLENUMS            1
 ALL_BOUNDARIES         2
 RESTRICTIONS           3
 ALL_PIDS               1
 PIPE_VAR_WALL_TEMP     6

GLOBAL DATA
-----------
  Engine Speed :         3000.0  rpm
  Calculationmode:        BOOST  Single
  Cycle Duration:        360.00  degrees
  Max. calc. period:   36000.00  degrees
  Cycles calculated:        100  cycles
  Calc. time steps:     0.73888  degrees (max)
                        0.69401  degrees
                        0.03856  ms
                        0.65255  degrees (short pipe)
                        0.03625  ms (short pipe)
  Traces results step:  3.00000  degrees
  User concentrations:        0
  Ref. pressure:      100000.00  Pa
  Ref. temperature:     298.000  K
  Gas properties:      Variable
  Gasproperties File:     GASOLINE.BGP
     bgp_build_version:   v2013.0.0.0.0
     bgp_build_host:      boosthost
     bgp_build_user:      boost
     bgp_build_date:      2012.03.23
     bgp_build_time:      08:00:00
  Lower calorific:  0.43500E+08  J/kg
  Stoic. A/F-ratio:      14.500

  Warnings:                   0
  Convergence errors:         0

PIPES
-----

 Total number of pipe cells:     45

 Pipe   Cells   Cell size       W.Heat     Wall T    Fric. coeff.   Lam. Fric. Coeff.  Heat Factor       Volume
  nr.                [mm]         [kJ]        [K]             [-]                 [-]          [-]        [dm3]
    1       4        26.5        0.000     300.00        0.019000           64.000000     1.000000     0.033301
    2       1        30.0       -0.000     300.00        0.019000           64.000000     1.000000     0.005301
    3       1        30.0       -0.001     300.00        0.019000           64.000000     1.000000     0.005301
    4       4        25.0        0.000     300.00        0.019000           64.000000     1.000000     0.031416
    5       1        30.0        0.000     300.00        0.019000           64.000000     1.000000     0.009425
    6      34        25.4       -0.018     300.00        0.019000           64.000000     1.000000     1.692413


MEASURINGPOINTS: Average Values
-------------------------------
 Mp. Pipe Location   Diameter  Pressure  Temp. Ms.Temp.  Velo.   Massflow   Massflow To.Ent.f.  To.Ent.f.  Mach. Wtemp.  Converg.
 nr.  nr.     [mm]       [mm]     [bar]    [K]      [K]  [m/s]      [g/s]  [g/cycle]    [kJ/s]  [kJ/cyc.]    [-]    [K]       [-]
  1   2     0.0000    15.0000    0.9989  299.4    302.5   10.8     2.4599     0.0492     0.017     0.0003   0.03  300.0 0.463E-07
  2   6     0.0000    50.0000    1.0015  570.7    685.6    2.6     2.4592     0.0492     5.329     0.1066   0.00  300.0 0.121E-04
  3   6   100.0000    50.0000    1.0012  653.9    656.5    2.5     2.4598     0.0492     5.235     0.1047   0.00  300.0 0.215E-04
  4   6   846.9388    50.0000    1.0014  446.5    411.9    0.9     2.4550     0.0491     4.439     0.0888   0.00  300.0 0.305E-04

SYSTEMBOUNDARIES
Attachments
-----------
 Type                 Nr.   Pipe       Mass flow
                             Nr.       [g/cycle]
 SYSTEMBOUNDARY        1      1          0.0441
 SYSTEMBOUNDARY        2      6          0.0492

PLENUMS: Average Values
-----------------------
                   Pl. Pressure   Temp.      Mass Wallheat
                   nr.    [bar]     [K]       [g]     [kJ]
 VARIABLE_PLENUM    1    1.0031  299.72     0.635    0.000
                                          Attached pipe   2:      0.0492 g/cycle
                                          Attached pipe   5:      0.0492 g/cycle

PLENUMS
Attachments
-----------
 Type                 Nr.   Pipe       Mass flow
                             Nr.       [g/cycle]
 VARIABLE_PLENUM       1      2          0.0492
 VARIABLE_PLENUM       1      5          0.0492

VARIABLE PLENUMS: Average Values
--------------------------------
 Pl. Pressure   Temp.      Mass Wallheat  Vol.work  Volume
 nr.    [bar]     [K]       [g]     [kJ]      [kJ]     [l]
  1    1.0031  299.72     0.635    0.000    -0.001    0.51
                                                           Attached pipe   2:      0.0492 g/cycle
                                                           Attached pipe   5:      0.0492 g/cycle

CYLINDERS: Average Values
-------------------------
                               Total
                              Engine         Cyl.   1
Firing TDC [deg]                                  0.00
Bore [mm]                                        37.80
Stroke [mm]                                      43.00
Conrodl. [mm]                                    90.00
Piston pin offset [mm]                            0.00
Swept Vol. [l]                   0.0483         0.0483
Dyn. Comp. ratio [-]                              7.85

Combustion Data:
----------------
Combustion Char.                                  Vibe     
Comb.start [deg]                                 -9.00
Vibe Parameter a [-]                             6.900
Vibe Param. m 1 [-]                              1.860
Peak Fir.Pres. [bar]              40.02          40.02
at Crankangle [deg]               16.26          16.26
Peak Pres.Rise[bar/deg]            1.76           1.76
at Crankangle [deg]                5.91           5.91
Peak Fir. Temp. [K]             1995.65        1995.65
at Crankangle [deg]               20.69          20.69

Performance:
------------
Rel. to Ave. [-]                                1.0000
BMEP [bar]                       4.9998         4.9998
AMEP;SMEP [bar]                  0.1118         0.1118
ISFC [g/kWh]                   601.5741       601.5741
Rel. to Ave. [-]                                1.0000
ISFC (tr.f.) [g/kWh]           450.7051       450.7051
BSFC [g/kWh]                   753.3934       753.3934
Indicated Eff. [-]               0.1836         0.1836
Iso vol. comb. Eff [-]           0.9664         0.9664
Polytropic Coeff. [-]                           1.2982

Fuel Mass Balance:
------------------
Inj. Fuelmass [g]              0.000000       0.000000
Asp.Trap. Fuelmass [g]         0.003783       0.003783
Fuelmassfl.(A+I) [g/s]         0.252454       0.252454
Fuelmass tot.trap. [g]         0.003783       0.003783
Trapped Fuelm.fl.[g/s]         0.189141       0.189141
Trapp. Eff. Fuel [-]             0.7492         0.7492

Energy Balance Cylinder:
------------------------
Fuel Energy [kJ]                0.16461        0.16461
Released Energy [kJ]            0.16438        0.16438
-> Brake Power     [%]           14.678         14.678
-> Loss: Friction  [%]            3.376          3.376
-> Loss: Piston    [%]            6.120          6.120
-> Loss: Head      [%]            8.098          8.098
-> Loss: Liner     [%]            2.265          2.265
-> Loss: Int. Port [%]            0.000          0.000
-> Loss: Exh. Port [%]            0.000          0.000
-> Loss: Exh. Gas  [%]           65.069         65.069
Eff. Rel. Energy [kJ]           0.08098        0.08098
Gross Rel. Energy [kJ]          0.16438        0.16438
Eff.Gross Rel.Ener.[kJ]         0.08098        0.08098
Energy Balance [-]               0.9986         0.9986
Eff. Energy Balance [-]          0.4920         0.4920

Blowby:
-------
Blowbymass [g]                 0.000000       0.000000
Blowbymassfl. [g/s]            0.000000       0.000000
Blowby Heat Flow [kJ]          0.000000       0.000000

Reference Values at Start of High Pressure:
-------------------------------------------
Pressure at SHP[bar]             1.1029         1.1029
Temperature [K]                  392.94         392.94
Air Massfl.  [g/s]             2.206753       2.206753
Fuel Massfl. [g/s]             0.252454       0.252454
Trapp. Eff. Air [-]              0.7492         0.7492
Trapp. Eff.Fuel [-]              0.7492         0.7492
A/F-Ratio (Cmb.) [-]               8.74           8.74
Excess Air Ratio [-]             0.6028         0.6028

Reference Values at Start Of Combustion:
----------------------------------------
Pressure [bar]                  14.5783        14.5783
Temperature [K]                  707.33         707.33

Residual Gas:
-------------
Res.gas content [-]              0.1498         0.1498
External EGR [-]                -0.0000        -0.0000
Internal EGR [-]                 0.1498         0.1498
Com.Prod.Mass. at EO [g]       0.043300       0.043300
Res.gas mass at SHP [g]        0.006491       0.006491
Res.gas aspirated IN [g]      -0.000000      -0.000000
Res.gas from intake [g]        0.000009       0.000009
Rel. to Total [-]                0.0014         0.0014
Res.gas flow EX [g]            0.036810       0.036810
Res.gas from exhaust [g]       0.000000       0.000000
Rel. to Total [-]                0.0000         0.0000

Gas Exchange:
-------------
Volumetric Eff. [-]              0.5863         0.5863
Rel. to Ave. [-]                                1.0000
Total Mass at SHP[g]             0.0433         0.0433
Mass Delivered [g]              0.04918        0.04918
Mass Delivered [g/s]            2.45921        2.45921
Delivery Ratio [-]               0.8720         0.8720
Rel. to Ave. [-]                                1.0000
Av.Airmass at SHP[g]             0.0331         0.0331
Air Delivered [g]               0.04414        0.04414
Air Delivered [g/s]             2.20675        2.20675
Airdeliveryratio [-]             0.7825         0.7825
Rel. to Ave. [-]                                1.0000
Airmass Trapped [g]             0.03307        0.03307
Airmass Trapped [g/s]           1.65333        1.65333
Trapp. Eff. Air [-]              0.7492         0.7492
Rel. to Ave. [-]                                1.0000
Airpurity [-]                    0.7629         0.7629
Dyn. Swirl [-]                   0.0000         0.0000
Dyn. Tumble [-]                  0.0000         0.0000

Wall Heatlosses:
----------------
Piston [kJ]                     -0.0101        -0.0101
Piston Temperature [K]                          570.00
Cylinderhead [kJ]              -0.01331       -0.01331
Head Temperature [K]                            500.00
Cylinderliner [kJ]             -0.00372       -0.00372
LinerTDC Temperature [K]                        470.00
LinerBDC Temperature [K]                        390.00
Sum of Wallheat [kJ]           -0.02710       -0.02710
Wall Heatlosses in High Pressure Phase:
Piston HP [kJ]                 -0.01003       -0.01003
Cylinderhead HP [kJ]           -0.01308       -0.01308
Cylinderliner HP [kJ]          -0.00304       -0.00304
Sum of Wallheat HP [kJ]        -0.02616       -0.02616
Wall Heatlosses Related to Heatinput:
Piston [-]                      -0.0611        -0.0611
Cylinderhead [-]                -0.0809        -0.0809
Cylinderliner [-]               -0.0226        -0.0226
Sum of Wallheat [-]             -0.1647        -0.1647
M. Eff. HTC [W/m2/K]             319.78         319.78
M. Eff. Temp. [K]               1253.68        1253.68

Reference Values at EO:
-----------------------
Pressure [bar]                     3.37           3.37
Temperature [K]                 1028.12        1028.12
A/F-Ratio [-]                      8.74           8.74
Com.Prod.Conc. [-]              0.99916        0.99916
Fuel Concentr. [-]             0.000087       0.000087

Average Values of Pipeattachements:
-----------------------------------
 Attached Pipe                                       2
Vlv/Prt.Op.Eff.0mm[deg]                         138.76
Vlv/Prt.Cl.Eff.0mm[deg]                         221.38
Massflow [g/cycle]                            0.049184
Wallheat [kJ/cycle]                           0.000000
 Attached Pipe                                       3
Vlv/Prt.Op.Eff.0mm[deg]                         114.53
Vlv/Prt.Cl.Eff.0mm[deg]                         245.02
Massflow [g/cycle]                            0.049182
Wallheat [kJ/cycle]                           0.000000

FLOWRESTRICTIONS: Average Values
--------------------------------
 Flr. Att.Pi.  Massflow  Att.Pi.  Massflow
  nr.  number [g/cycle]   number [g/cycle]
    1       3    0.0492        6    0.0492

ROTARYVALVES: Average Values
----------------------------
 RVl. Att.Pi.  Massflow  Att.Pi.  Massflow
  nr.  number [g/cycle]   number [g/cycle]
    1       4    0.0492        5    0.0492

FUELINJECTORS: Average Values
-----------------------------
 Inj. Att.Pi.  Massflow  Att.Pi.  Massflow Added Fuel
  nr.  number [g/cycle]   number [g/cycle]  [g/cycle]
    1       1    0.0441        4    0.0492     0.0051

OVERALL ENGINE PERFORMANCE:
===========================

Indicated Torque          :      4.81 Nm                    Indicated Specific Torque :     99.66 Nm/l
Indicated Power           :      1.51 kW,         2.05 PS   Indicated Specific Power  :     31.31 kW/l,      42.57 PS/l
Auxiliary Drives Torque   :      0.09 Nm                    Auxiliary Drives Power    :      0.03 kW
Friction Torque           :      0.88 Nm                    Friction Power            :      0.28 kW
Effective Torque          :      3.84 Nm                    Effective Specific Torque :     79.57 Nm/l
Effective Power           :      1.21 kW,         1.64 PS   Effective Specific Power  :     25.00 kW/l,      33.99 PS/l

Required time for reading the inputfile and initialisation:       0.05 min
Required time for the calculation: .........................      0.18 min
Required time for writing the outputfile: ..................      0.00 min
Required total time: .......................................      0.24 min
Required total CPU-time: ...................................     11.29 sec
